#
# There is insufficient memory for the Java Runtime Environment to continue.
# Native memory allocation (malloc) failed to allocate 799936 bytes. Error detail: Chunk::new
# Possible reasons:
#   The system is out of physical RAM or swap space
#   This process is running with CompressedOops enabled, and the Java Heap may be blocking the growth of the native heap
# Possible solutions:
#   Reduce memory load on the system
#   Increase physical memory or swap space
#   Check if swap backing store is full
#   Decrease Java heap size (-Xmx/-Xms)
#   Decrease number of Java threads
#   Decrease Java thread stack sizes (-Xss)
#   Set larger code cache with -XX:ReservedCodeCacheSize=
#   JVM is running with Unscaled Compressed Oops mode in which the Java heap is
#     placed in the first 4GB address space. The Java Heap base address is the
#     maximum limit for the native heap growth. Please use -XX:HeapBaseMinAddress
#     to set the Java Heap base and to place the Java Heap above 4GB virtual address.
# This output file may be truncated or incomplete.
#
#  Out of Memory Error (arena.cpp:191), pid=1976, tid=27132
#
# JRE version: OpenJDK Runtime Environment Microsoft-11369865 (17.0.15+6) (build 17.0.15+6-LTS)
# Java VM: OpenJDK 64-Bit Server VM Microsoft-11369865 (17.0.15+6-LTS, mixed mode, sharing, tiered, compressed oops, compressed class ptrs, g1 gc, windows-amd64)
# No core dump will be written. Minidumps are not enabled by default on client versions of Windows
#

---------------  S U M M A R Y ------------

Command Line: -XX:MaxMetaspaceSize=512m --add-opens=java.base/java.util=ALL-UNNAMED --add-opens=java.base/java.lang=ALL-UNNAMED --add-opens=java.base/java.lang.invoke=ALL-UNNAMED --add-opens=java.prefs/java.util.prefs=ALL-UNNAMED --add-opens=java.base/java.nio.charset=ALL-UNNAMED --add-opens=java.base/java.net=ALL-UNNAMED --add-opens=java.base/java.util.concurrent.atomic=ALL-UNNAMED -Xmx2048m -Dfile.encoding=utf8 -Duser.country=US -Duser.language=en -Duser.variant org.gradle.launcher.daemon.bootstrap.GradleDaemon 8.0.1

Host: 13th Gen Intel(R) Core(TM) i7-1355U, 12 cores, 15G,  Windows 11 , 64 bit Build 22621 (10.0.22621.5262)
Time: Mon Jun  2 17:57:00 2025 South Africa Standard Time elapsed time: 41.691464 seconds (0d 0h 0m 41s)

---------------  T H R E A D  ---------------

Current thread (0x0000024d260b04d0):  JavaThread "C2 CompilerThread2" daemon [_thread_in_native, id=27132, stack(0x000000ea4c300000,0x000000ea4c400000)]


Current CompileTask:
C2:  41691 7365 %     4       org.gradle.internal.instantiation.generator.AbstractClassGenerator::inspectType @ 107 (560 bytes)

Stack: [0x000000ea4c300000,0x000000ea4c400000]
Native frames: (J=compiled Java code, j=interpreted, Vv=VM code, C=native code)
V  [jvm.dll+0x6887a9]
V  [jvm.dll+0x83f5a8]
V  [jvm.dll+0x841053]
V  [jvm.dll+0x8416c3]
V  [jvm.dll+0x2496ef]
V  [jvm.dll+0xad134]
V  [jvm.dll+0xad7cc]
V  [jvm.dll+0x36af2e]
V  [jvm.dll+0x1bccc2]
V  [jvm.dll+0x21aa7c]
V  [jvm.dll+0x219d3f]
V  [jvm.dll+0x1a55f6]
V  [jvm.dll+0x22a39a]
V  [jvm.dll+0x2284db]
V  [jvm.dll+0x7f4e28]
V  [jvm.dll+0x7ef2dc]
V  [jvm.dll+0x687687]
C  [ucrtbase.dll+0x29333]
C  [KERNEL32.DLL+0x1259d]
C  [ntdll.dll+0x5af58]


---------------  P R O C E S S  ---------------

Threads class SMR info:
_java_thread_list=0x0000024d28ec17f0, length=78, elements={
0x0000024d668a5080, 0x0000024d7f1d6370, 0x0000024d7f1d8110, 0x0000024d7f1eebf0,
0x0000024d7f1f28e0, 0x0000024d7f1f31b0, 0x0000024d7f1f3a80, 0x0000024d7f1f4680,
0x0000024d7f1f5040, 0x0000024d7f1f7960, 0x0000024d7f33b060, 0x0000024d7f33c520,
0x0000024d262bb640, 0x0000024d264afab0, 0x0000024d2616a2b0, 0x0000024d2616c620,
0x0000024d2616a7c0, 0x0000024d2616cb30, 0x0000024d2616d040, 0x0000024d2616da60,
0x0000024d2616d550, 0x0000024d2616b6f0, 0x0000024d2616acd0, 0x0000024d2616b1e0,
0x0000024d2616c110, 0x0000024d28fa5330, 0x0000024d28fa80c0, 0x0000024d28fa39e0,
0x0000024d28fa4910, 0x0000024d28fa7bb0, 0x0000024d28fa2fc0, 0x0000024d28fa7190,
0x0000024d28fa6770, 0x0000024d28fa85d0, 0x0000024d28fa25a0, 0x0000024d28fa3ef0,
0x0000024d28fa2ab0, 0x0000024d28fa8ae0, 0x0000024d28fa4e20, 0x0000024d28fa1670,
0x0000024d28fa5840, 0x0000024d28fa1b80, 0x0000024d28fa5d50, 0x0000024d28fa2090,
0x0000024d28fa6260, 0x0000024d26b35730, 0x0000024d26b333c0, 0x0000024d26b37080,
0x0000024d26b384c0, 0x0000024d26b35c40, 0x0000024d26b36150, 0x0000024d26b35220,
0x0000024d26b37590, 0x0000024d26b36660, 0x0000024d26b389d0, 0x0000024d26b38ee0,
0x0000024d26b36b70, 0x0000024d26b393f0, 0x0000024d26b39e10, 0x0000024d26b3ad40,
0x0000024d26b3a830, 0x0000024d26b37fb0, 0x0000024d26b338d0, 0x0000024d26b33de0,
0x0000024d26b37aa0, 0x0000024d26b342f0, 0x0000024d26b34800, 0x0000024d26b39900,
0x0000024d26b3a320, 0x0000024d26b34d10, 0x0000024d27f98160, 0x0000024d27f995a0,
0x0000024d27f949b0, 0x0000024d27f99ab0, 0x0000024d27f97740, 0x0000024d27f93f90,
0x0000024d260acfb0, 0x0000024d260b04d0
}

Java Threads: ( => current thread )
  0x0000024d668a5080 JavaThread "main" [_thread_blocked, id=13152, stack(0x000000ea46300000,0x000000ea46400000)]
  0x0000024d7f1d6370 JavaThread "Reference Handler" daemon [_thread_blocked, id=26864, stack(0x000000ea46a00000,0x000000ea46b00000)]
  0x0000024d7f1d8110 JavaThread "Finalizer" daemon [_thread_blocked, id=20268, stack(0x000000ea46b00000,0x000000ea46c00000)]
  0x0000024d7f1eebf0 JavaThread "Signal Dispatcher" daemon [_thread_blocked, id=28500, stack(0x000000ea46c00000,0x000000ea46d00000)]
  0x0000024d7f1f28e0 JavaThread "Attach Listener" daemon [_thread_blocked, id=29264, stack(0x000000ea46d00000,0x000000ea46e00000)]
  0x0000024d7f1f31b0 JavaThread "Service Thread" daemon [_thread_blocked, id=27900, stack(0x000000ea46e00000,0x000000ea46f00000)]
  0x0000024d7f1f3a80 JavaThread "Monitor Deflation Thread" daemon [_thread_blocked, id=18468, stack(0x000000ea46f00000,0x000000ea47000000)]
  0x0000024d7f1f4680 JavaThread "C2 CompilerThread0" daemon [_thread_in_native, id=19192, stack(0x000000ea47000000,0x000000ea47100000)]
  0x0000024d7f1f5040 JavaThread "C1 CompilerThread0" daemon [_thread_blocked, id=8328, stack(0x000000ea47100000,0x000000ea47200000)]
  0x0000024d7f1f7960 JavaThread "Sweeper thread" daemon [_thread_blocked, id=2824, stack(0x000000ea47200000,0x000000ea47300000)]
  0x0000024d7f33b060 JavaThread "Common-Cleaner" daemon [_thread_blocked, id=25392, stack(0x000000ea47300000,0x000000ea47400000)]
  0x0000024d7f33c520 JavaThread "Notification Thread" daemon [_thread_blocked, id=17656, stack(0x000000ea47400000,0x000000ea47500000)]
  0x0000024d262bb640 JavaThread "Daemon health stats" [_thread_blocked, id=28844, stack(0x000000ea47d00000,0x000000ea47e00000)]
  0x0000024d264afab0 JavaThread "Incoming local TCP Connector on port 60448" [_thread_in_native, id=25592, stack(0x000000ea47600000,0x000000ea47700000)]
  0x0000024d2616a2b0 JavaThread "Daemon periodic checks" [_thread_blocked, id=12372, stack(0x000000ea47700000,0x000000ea47800000)]
  0x0000024d2616c620 JavaThread "Daemon" [_thread_blocked, id=22308, stack(0x000000ea47f00000,0x000000ea48000000)]
  0x0000024d2616a7c0 JavaThread "Handler for socket connection from /127.0.0.1:60448 to /127.0.0.1:60449" [_thread_in_native, id=20576, stack(0x000000ea48000000,0x000000ea48100000)]
  0x0000024d2616cb30 JavaThread "Cancel handler" [_thread_blocked, id=29268, stack(0x000000ea48100000,0x000000ea48200000)]
  0x0000024d2616d040 JavaThread "Daemon worker" [_thread_in_native, id=6428, stack(0x000000ea48200000,0x000000ea48300000)]
  0x0000024d2616da60 JavaThread "Asynchronous log dispatcher for DefaultDaemonConnection: socket connection from /127.0.0.1:60448 to /127.0.0.1:60449" [_thread_blocked, id=25488, stack(0x000000ea48300000,0x000000ea48400000)]
  0x0000024d2616d550 JavaThread "Stdin handler" [_thread_blocked, id=29680, stack(0x000000ea48400000,0x000000ea48500000)]
  0x0000024d2616b6f0 JavaThread "Daemon client event forwarder" [_thread_blocked, id=27344, stack(0x000000ea48500000,0x000000ea48600000)]
  0x0000024d2616acd0 JavaThread "Cache worker for journal cache (C:\Users\STUDENT\.gradle\caches\journal-1)" [_thread_blocked, id=30152, stack(0x000000ea47e00000,0x000000ea47f00000)]
  0x0000024d2616b1e0 JavaThread "File lock request listener" [_thread_in_native, id=29348, stack(0x000000ea48600000,0x000000ea48700000)]
  0x0000024d2616c110 JavaThread "Cache worker for file hash cache (C:\Users\STUDENT\.gradle\caches\8.0.1\fileHashes)" [_thread_blocked, id=21736, stack(0x000000ea48700000,0x000000ea48800000)]
  0x0000024d28fa5330 JavaThread "File watcher server" daemon [_thread_in_native, id=28556, stack(0x000000ea48a00000,0x000000ea48b00000)]
  0x0000024d28fa80c0 JavaThread "File watcher consumer" daemon [_thread_blocked, id=22888, stack(0x000000ea48b00000,0x000000ea48c00000)]
  0x0000024d28fa39e0 JavaThread "jar transforms" [_thread_blocked, id=24532, stack(0x000000ea48c00000,0x000000ea48d00000)]
  0x0000024d28fa4910 JavaThread "jar transforms Thread 2" [_thread_blocked, id=14048, stack(0x000000ea48d00000,0x000000ea48e00000)]
  0x0000024d28fa7bb0 JavaThread "jar transforms Thread 3" [_thread_blocked, id=16412, stack(0x000000ea48e00000,0x000000ea48f00000)]
  0x0000024d28fa2fc0 JavaThread "Cache worker for checksums cache (C:\Users\STUDENT\Desktop\kit-wa\mobile\android\.gradle\8.0.1\checksums)" [_thread_blocked, id=2620, stack(0x000000ea48900000,0x000000ea48a00000)]
  0x0000024d28fa7190 JavaThread "Cache worker for cache directory md-rule (C:\Users\STUDENT\.gradle\caches\8.0.1\md-rule)" [_thread_blocked, id=22008, stack(0x000000ea49500000,0x000000ea49600000)]
  0x0000024d28fa6770 JavaThread "Cache worker for file content cache (C:\Users\STUDENT\.gradle\caches\8.0.1\fileContent)" [_thread_blocked, id=30556, stack(0x000000ea49600000,0x000000ea49700000)]
  0x0000024d28fa85d0 JavaThread "Cache worker for file hash cache (C:\Users\STUDENT\Desktop\kit-wa\mobile\android\.gradle\8.0.1\fileHashes)" [_thread_blocked, id=22668, stack(0x000000ea49700000,0x000000ea49800000)]
  0x0000024d28fa25a0 JavaThread "Cache worker for cache directory md-supplier (C:\Users\STUDENT\.gradle\caches\8.0.1\md-supplier)" [_thread_blocked, id=7064, stack(0x000000ea49800000,0x000000ea49900000)]
  0x0000024d28fa3ef0 JavaThread "Cache worker for execution history cache (C:\Users\STUDENT\.gradle\caches\8.0.1\executionHistory)" [_thread_blocked, id=29300, stack(0x000000ea49900000,0x000000ea49a00000)]
  0x0000024d28fa2ab0 JavaThread "jar transforms Thread 4" [_thread_blocked, id=17616, stack(0x000000ea49a00000,0x000000ea49b00000)]
  0x0000024d28fa8ae0 JavaThread "jar transforms Thread 5" [_thread_blocked, id=27176, stack(0x000000ea49b00000,0x000000ea49c00000)]
  0x0000024d28fa4e20 JavaThread "jar transforms Thread 6" [_thread_blocked, id=10424, stack(0x000000ea49d00000,0x000000ea49e00000)]
  0x0000024d28fa1670 JavaThread "jar transforms Thread 7" [_thread_blocked, id=11348, stack(0x000000ea49e00000,0x000000ea49f00000)]
  0x0000024d28fa5840 JavaThread "jar transforms Thread 8" [_thread_blocked, id=14656, stack(0x000000ea49f00000,0x000000ea4a000000)]
  0x0000024d28fa1b80 JavaThread "jar transforms Thread 9" [_thread_blocked, id=24384, stack(0x000000ea4a000000,0x000000ea4a100000)]
  0x0000024d28fa5d50 JavaThread "jar transforms Thread 10" [_thread_blocked, id=11980, stack(0x000000ea4a100000,0x000000ea4a200000)]
  0x0000024d28fa2090 JavaThread "jar transforms Thread 11" [_thread_blocked, id=14500, stack(0x000000ea4a200000,0x000000ea4a300000)]
  0x0000024d28fa6260 JavaThread "jar transforms Thread 12" [_thread_blocked, id=8656, stack(0x000000ea4a300000,0x000000ea4a400000)]
  0x0000024d26b35730 JavaThread "Cache worker for kotlin-dsl (C:\Users\STUDENT\.gradle\caches\8.0.1\kotlin-dsl)" [_thread_blocked, id=19564, stack(0x000000ea49c00000,0x000000ea49d00000)]
  0x0000024d26b333c0 JavaThread "Cache worker for dependencies-accessors (C:\Users\STUDENT\Desktop\kit-wa\mobile\android\.gradle\8.0.1\dependencies-accessors)" [_thread_blocked, id=5104, stack(0x000000ea4a400000,0x000000ea4a500000)]
  0x0000024d26b37080 JavaThread "Cache worker for Build Output Cleanup Cache (C:\Users\STUDENT\Desktop\kit-wa\mobile\android\.gradle\buildOutputCleanup)" [_thread_blocked, id=28816, stack(0x000000ea4a600000,0x000000ea4a700000)]
  0x0000024d26b384c0 JavaThread "Cache worker for Build Output Cleanup Cache (C:\Users\STUDENT\Desktop\kit-wa\mobile\node_modules\@react-native\gradle-plugin\.gradle\buildOutputCleanup)" [_thread_blocked, id=16548, stack(0x000000ea4a900000,0x000000ea4aa00000)]
  0x0000024d26b35c40 JavaThread "Unconstrained build operations" [_thread_blocked, id=10896, stack(0x000000ea4a500000,0x000000ea4a600000)]
  0x0000024d26b36150 JavaThread "Unconstrained build operations Thread 2" [_thread_blocked, id=8224, stack(0x000000ea4aa00000,0x000000ea4ab00000)]
  0x0000024d26b35220 JavaThread "Unconstrained build operations Thread 3" [_thread_blocked, id=16752, stack(0x000000ea4ab00000,0x000000ea4ac00000)]
  0x0000024d26b37590 JavaThread "Unconstrained build operations Thread 4" [_thread_blocked, id=26768, stack(0x000000ea4ac00000,0x000000ea4ad00000)]
  0x0000024d26b36660 JavaThread "Unconstrained build operations Thread 5" [_thread_blocked, id=25172, stack(0x000000ea4ad00000,0x000000ea4ae00000)]
  0x0000024d26b389d0 JavaThread "Unconstrained build operations Thread 6" [_thread_blocked, id=24260, stack(0x000000ea4ae00000,0x000000ea4af00000)]
  0x0000024d26b38ee0 JavaThread "Unconstrained build operations Thread 7" [_thread_blocked, id=15088, stack(0x000000ea4af00000,0x000000ea4b000000)]
  0x0000024d26b36b70 JavaThread "Unconstrained build operations Thread 8" [_thread_blocked, id=10064, stack(0x000000ea4b000000,0x000000ea4b100000)]
  0x0000024d26b393f0 JavaThread "Unconstrained build operations Thread 9" [_thread_blocked, id=6968, stack(0x000000ea4b100000,0x000000ea4b200000)]
  0x0000024d26b39e10 JavaThread "Unconstrained build operations Thread 10" [_thread_blocked, id=26384, stack(0x000000ea4b200000,0x000000ea4b300000)]
  0x0000024d26b3ad40 JavaThread "Unconstrained build operations Thread 11" [_thread_blocked, id=24700, stack(0x000000ea4b300000,0x000000ea4b400000)]
  0x0000024d26b3a830 JavaThread "Unconstrained build operations Thread 12" [_thread_blocked, id=8144, stack(0x000000ea4b400000,0x000000ea4b500000)]
  0x0000024d26b37fb0 JavaThread "Unconstrained build operations Thread 13" [_thread_blocked, id=27320, stack(0x000000ea4b500000,0x000000ea4b600000)]
  0x0000024d26b338d0 JavaThread "Unconstrained build operations Thread 14" [_thread_blocked, id=17636, stack(0x000000ea4b600000,0x000000ea4b700000)]
  0x0000024d26b33de0 JavaThread "Unconstrained build operations Thread 15" [_thread_blocked, id=27092, stack(0x000000ea4b700000,0x000000ea4b800000)]
  0x0000024d26b37aa0 JavaThread "Unconstrained build operations Thread 16" [_thread_blocked, id=10292, stack(0x000000ea4b800000,0x000000ea4b900000)]
  0x0000024d26b342f0 JavaThread "Unconstrained build operations Thread 17" [_thread_blocked, id=15744, stack(0x000000ea4b900000,0x000000ea4ba00000)]
  0x0000024d26b34800 JavaThread "Unconstrained build operations Thread 18" [_thread_blocked, id=24660, stack(0x000000ea4ba00000,0x000000ea4bb00000)]
  0x0000024d26b39900 JavaThread "Unconstrained build operations Thread 19" [_thread_blocked, id=17240, stack(0x000000ea4bb00000,0x000000ea4bc00000)]
  0x0000024d26b3a320 JavaThread "Unconstrained build operations Thread 20" [_thread_blocked, id=16596, stack(0x000000ea4bc00000,0x000000ea4bd00000)]
  0x0000024d26b34d10 JavaThread "Unconstrained build operations Thread 21" [_thread_blocked, id=14432, stack(0x000000ea4bd00000,0x000000ea4be00000)]
  0x0000024d27f98160 JavaThread "Unconstrained build operations Thread 22" [_thread_blocked, id=9600, stack(0x000000ea4be00000,0x000000ea4bf00000)]
  0x0000024d27f995a0 JavaThread "Unconstrained build operations Thread 23" [_thread_blocked, id=12384, stack(0x000000ea4bf00000,0x000000ea4c000000)]
  0x0000024d27f949b0 JavaThread "Unconstrained build operations Thread 24" [_thread_blocked, id=9972, stack(0x000000ea4c000000,0x000000ea4c100000)]
  0x0000024d27f99ab0 JavaThread "Unconstrained build operations Thread 25" [_thread_blocked, id=2712, stack(0x000000ea4c100000,0x000000ea4c200000)]
  0x0000024d27f97740 JavaThread "Unconstrained build operations Thread 26" [_thread_blocked, id=4436, stack(0x000000ea4c200000,0x000000ea4c300000)]
  0x0000024d27f93f90 JavaThread "Memory manager" [_thread_blocked, id=24892, stack(0x000000ea4c400000,0x000000ea4c500000)]
  0x0000024d260acfb0 JavaThread "C2 CompilerThread1" daemon [_thread_in_native, id=20100, stack(0x000000ea48800000,0x000000ea48900000)]
=>0x0000024d260b04d0 JavaThread "C2 CompilerThread2" daemon [_thread_in_native, id=27132, stack(0x000000ea4c300000,0x000000ea4c400000)]

Other Threads:
  0x0000024d7f1d3230 VMThread "VM Thread" [stack: 0x000000ea46900000,0x000000ea46a00000] [id=16328]
  0x0000024d7f33ee20 WatcherThread [stack: 0x000000ea47500000,0x000000ea47600000] [id=18024]
  0x0000024d669007b0 GCTaskThread "GC Thread#0" [stack: 0x000000ea46400000,0x000000ea46500000] [id=21548]
  0x0000024d25457d50 GCTaskThread "GC Thread#1" [stack: 0x000000ea47800000,0x000000ea47900000] [id=14604]
  0x0000024d25592660 GCTaskThread "GC Thread#2" [stack: 0x000000ea47900000,0x000000ea47a00000] [id=5288]
  0x0000024d7faf2ee0 GCTaskThread "GC Thread#3" [stack: 0x000000ea47a00000,0x000000ea47b00000] [id=5364]
  0x0000024d7faf31a0 GCTaskThread "GC Thread#4" [stack: 0x000000ea47b00000,0x000000ea47c00000] [id=28096]
  0x0000024d7faf4ca0 GCTaskThread "GC Thread#5" [stack: 0x000000ea47c00000,0x000000ea47d00000] [id=21700]
  0x0000024d26d2a3d0 GCTaskThread "GC Thread#6" [stack: 0x000000ea48f00000,0x000000ea49000000] [id=21808]
  0x0000024d2911c580 GCTaskThread "GC Thread#7" [stack: 0x000000ea49000000,0x000000ea49100000] [id=7024]
  0x0000024d2797ea60 GCTaskThread "GC Thread#8" [stack: 0x000000ea49100000,0x000000ea49200000] [id=1568]
  0x0000024d2797e4e0 GCTaskThread "GC Thread#9" [stack: 0x000000ea49200000,0x000000ea49300000] [id=26688]
  0x0000024d66911610 ConcurrentGCThread "G1 Main Marker" [stack: 0x000000ea46500000,0x000000ea46600000] [id=13276]
  0x0000024d66915700 ConcurrentGCThread "G1 Conc#0" [stack: 0x000000ea46600000,0x000000ea46700000] [id=19020]
  0x0000024d2797f560 ConcurrentGCThread "G1 Conc#1" [stack: 0x000000ea49300000,0x000000ea49400000] [id=5448]
  0x0000024d2797e7a0 ConcurrentGCThread "G1 Conc#2" [stack: 0x000000ea49400000,0x000000ea49500000] [id=1920]
  0x0000024d6694ec80 ConcurrentGCThread "G1 Refine#0" [stack: 0x000000ea46700000,0x000000ea46800000] [id=23540]
  0x0000024d7f08e090 ConcurrentGCThread "G1 Service" [stack: 0x000000ea46800000,0x000000ea46900000] [id=21692]

Threads with active compile tasks:
C2 CompilerThread0    41730 7464       4       org.gradle.internal.reflect.MethodSet::add (50 bytes)
C2 CompilerThread1    41730 7552   !   4       org.gradle.internal.serialize.kryo.KryoBackedDecoder::readNullableString (15 bytes)
C2 CompilerThread2    41731 7365 %     4       org.gradle.internal.instantiation.generator.AbstractClassGenerator::inspectType @ 107 (560 bytes)

VM state: not at safepoint (normal execution)

VM Mutex/Monitor currently owned by a thread: None

Heap address: 0x0000000080000000, size: 2048 MB, Compressed Oops mode: 32-bit

CDS archive(s) mapped at: [0x0000024d06000000-0x0000024d06bb0000-0x0000024d06bb0000), size 12255232, SharedBaseAddress: 0x0000024d06000000, ArchiveRelocationMode: 1.
Compressed class space mapped at: 0x0000024d07000000-0x0000024d21000000, reserved size: 436207616
Narrow klass base: 0x0000024d06000000, Narrow klass shift: 0, Narrow klass range: 0x100000000

GC Precious Log:
 CPUs: 12 total, 12 available
 Memory: 16016M
 Large Page Support: Disabled
 NUMA Support: Disabled
 Compressed Oops: Enabled (32-bit)
 Heap Region Size: 1M
 Heap Min Capacity: 8M
 Heap Initial Capacity: 252M
 Heap Max Capacity: 2G
 Pre-touch: Disabled
 Parallel Workers: 10
 Concurrent Workers: 3
 Concurrent Refinement Workers: 10
 Periodic GC: Disabled

Heap:
 garbage-first heap   total 106496K, used 78923K [0x0000000080000000, 0x0000000100000000)
  region size 1024K, 24 young (24576K), 4 survivors (4096K)
 Metaspace       used 61903K, committed 62720K, reserved 491520K
  class space    used 8668K, committed 9024K, reserved 425984K

Heap Regions: E=young(eden), S=young(survivor), O=old, HS=humongous(starts), HC=humongous(continues), CS=collection set, F=free, OA=open archive, CA=closed archive, TAMS=top-at-mark-start (previous, next)
|   0|0x0000000080000000, 0x0000000080100000, 0x0000000080100000|100%|HS|  |TAMS 0x0000000080100000, 0x0000000080000000| Complete 
|   1|0x0000000080100000, 0x0000000080200000, 0x0000000080200000|100%|HC|  |TAMS 0x0000000080200000, 0x0000000080100000| Complete 
|   2|0x0000000080200000, 0x0000000080300000, 0x0000000080300000|100%|HC|  |TAMS 0x0000000080300000, 0x0000000080200000| Complete 
|   3|0x0000000080300000, 0x0000000080400000, 0x0000000080400000|100%|HC|  |TAMS 0x0000000080400000, 0x0000000080300000| Complete 
|   4|0x0000000080400000, 0x0000000080500000, 0x0000000080500000|100%| O|  |TAMS 0x0000000080500000, 0x0000000080400000| Untracked 
|   5|0x0000000080500000, 0x0000000080600000, 0x0000000080600000|100%| O|  |TAMS 0x0000000080600000, 0x0000000080500000| Untracked 
|   6|0x0000000080600000, 0x0000000080700000, 0x0000000080700000|100%| O|  |TAMS 0x0000000080700000, 0x0000000080600000| Untracked 
|   7|0x0000000080700000, 0x0000000080800000, 0x0000000080800000|100%| O|  |TAMS 0x0000000080800000, 0x0000000080700000| Untracked 
|   8|0x0000000080800000, 0x0000000080900000, 0x0000000080900000|100%| O|  |TAMS 0x0000000080900000, 0x0000000080800000| Untracked 
|   9|0x0000000080900000, 0x0000000080a00000, 0x0000000080a00000|100%| O|  |TAMS 0x0000000080a00000, 0x0000000080900000| Untracked 
|  10|0x0000000080a00000, 0x0000000080b00000, 0x0000000080b00000|100%| O|  |TAMS 0x0000000080b00000, 0x0000000080a00000| Untracked 
|  11|0x0000000080b00000, 0x0000000080b09c00, 0x0000000080c00000|  3%| O|  |TAMS 0x0000000080b09c00, 0x0000000080b00000| Untracked 
|  12|0x0000000080c00000, 0x0000000080d00000, 0x0000000080d00000|100%| O|  |TAMS 0x0000000080d00000, 0x0000000080c00000| Untracked 
|  13|0x0000000080d00000, 0x0000000080e00000, 0x0000000080e00000|100%| O|  |TAMS 0x0000000080e00000, 0x0000000080d00000| Untracked 
|  14|0x0000000080e00000, 0x0000000080f00000, 0x0000000080f00000|100%| O|  |TAMS 0x0000000080f00000, 0x0000000080e00000| Untracked 
|  15|0x0000000080f00000, 0x0000000081000000, 0x0000000081000000|100%| O|  |TAMS 0x0000000081000000, 0x0000000080f00000| Untracked 
|  16|0x0000000081000000, 0x0000000081100000, 0x0000000081100000|100%| O|  |TAMS 0x0000000081100000, 0x0000000081000000| Untracked 
|  17|0x0000000081100000, 0x0000000081200000, 0x0000000081200000|100%| O|  |TAMS 0x0000000081200000, 0x0000000081100000| Untracked 
|  18|0x0000000081200000, 0x0000000081300000, 0x0000000081300000|100%| O|  |TAMS 0x0000000081300000, 0x0000000081200000| Untracked 
|  19|0x0000000081300000, 0x0000000081400000, 0x0000000081400000|100%| O|  |TAMS 0x0000000081400000, 0x0000000081300000| Untracked 
|  20|0x0000000081400000, 0x0000000081500000, 0x0000000081500000|100%| O|  |TAMS 0x0000000081500000, 0x0000000081400000| Untracked 
|  21|0x0000000081500000, 0x0000000081600000, 0x0000000081600000|100%| O|  |TAMS 0x0000000081600000, 0x0000000081500000| Untracked 
|  22|0x0000000081600000, 0x0000000081700000, 0x0000000081700000|100%| O|  |TAMS 0x0000000081700000, 0x0000000081600000| Untracked 
|  23|0x0000000081700000, 0x0000000081800000, 0x0000000081800000|100%| O|  |TAMS 0x0000000081800000, 0x0000000081700000| Untracked 
|  24|0x0000000081800000, 0x0000000081900000, 0x0000000081900000|100%| O|  |TAMS 0x0000000081900000, 0x0000000081800000| Untracked 
|  25|0x0000000081900000, 0x0000000081a00000, 0x0000000081a00000|100%| O|  |TAMS 0x0000000081a00000, 0x0000000081900000| Untracked 
|  26|0x0000000081a00000, 0x0000000081b00000, 0x0000000081b00000|100%| O|  |TAMS 0x0000000081b00000, 0x0000000081a00000| Untracked 
|  27|0x0000000081b00000, 0x0000000081c00000, 0x0000000081c00000|100%| O|  |TAMS 0x0000000081c00000, 0x0000000081b00000| Untracked 
|  28|0x0000000081c00000, 0x0000000081d00000, 0x0000000081d00000|100%| O|  |TAMS 0x0000000081d00000, 0x0000000081c00000| Untracked 
|  29|0x0000000081d00000, 0x0000000081e00000, 0x0000000081e00000|100%| O|  |TAMS 0x0000000081e00000, 0x0000000081d00000| Untracked 
|  30|0x0000000081e00000, 0x0000000081f00000, 0x0000000081f00000|100%| O|  |TAMS 0x0000000081f00000, 0x0000000081e00000| Untracked 
|  31|0x0000000081f00000, 0x0000000082000000, 0x0000000082000000|100%| O|  |TAMS 0x0000000082000000, 0x0000000081f00000| Untracked 
|  32|0x0000000082000000, 0x0000000082100000, 0x0000000082100000|100%| O|  |TAMS 0x0000000082100000, 0x0000000082000000| Untracked 
|  33|0x0000000082100000, 0x0000000082200000, 0x0000000082200000|100%| O|  |TAMS 0x0000000082200000, 0x0000000082100000| Untracked 
|  34|0x0000000082200000, 0x0000000082300000, 0x0000000082300000|100%| O|  |TAMS 0x0000000082300000, 0x0000000082200000| Untracked 
|  35|0x0000000082300000, 0x0000000082400000, 0x0000000082400000|100%| O|  |TAMS 0x0000000082400000, 0x0000000082300000| Untracked 
|  36|0x0000000082400000, 0x0000000082500000, 0x0000000082500000|100%| O|  |TAMS 0x0000000082500000, 0x0000000082400000| Untracked 
|  37|0x0000000082500000, 0x0000000082600000, 0x0000000082600000|100%| O|  |TAMS 0x0000000082600000, 0x0000000082500000| Untracked 
|  38|0x0000000082600000, 0x0000000082700000, 0x0000000082700000|100%| O|  |TAMS 0x0000000082700000, 0x0000000082600000| Untracked 
|  39|0x0000000082700000, 0x0000000082800000, 0x0000000082800000|100%| O|  |TAMS 0x0000000082800000, 0x0000000082700000| Untracked 
|  40|0x0000000082800000, 0x0000000082900000, 0x0000000082900000|100%| O|  |TAMS 0x0000000082900000, 0x0000000082800000| Untracked 
|  41|0x0000000082900000, 0x0000000082a00000, 0x0000000082a00000|100%|HS|  |TAMS 0x0000000082a00000, 0x0000000082900000| Complete 
|  42|0x0000000082a00000, 0x0000000082b00000, 0x0000000082b00000|100%|HC|  |TAMS 0x0000000082b00000, 0x0000000082a00000| Complete 
|  43|0x0000000082b00000, 0x0000000082c00000, 0x0000000082c00000|100%| O|  |TAMS 0x0000000082c00000, 0x0000000082b00000| Untracked 
|  44|0x0000000082c00000, 0x0000000082d00000, 0x0000000082d00000|100%| O|  |TAMS 0x0000000082d00000, 0x0000000082c00000| Untracked 
|  45|0x0000000082d00000, 0x0000000082e00000, 0x0000000082e00000|100%|HS|  |TAMS 0x0000000082e00000, 0x0000000082d00000| Complete 
|  46|0x0000000082e00000, 0x0000000082f00000, 0x0000000082f00000|100%|HC|  |TAMS 0x0000000082f00000, 0x0000000082e00000| Complete 
|  47|0x0000000082f00000, 0x0000000083000000, 0x0000000083000000|100%|HC|  |TAMS 0x0000000083000000, 0x0000000082f00000| Complete 
|  48|0x0000000083000000, 0x0000000083100000, 0x0000000083100000|100%|HC|  |TAMS 0x0000000083100000, 0x0000000083000000| Complete 
|  49|0x0000000083100000, 0x0000000083200000, 0x0000000083200000|100%| O|  |TAMS 0x0000000083200000, 0x0000000083100000| Untracked 
|  50|0x0000000083200000, 0x0000000083300000, 0x0000000083300000|100%| O|  |TAMS 0x0000000083300000, 0x0000000083200000| Untracked 
|  51|0x0000000083300000, 0x0000000083400000, 0x0000000083400000|100%| O|  |TAMS 0x0000000083400000, 0x0000000083300000| Untracked 
|  52|0x0000000083400000, 0x0000000083500000, 0x0000000083500000|100%| O|  |TAMS 0x0000000083500000, 0x0000000083400000| Untracked 
|  53|0x0000000083500000, 0x0000000083600000, 0x0000000083600000|100%| O|  |TAMS 0x0000000083600000, 0x0000000083500000| Untracked 
|  54|0x0000000083600000, 0x0000000083700000, 0x0000000083700000|100%| O|  |TAMS 0x0000000083617e00, 0x0000000083600000| Untracked 
|  55|0x0000000083700000, 0x0000000083775800, 0x0000000083800000| 45%| O|  |TAMS 0x0000000083700000, 0x0000000083700000| Untracked 
|  56|0x0000000083800000, 0x0000000083800000, 0x0000000083900000|  0%| F|  |TAMS 0x0000000083800000, 0x0000000083800000| Untracked 
|  57|0x0000000083900000, 0x0000000083900000, 0x0000000083a00000|  0%| F|  |TAMS 0x0000000083900000, 0x0000000083900000| Untracked 
|  58|0x0000000083a00000, 0x0000000083a00000, 0x0000000083b00000|  0%| F|  |TAMS 0x0000000083a00000, 0x0000000083a00000| Untracked 
|  59|0x0000000083b00000, 0x0000000083b00000, 0x0000000083c00000|  0%| F|  |TAMS 0x0000000083b00000, 0x0000000083b00000| Untracked 
|  60|0x0000000083c00000, 0x0000000083c00000, 0x0000000083d00000|  0%| F|  |TAMS 0x0000000083c00000, 0x0000000083c00000| Untracked 
|  61|0x0000000083d00000, 0x0000000083d00000, 0x0000000083e00000|  0%| F|  |TAMS 0x0000000083d00000, 0x0000000083d00000| Untracked 
|  62|0x0000000083e00000, 0x0000000083e00000, 0x0000000083f00000|  0%| F|  |TAMS 0x0000000083e00000, 0x0000000083e00000| Untracked 
|  63|0x0000000083f00000, 0x0000000083f00000, 0x0000000084000000|  0%| F|  |TAMS 0x0000000083f00000, 0x0000000083f00000| Untracked 
|  64|0x0000000084000000, 0x0000000084000000, 0x0000000084100000|  0%| F|  |TAMS 0x0000000084000000, 0x0000000084000000| Untracked 
|  65|0x0000000084100000, 0x0000000084100000, 0x0000000084200000|  0%| F|  |TAMS 0x0000000084100000, 0x0000000084100000| Untracked 
|  66|0x0000000084200000, 0x0000000084200000, 0x0000000084300000|  0%| F|  |TAMS 0x0000000084200000, 0x0000000084200000| Untracked 
|  67|0x0000000084300000, 0x0000000084393b48, 0x0000000084400000| 57%| S|CS|TAMS 0x0000000084300000, 0x0000000084300000| Complete 
|  68|0x0000000084400000, 0x0000000084500000, 0x0000000084500000|100%| S|CS|TAMS 0x0000000084400000, 0x0000000084400000| Complete 
|  69|0x0000000084500000, 0x0000000084600000, 0x0000000084600000|100%| S|CS|TAMS 0x0000000084500000, 0x0000000084500000| Complete 
|  70|0x0000000084600000, 0x0000000084700000, 0x0000000084700000|100%| S|CS|TAMS 0x0000000084600000, 0x0000000084600000| Complete 
|  71|0x0000000084700000, 0x0000000084700000, 0x0000000084800000|  0%| F|  |TAMS 0x0000000084700000, 0x0000000084700000| Untracked 
|  72|0x0000000084800000, 0x0000000084800000, 0x0000000084900000|  0%| F|  |TAMS 0x0000000084800000, 0x0000000084800000| Untracked 
|  73|0x0000000084900000, 0x0000000084900000, 0x0000000084a00000|  0%| F|  |TAMS 0x0000000084900000, 0x0000000084900000| Untracked 
|  74|0x0000000084a00000, 0x0000000084a00000, 0x0000000084b00000|  0%| F|  |TAMS 0x0000000084a00000, 0x0000000084a00000| Untracked 
|  75|0x0000000084b00000, 0x0000000084b00000, 0x0000000084c00000|  0%| F|  |TAMS 0x0000000084b00000, 0x0000000084b00000| Untracked 
|  76|0x0000000084c00000, 0x0000000084c00000, 0x0000000084d00000|  0%| F|  |TAMS 0x0000000084c00000, 0x0000000084c00000| Untracked 
|  77|0x0000000084d00000, 0x0000000084d00000, 0x0000000084e00000|  0%| F|  |TAMS 0x0000000084d00000, 0x0000000084d00000| Untracked 
|  78|0x0000000084e00000, 0x0000000084e00000, 0x0000000084f00000|  0%| F|  |TAMS 0x0000000084e00000, 0x0000000084e00000| Untracked 
|  79|0x0000000084f00000, 0x0000000084f00000, 0x0000000085000000|  0%| F|  |TAMS 0x0000000084f00000, 0x0000000084f00000| Untracked 
|  80|0x0000000085000000, 0x0000000085000000, 0x0000000085100000|  0%| F|  |TAMS 0x0000000085000000, 0x0000000085000000| Untracked 
|  81|0x0000000085100000, 0x0000000085100000, 0x0000000085200000|  0%| F|  |TAMS 0x0000000085100000, 0x0000000085100000| Untracked 
|  82|0x0000000085200000, 0x0000000085200000, 0x0000000085300000|  0%| F|  |TAMS 0x0000000085200000, 0x0000000085200000| Untracked 
|  83|0x0000000085300000, 0x0000000085300000, 0x0000000085400000|  0%| F|  |TAMS 0x0000000085300000, 0x0000000085300000| Untracked 
|  84|0x0000000085400000, 0x0000000085460fd0, 0x0000000085500000| 37%| E|  |TAMS 0x0000000085400000, 0x0000000085400000| Complete 
|  85|0x0000000085500000, 0x0000000085600000, 0x0000000085600000|100%| E|CS|TAMS 0x0000000085500000, 0x0000000085500000| Complete 
|  86|0x0000000085600000, 0x0000000085700000, 0x0000000085700000|100%| E|CS|TAMS 0x0000000085600000, 0x0000000085600000| Complete 
|  87|0x0000000085700000, 0x0000000085800000, 0x0000000085800000|100%| E|CS|TAMS 0x0000000085700000, 0x0000000085700000| Complete 
|  88|0x0000000085800000, 0x0000000085900000, 0x0000000085900000|100%| E|CS|TAMS 0x0000000085800000, 0x0000000085800000| Complete 
| 135|0x0000000088700000, 0x0000000088800000, 0x0000000088800000|100%| E|CS|TAMS 0x0000000088700000, 0x0000000088700000| Complete 
| 136|0x0000000088800000, 0x0000000088900000, 0x0000000088900000|100%| E|CS|TAMS 0x0000000088800000, 0x0000000088800000| Complete 
| 137|0x0000000088900000, 0x0000000088a00000, 0x0000000088a00000|100%| E|CS|TAMS 0x0000000088900000, 0x0000000088900000| Complete 
| 138|0x0000000088a00000, 0x0000000088b00000, 0x0000000088b00000|100%| E|CS|TAMS 0x0000000088a00000, 0x0000000088a00000| Complete 
| 139|0x0000000088b00000, 0x0000000088c00000, 0x0000000088c00000|100%| E|CS|TAMS 0x0000000088b00000, 0x0000000088b00000| Complete 
| 140|0x0000000088c00000, 0x0000000088d00000, 0x0000000088d00000|100%| E|CS|TAMS 0x0000000088c00000, 0x0000000088c00000| Complete 
| 141|0x0000000088d00000, 0x0000000088e00000, 0x0000000088e00000|100%| E|CS|TAMS 0x0000000088d00000, 0x0000000088d00000| Complete 
| 142|0x0000000088e00000, 0x0000000088f00000, 0x0000000088f00000|100%| E|CS|TAMS 0x0000000088e00000, 0x0000000088e00000| Complete 
| 143|0x0000000088f00000, 0x0000000089000000, 0x0000000089000000|100%| E|CS|TAMS 0x0000000088f00000, 0x0000000088f00000| Complete 
| 144|0x0000000089000000, 0x0000000089100000, 0x0000000089100000|100%| E|CS|TAMS 0x0000000089000000, 0x0000000089000000| Complete 
| 145|0x0000000089100000, 0x0000000089200000, 0x0000000089200000|100%| E|CS|TAMS 0x0000000089100000, 0x0000000089100000| Complete 
| 146|0x0000000089200000, 0x0000000089300000, 0x0000000089300000|100%| E|CS|TAMS 0x0000000089200000, 0x0000000089200000| Complete 
| 147|0x0000000089300000, 0x0000000089400000, 0x0000000089400000|100%| E|CS|TAMS 0x0000000089300000, 0x0000000089300000| Complete 
| 148|0x0000000089400000, 0x0000000089500000, 0x0000000089500000|100%| E|CS|TAMS 0x0000000089400000, 0x0000000089400000| Complete 
| 251|0x000000008fb00000, 0x000000008fc00000, 0x000000008fc00000|100%| E|CS|TAMS 0x000000008fb00000, 0x000000008fb00000| Complete 

Card table byte_map: [0x0000024d7dd40000,0x0000024d7e140000] _byte_map_base: 0x0000024d7d940000

Marking Bits (Prev, Next): (CMBitMap*) 0x0000024d66900d20, (CMBitMap*) 0x0000024d66900ce0
 Prev Bits: [0x0000024d02000000, 0x0000024d04000000)
 Next Bits: [0x0000024d00000000, 0x0000024d02000000)

Polling page: 0x0000024d64860000

Metaspace:

Usage:
  Non-class:     51.99 MB used.
      Class:      8.47 MB used.
       Both:     60.45 MB used.

Virtual space:
  Non-class space:       64.00 MB reserved,      52.44 MB ( 82%) committed,  1 nodes.
      Class space:      416.00 MB reserved,       8.81 MB (  2%) committed,  1 nodes.
             Both:      480.00 MB reserved,      61.25 MB ( 13%) committed. 

Chunk freelists:
   Non-Class:  11.10 MB
       Class:  7.17 MB
        Both:  18.27 MB

MaxMetaspaceSize: 512.00 MB
CompressedClassSpaceSize: 416.00 MB
Initial GC threshold: 21.00 MB
Current GC threshold: 99.94 MB
CDS: on
MetaspaceReclaimPolicy: balanced
 - commit_granule_bytes: 65536.
 - commit_granule_words: 8192.
 - virtual_space_node_default_size: 8388608.
 - enlarge_chunks_in_place: 1.
 - new_chunks_are_fully_committed: 0.
 - uncommit_free_chunks: 1.
 - use_allocation_guard: 0.
 - handle_deallocations: 1.


Internal statistics:

num_allocs_failed_limit: 6.
num_arena_births: 994.
num_arena_deaths: 0.
num_vsnodes_births: 2.
num_vsnodes_deaths: 0.
num_space_committed: 980.
num_space_uncommitted: 0.
num_chunks_returned_to_freelist: 6.
num_chunks_taken_from_freelist: 3540.
num_chunk_merges: 6.
num_chunk_splits: 2279.
num_chunks_enlarged: 1413.
num_inconsistent_stats: 0.

CodeHeap 'non-profiled nmethods': size=120000Kb used=4239Kb max_used=4239Kb free=115760Kb
 bounds [0x0000024d75eb0000, 0x0000024d762e0000, 0x0000024d7d3e0000]
CodeHeap 'profiled nmethods': size=120000Kb used=13724Kb max_used=13724Kb free=106275Kb
 bounds [0x0000024d6e3e0000, 0x0000024d6f150000, 0x0000024d75910000]
CodeHeap 'non-nmethods': size=5760Kb used=2361Kb max_used=2424Kb free=3398Kb
 bounds [0x0000024d75910000, 0x0000024d75b80000, 0x0000024d75eb0000]
 total_blobs=7687 nmethods=6800 adapters=799
 compilation: enabled
              stopped_count=0, restarted_count=0
 full_count=0

Compilation events (20 events):
Event: 41.640 Thread 0x0000024d7f1f5040 7533       3       org.gradle.api.internal.artifacts.dependencies.DefaultImmutableVersionConstraint::<init> (152 bytes)
Event: 41.642 Thread 0x0000024d7f1f5040 nmethod 7533 0x0000024d6f13e690 code [0x0000024d6f13e940, 0x0000024d6f13f6a8]
Event: 41.642 Thread 0x0000024d7f1f5040 7534       3       org.gradle.api.internal.artifacts.dependencies.DefaultImmutableVersionConstraint::of (50 bytes)
Event: 41.643 Thread 0x0000024d7f1f5040 nmethod 7534 0x0000024d6f13fa90 code [0x0000024d6f13fca0, 0x0000024d6f1404d8]
Event: 41.645 Thread 0x0000024d7f1f5040 7535       3       org.gradle.internal.component.external.model.DefaultModuleComponentSelector::<init> (120 bytes)
Event: 41.645 Thread 0x0000024d7f1f5040 nmethod 7535 0x0000024d6f140690 code [0x0000024d6f140840, 0x0000024d6f140ba8]
Event: 41.646 Thread 0x0000024d7f1f5040 7536       1       org.gradle.internal.component.local.model.ComponentFileArtifactIdentifier::getComponentIdentifier (5 bytes)
Event: 41.646 Thread 0x0000024d7f1f5040 nmethod 7536 0x0000024d762d2910 code [0x0000024d762d2aa0, 0x0000024d762d2b78]
Event: 41.649 Thread 0x0000024d7f1f5040 7537       3       java.util.Collections$EmptyList::toArray (5 bytes)
Event: 41.650 Thread 0x0000024d7f1f5040 nmethod 7537 0x0000024d6f140c90 code [0x0000024d6f140e20, 0x0000024d6f140fd8]
Event: 41.653 Thread 0x0000024d7f1f5040 7538       3       org.gradle.api.internal.artifacts.ModuleComponentSelectorSerializer::read (50 bytes)
Event: 41.654 Thread 0x0000024d7f1f5040 nmethod 7538 0x0000024d6f141090 code [0x0000024d6f1412a0, 0x0000024d6f141868]
Event: 41.654 Thread 0x0000024d7f1f5040 7539       3       org.gradle.api.internal.artifacts.ModuleComponentSelectorSerializer::readVersionConstraint (91 bytes)
Event: 41.656 Thread 0x0000024d7f1f5040 nmethod 7539 0x0000024d6f141b10 code [0x0000024d6f141d80, 0x0000024d6f142a38]
Event: 41.656 Thread 0x0000024d7f1f5040 7540       3       org.gradle.api.internal.artifacts.ModuleComponentSelectorSerializer::readAttributes (11 bytes)
Event: 41.656 Thread 0x0000024d7f1f5040 nmethod 7540 0x0000024d6f142f10 code [0x0000024d6f1430c0, 0x0000024d6f143288]
Event: 41.676 Thread 0x0000024d7f1f5040 7541       1       org.gradle.api.internal.artifacts.ivyservice.resolveengine.result.ComponentIdentifierSerializer$Implementation::access$000 (5 bytes)
Event: 41.677 Thread 0x0000024d7f1f5040 nmethod 7541 0x0000024d762d2c10 code [0x0000024d762d2da0, 0x0000024d762d2e58]
Event: 41.679 Thread 0x0000024d7f1f5040 7542       3       com.google.common.collect.ImmutableList::asList (2 bytes)
Event: 41.679 Thread 0x0000024d7f1f5040 nmethod 7542 0x0000024d6f143390 code [0x0000024d6f143520, 0x0000024d6f143638]

GC Heap History (20 events):
Event: 33.112 GC heap before
{Heap before GC invocations=10 (full 0):
 garbage-first heap   total 89088K, used 67713K [0x0000000080000000, 0x0000000100000000)
  region size 1024K, 33 young (33792K), 4 survivors (4096K)
 Metaspace       used 41307K, committed 41920K, reserved 491520K
  class space    used 5718K, committed 6016K, reserved 425984K
}
Event: 33.120 GC heap after
{Heap after GC invocations=11 (full 0):
 garbage-first heap   total 89088K, used 40772K [0x0000000080000000, 0x0000000100000000)
  region size 1024K, 5 young (5120K), 5 survivors (5120K)
 Metaspace       used 41307K, committed 41920K, reserved 491520K
  class space    used 5718K, committed 6016K, reserved 425984K
}
Event: 34.731 GC heap before
{Heap before GC invocations=11 (full 0):
 garbage-first heap   total 89088K, used 68420K [0x0000000080000000, 0x0000000100000000)
  region size 1024K, 32 young (32768K), 5 survivors (5120K)
 Metaspace       used 44010K, committed 44736K, reserved 491520K
  class space    used 6126K, committed 6464K, reserved 425984K
}
Event: 34.737 GC heap after
{Heap after GC invocations=12 (full 0):
 garbage-first heap   total 89088K, used 42686K [0x0000000080000000, 0x0000000100000000)
  region size 1024K, 3 young (3072K), 3 survivors (3072K)
 Metaspace       used 44010K, committed 44736K, reserved 491520K
  class space    used 6126K, committed 6464K, reserved 425984K
}
Event: 35.554 GC heap before
{Heap before GC invocations=12 (full 0):
 garbage-first heap   total 89088K, used 64190K [0x0000000080000000, 0x0000000100000000)
  region size 1024K, 25 young (25600K), 3 survivors (3072K)
 Metaspace       used 46199K, committed 46912K, reserved 491520K
  class space    used 6433K, committed 6784K, reserved 425984K
}
Event: 35.559 GC heap after
{Heap after GC invocations=13 (full 0):
 garbage-first heap   total 89088K, used 43567K [0x0000000080000000, 0x0000000100000000)
  region size 1024K, 3 young (3072K), 3 survivors (3072K)
 Metaspace       used 46199K, committed 46912K, reserved 491520K
  class space    used 6433K, committed 6784K, reserved 425984K
}
Event: 35.679 GC heap before
{Heap before GC invocations=14 (full 0):
 garbage-first heap   total 89088K, used 47663K [0x0000000080000000, 0x0000000100000000)
  region size 1024K, 6 young (6144K), 3 survivors (3072K)
 Metaspace       used 46488K, committed 47232K, reserved 491520K
  class space    used 6469K, committed 6784K, reserved 425984K
}
Event: 35.684 GC heap after
{Heap after GC invocations=15 (full 0):
 garbage-first heap   total 89088K, used 46119K [0x0000000080000000, 0x0000000100000000)
  region size 1024K, 2 young (2048K), 2 survivors (2048K)
 Metaspace       used 46488K, committed 47232K, reserved 491520K
  class space    used 6469K, committed 6784K, reserved 425984K
}
Event: 36.636 GC heap before
{Heap before GC invocations=16 (full 0):
 garbage-first heap   total 89088K, used 73767K [0x0000000080000000, 0x0000000100000000)
  region size 1024K, 25 young (25600K), 2 survivors (2048K)
 Metaspace       used 49794K, committed 50560K, reserved 491520K
  class space    used 6930K, committed 7296K, reserved 425984K
}
Event: 36.640 GC heap after
{Heap after GC invocations=17 (full 0):
 garbage-first heap   total 89088K, used 52376K [0x0000000080000000, 0x0000000100000000)
  region size 1024K, 4 young (4096K), 4 survivors (4096K)
 Metaspace       used 49794K, committed 50560K, reserved 491520K
  class space    used 6930K, committed 7296K, reserved 425984K
}
Event: 37.490 GC heap before
{Heap before GC invocations=17 (full 0):
 garbage-first heap   total 89088K, used 71832K [0x0000000080000000, 0x0000000100000000)
  region size 1024K, 23 young (23552K), 4 survivors (4096K)
 Metaspace       used 51820K, committed 52480K, reserved 491520K
  class space    used 7246K, committed 7552K, reserved 425984K
}
Event: 37.495 GC heap after
{Heap after GC invocations=18 (full 0):
 garbage-first heap   total 89088K, used 53416K [0x0000000080000000, 0x0000000100000000)
  region size 1024K, 2 young (2048K), 2 survivors (2048K)
 Metaspace       used 51820K, committed 52480K, reserved 491520K
  class space    used 7246K, committed 7552K, reserved 425984K
}
Event: 38.222 GC heap before
{Heap before GC invocations=19 (full 0):
 garbage-first heap   total 97280K, used 72872K [0x0000000080000000, 0x0000000100000000)
  region size 1024K, 21 young (21504K), 2 survivors (2048K)
 Metaspace       used 53802K, committed 54592K, reserved 491520K
  class space    used 7527K, committed 7872K, reserved 425984K
}
Event: 38.234 GC heap after
{Heap after GC invocations=20 (full 0):
 garbage-first heap   total 97280K, used 54414K [0x0000000080000000, 0x0000000100000000)
  region size 1024K, 3 young (3072K), 3 survivors (3072K)
 Metaspace       used 53802K, committed 54592K, reserved 491520K
  class space    used 7527K, committed 7872K, reserved 425984K
}
Event: 39.098 GC heap before
{Heap before GC invocations=20 (full 0):
 garbage-first heap   total 97280K, used 77966K [0x0000000080000000, 0x0000000100000000)
  region size 1024K, 26 young (26624K), 3 survivors (3072K)
 Metaspace       used 56862K, committed 57600K, reserved 491520K
  class space    used 7927K, committed 8256K, reserved 425984K
}
Event: 39.103 GC heap after
{Heap after GC invocations=21 (full 0):
 garbage-first heap   total 97280K, used 55871K [0x0000000080000000, 0x0000000100000000)
  region size 1024K, 3 young (3072K), 3 survivors (3072K)
 Metaspace       used 56862K, committed 57600K, reserved 491520K
  class space    used 7927K, committed 8256K, reserved 425984K
}
Event: 40.122 GC heap before
{Heap before GC invocations=22 (full 0):
 garbage-first heap   total 99328K, used 78399K [0x0000000080000000, 0x0000000100000000)
  region size 1024K, 25 young (25600K), 3 survivors (3072K)
 Metaspace       used 58606K, committed 59392K, reserved 491520K
  class space    used 8129K, committed 8448K, reserved 425984K
}
Event: 40.128 GC heap after
{Heap after GC invocations=23 (full 0):
 garbage-first heap   total 99328K, used 57467K [0x0000000080000000, 0x0000000100000000)
  region size 1024K, 3 young (3072K), 3 survivors (3072K)
 Metaspace       used 58606K, committed 59392K, reserved 491520K
  class space    used 8129K, committed 8448K, reserved 425984K
}
Event: 40.915 GC heap before
{Heap before GC invocations=23 (full 0):
 garbage-first heap   total 99328K, used 81019K [0x0000000080000000, 0x0000000100000000)
  region size 1024K, 26 young (26624K), 3 survivors (3072K)
 Metaspace       used 60468K, committed 61248K, reserved 491520K
  class space    used 8428K, committed 8768K, reserved 425984K
}
Event: 40.922 GC heap after
{Heap after GC invocations=24 (full 0):
 garbage-first heap   total 99328K, used 59467K [0x0000000080000000, 0x0000000100000000)
  region size 1024K, 4 young (4096K), 4 survivors (4096K)
 Metaspace       used 60468K, committed 61248K, reserved 491520K
  class space    used 8428K, committed 8768K, reserved 425984K
}

Dll operation events (13 events):
Event: 0.019 Loaded shared library C:\Program Files\Microsoft\jdk-17.0.15.6-hotspot\bin\java.dll
Event: 0.070 Loaded shared library C:\Program Files\Microsoft\jdk-17.0.15.6-hotspot\bin\jsvml.dll
Event: 0.186 Loaded shared library C:\Program Files\Microsoft\jdk-17.0.15.6-hotspot\bin\net.dll
Event: 0.192 Loaded shared library C:\Program Files\Microsoft\jdk-17.0.15.6-hotspot\bin\nio.dll
Event: 0.202 Loaded shared library C:\Program Files\Microsoft\jdk-17.0.15.6-hotspot\bin\zip.dll
Event: 0.769 Loaded shared library C:\Program Files\Microsoft\jdk-17.0.15.6-hotspot\bin\jimage.dll
Event: 0.932 Loaded shared library C:\Program Files\Microsoft\jdk-17.0.15.6-hotspot\bin\verify.dll
Event: 1.361 Loaded shared library C:\Users\STUDENT\.gradle\native\68d5fa5c4cc2d200863cafc0d521ce42e7d3e7ee720ec0a83991735586a16f82\windows-amd64\native-platform.dll
Event: 1.374 Loaded shared library C:\Users\STUDENT\.gradle\native\e376f236ea51e6404a007f0833ffe2c6e607c4080706a723a18a27aeea778392\windows-amd64\native-platform-file-events.dll
Event: 3.442 Loaded shared library C:\Program Files\Microsoft\jdk-17.0.15.6-hotspot\bin\management.dll
Event: 3.451 Loaded shared library C:\Program Files\Microsoft\jdk-17.0.15.6-hotspot\bin\management_ext.dll
Event: 3.976 Loaded shared library C:\Program Files\Microsoft\jdk-17.0.15.6-hotspot\bin\extnet.dll
Event: 4.830 Loaded shared library C:\Program Files\Microsoft\jdk-17.0.15.6-hotspot\bin\sunmscapi.dll

Deoptimization events (20 events):
Event: 41.091 Thread 0x0000024d2616d040 Uncommon trap: trap_request=0xffffff45 fr.pc=0x0000024d7601ea14 relative=0x00000000000006b4
Event: 41.091 Thread 0x0000024d2616d040 Uncommon trap: reason=unstable_if action=reinterpret pc=0x0000024d7601ea14 method=java.util.HashMap.putVal(ILjava/lang/Object;Ljava/lang/Object;ZZ)Ljava/lang/Object; @ 109 c2
Event: 41.091 Thread 0x0000024d2616d040 DEOPT PACKING pc=0x0000024d7601ea14 sp=0x000000ea482f51f0
Event: 41.091 Thread 0x0000024d2616d040 DEOPT UNPACKING pc=0x0000024d759669a3 sp=0x000000ea482f51a8 mode 2
Event: 41.357 Thread 0x0000024d2616d040 Uncommon trap: trap_request=0xffffff45 fr.pc=0x0000024d761e1384 relative=0x0000000000000404
Event: 41.357 Thread 0x0000024d2616d040 Uncommon trap: reason=unstable_if action=reinterpret pc=0x0000024d761e1384 method=org.objectweb.asm.Type.getArgumentsAndReturnSizes(Ljava/lang/String;)I @ 117 c2
Event: 41.357 Thread 0x0000024d2616d040 DEOPT PACKING pc=0x0000024d761e1384 sp=0x000000ea482f5580
Event: 41.358 Thread 0x0000024d2616d040 DEOPT UNPACKING pc=0x0000024d759669a3 sp=0x000000ea482f5500 mode 2
Event: 41.358 Thread 0x0000024d2616d040 Uncommon trap: trap_request=0xffffff45 fr.pc=0x0000024d761f8408 relative=0x0000000000001b88
Event: 41.358 Thread 0x0000024d2616d040 Uncommon trap: reason=unstable_if action=reinterpret pc=0x0000024d761f8408 method=org.objectweb.asm.Type.getArgumentsAndReturnSizes(Ljava/lang/String;)I @ 117 c2
Event: 41.358 Thread 0x0000024d2616d040 DEOPT PACKING pc=0x0000024d761f8408 sp=0x000000ea482f52a0
Event: 41.358 Thread 0x0000024d2616d040 DEOPT UNPACKING pc=0x0000024d759669a3 sp=0x000000ea482f5158 mode 2
Event: 41.358 Thread 0x0000024d2616d040 Uncommon trap: trap_request=0xffffff45 fr.pc=0x0000024d7601af00 relative=0x0000000000000700
Event: 41.358 Thread 0x0000024d2616d040 Uncommon trap: reason=unstable_if action=reinterpret pc=0x0000024d7601af00 method=org.objectweb.asm.Frame.getAbstractTypeFromDescriptor(Lorg/objectweb/asm/SymbolTable;Ljava/lang/String;I)I @ 5 c2
Event: 41.358 Thread 0x0000024d2616d040 DEOPT PACKING pc=0x0000024d7601af00 sp=0x000000ea482f5180
Event: 41.358 Thread 0x0000024d2616d040 DEOPT UNPACKING pc=0x0000024d759669a3 sp=0x000000ea482f5140 mode 2
Event: 41.358 Thread 0x0000024d2616d040 Uncommon trap: trap_request=0xffffff45 fr.pc=0x0000024d761f1430 relative=0x0000000000000710
Event: 41.358 Thread 0x0000024d2616d040 Uncommon trap: reason=unstable_if action=reinterpret pc=0x0000024d761f1430 method=org.objectweb.asm.Frame.push(Lorg/objectweb/asm/SymbolTable;Ljava/lang/String;)V @ 42 c2
Event: 41.358 Thread 0x0000024d2616d040 DEOPT PACKING pc=0x0000024d761f1430 sp=0x000000ea482f5200
Event: 41.358 Thread 0x0000024d2616d040 DEOPT UNPACKING pc=0x0000024d759669a3 sp=0x000000ea482f51c8 mode 2

Classes loaded (20 events):
Event: 40.664 Loading class java/nio/channels/Channels$1
Event: 40.664 Loading class java/nio/channels/Channels$1 done
Event: 40.808 Loading class java/lang/IntegerBeanInfo
Event: 40.808 Loading class java/lang/IntegerBeanInfo done
Event: 40.812 Loading class java/lang/IntegerBeanInfo
Event: 40.812 Loading class java/lang/IntegerBeanInfo done
Event: 40.814 Loading class java/lang/NumberBeanInfo
Event: 40.814 Loading class java/lang/NumberBeanInfo done
Event: 40.815 Loading class java/lang/NumberBeanInfo
Event: 40.815 Loading class java/lang/NumberBeanInfo done
Event: 40.815 Loading class java/lang/NumberCustomizer
Event: 40.815 Loading class java/lang/NumberCustomizer done
Event: 40.815 Loading class java/lang/NumberCustomizer
Event: 40.815 Loading class java/lang/NumberCustomizer done
Event: 40.815 Loading class java/lang/IntegerCustomizer
Event: 40.815 Loading class java/lang/IntegerCustomizer done
Event: 40.817 Loading class java/lang/IntegerCustomizer
Event: 40.817 Loading class java/lang/IntegerCustomizer done
Event: 40.818 Loading class jdk/internal/ValueBased
Event: 40.818 Loading class jdk/internal/ValueBased done

Classes unloaded (0 events):
No events

Classes redefined (0 events):
No events

Internal exceptions (20 events):
Event: 40.815 Thread 0x0000024d2616d040 Exception <a 'java/lang/ClassNotFoundException'{0x000000008502bec8}: java/lang/NumberCustomizer> (0x000000008502bec8) 
thrown [s\src\hotspot\share\classfile\systemDictionary.cpp, line 256]
Event: 40.817 Thread 0x0000024d2616d040 Exception <a 'java/lang/ClassNotFoundException'{0x00000000850342c0}: java/lang/IntegerCustomizer> (0x00000000850342c0) 
thrown [s\src\hotspot\share\classfile\systemDictionary.cpp, line 256]
Event: 40.827 Thread 0x0000024d2616d040 Exception <a 'java/lang/reflect/InvocationTargetException'{0x00000000850657a0}> (0x00000000850657a0) 
thrown [s\src\hotspot\share\runtime\reflection.cpp, line 1128]
Event: 40.828 Thread 0x0000024d2616d040 Exception <a 'java/lang/reflect/InvocationTargetException'{0x0000000085069e10}> (0x0000000085069e10) 
thrown [s\src\hotspot\share\runtime\reflection.cpp, line 1128]
Event: 40.828 Thread 0x0000024d2616d040 Exception <a 'java/lang/reflect/InvocationTargetException'{0x000000008506e180}> (0x000000008506e180) 
thrown [s\src\hotspot\share\runtime\reflection.cpp, line 1128]
Event: 40.829 Thread 0x0000024d2616d040 Exception <a 'java/lang/reflect/InvocationTargetException'{0x0000000085072458}> (0x0000000085072458) 
thrown [s\src\hotspot\share\runtime\reflection.cpp, line 1128]
Event: 40.847 Thread 0x0000024d2616d040 Exception <a 'java/lang/ClassNotFoundException'{0x0000000084c49de0}: org/gradle/api/internal/artifacts/dsl/DefaultRepositoryHandler_DecoratedBeanInfo> (0x0000000084c49de0) 
thrown [s\src\hotspot\share\classfile\systemDictionary.cpp, line 256]
Event: 40.848 Thread 0x0000024d2616d040 Exception <a 'java/lang/ClassNotFoundException'{0x0000000084c627b8}: org/gradle/api/internal/artifacts/dsl/DefaultRepositoryHandlerBeanInfo> (0x0000000084c627b8) 
thrown [s\src\hotspot\share\classfile\systemDictionary.cpp, line 256]
Event: 40.852 Thread 0x0000024d2616d040 Exception <a 'java/lang/ClassNotFoundException'{0x0000000084c7b6c0}: org/gradle/api/internal/artifacts/DefaultArtifactRepositoryContainerBeanInfo> (0x0000000084c7b6c0) 
thrown [s\src\hotspot\share\classfile\systemDictionary.cpp, line 256]
Event: 40.860 Thread 0x0000024d2616d040 Exception <a 'java/lang/ClassNotFoundException'{0x0000000084c90520}: org/gradle/api/internal/DefaultNamedDomainObjectListBeanInfo> (0x0000000084c90520) 
thrown [s\src\hotspot\share\classfile\systemDictionary.cpp, line 256]
Event: 40.864 Thread 0x0000024d2616d040 Exception <a 'java/lang/ClassNotFoundException'{0x0000000084ca5540}: org/gradle/api/internal/DefaultNamedDomainObjectCollectionBeanInfo> (0x0000000084ca5540) 
thrown [s\src\hotspot\share\classfile\systemDictionary.cpp, line 256]
Event: 40.866 Thread 0x0000024d2616d040 Exception <a 'java/lang/ClassNotFoundException'{0x0000000084cba560}: org/gradle/api/internal/DefaultNamedDomainObjectCollectionCustomizer> (0x0000000084cba560) 
thrown [s\src\hotspot\share\classfile\systemDictionary.cpp, line 256]
Event: 40.870 Thread 0x0000024d2616d040 Exception <a 'java/lang/ClassNotFoundException'{0x0000000084b02710}: org/gradle/api/internal/DefaultNamedDomainObjectListCustomizer> (0x0000000084b02710) 
thrown [s\src\hotspot\share\classfile\systemDictionary.cpp, line 256]
Event: 40.874 Thread 0x0000024d2616d040 Exception <a 'java/lang/ClassNotFoundException'{0x0000000084b46da8}: org/gradle/api/internal/artifacts/DefaultArtifactRepositoryContainerCustomizer> (0x0000000084b46da8) 
thrown [s\src\hotspot\share\classfile\systemDictionary.cpp, line 256]
Event: 40.878 Thread 0x0000024d2616d040 Exception <a 'java/lang/ClassNotFoundException'{0x0000000084b88658}: org/gradle/api/internal/artifacts/dsl/DefaultRepositoryHandlerCustomizer> (0x0000000084b88658) 
thrown [s\src\hotspot\share\classfile\systemDictionary.cpp, line 256]
Event: 40.885 Thread 0x0000024d2616d040 Exception <a 'java/lang/ClassNotFoundException'{0x0000000084bd87d8}: org/gradle/api/internal/artifacts/dsl/DefaultRepositoryHandler_DecoratedCustomizer> (0x0000000084bd87d8) 
thrown [s\src\hotspot\share\classfile\systemDictionary.cpp, line 256]
Event: 40.904 Thread 0x0000024d2616d040 Exception <a 'java/lang/ClassNotFoundException'{0x000000008476d348}: org/gradle/api/internal/artifacts/dsl/dependencies/DefaultDependencyHandler_DecoratedBeanInfo> (0x000000008476d348) 
thrown [s\src\hotspot\share\classfile\systemDictionary.cpp, line 256]
Event: 40.906 Thread 0x0000024d2616d040 Exception <a 'java/lang/ClassNotFoundException'{0x0000000084786750}: org/gradle/api/internal/artifacts/dsl/dependencies/DefaultDependencyHandlerBeanInfo> (0x0000000084786750) 
thrown [s\src\hotspot\share\classfile\systemDictionary.cpp, line 256]
Event: 40.909 Thread 0x0000024d2616d040 Exception <a 'java/lang/ClassNotFoundException'{0x000000008479fb18}: org/gradle/api/internal/artifacts/dsl/dependencies/DefaultDependencyHandlerCustomizer> (0x000000008479fb18) 
thrown [s\src\hotspot\share\classfile\systemDictionary.cpp, line 256]
Event: 40.914 Thread 0x0000024d2616d040 Exception <a 'java/lang/ClassNotFoundException'{0x00000000847eba78}: org/gradle/api/internal/artifacts/dsl/dependencies/DefaultDependencyHandler_DecoratedCustomizer> (0x00000000847eba78) 
thrown [s\src\hotspot\share\classfile\systemDictionary.cpp, line 256]

VM Operations (20 events):
Event: 39.965 Executing VM operation: ICBufferFull
Event: 39.966 Executing VM operation: ICBufferFull done
Event: 39.972 Executing VM operation: HandshakeAllThreads
Event: 39.973 Executing VM operation: HandshakeAllThreads done
Event: 40.121 Executing VM operation: G1CollectForAllocation
Event: 40.128 Executing VM operation: G1CollectForAllocation done
Event: 40.331 Executing VM operation: HandshakeAllThreads
Event: 40.332 Executing VM operation: HandshakeAllThreads done
Event: 40.414 Executing VM operation: HandshakeAllThreads
Event: 40.415 Executing VM operation: HandshakeAllThreads done
Event: 40.520 Executing VM operation: HandshakeAllThreads
Event: 40.520 Executing VM operation: HandshakeAllThreads done
Event: 40.753 Executing VM operation: HandshakeAllThreads
Event: 40.753 Executing VM operation: HandshakeAllThreads done
Event: 40.915 Executing VM operation: G1CollectForAllocation
Event: 40.922 Executing VM operation: G1CollectForAllocation done
Event: 40.976 Executing VM operation: G1PauseRemark
Event: 40.982 Executing VM operation: G1PauseRemark done
Event: 41.014 Executing VM operation: G1PauseCleanup
Event: 41.014 Executing VM operation: G1PauseCleanup done

Memory protections (0 events):
No events

Nmethod flushes (20 events):
Event: 31.862 Thread 0x0000024d7f1f7960 flushing  nmethod 0x0000024d6eb31090
Event: 31.862 Thread 0x0000024d7f1f7960 flushing  nmethod 0x0000024d6eb31a90
Event: 31.862 Thread 0x0000024d7f1f7960 flushing  nmethod 0x0000024d6eb42490
Event: 31.862 Thread 0x0000024d7f1f7960 flushing  nmethod 0x0000024d6eb5f310
Event: 31.862 Thread 0x0000024d7f1f7960 flushing  nmethod 0x0000024d6eb5fc10
Event: 31.862 Thread 0x0000024d7f1f7960 flushing  nmethod 0x0000024d6eb62010
Event: 31.862 Thread 0x0000024d7f1f7960 flushing  nmethod 0x0000024d6eb62990
Event: 31.862 Thread 0x0000024d7f1f7960 flushing  nmethod 0x0000024d6eb64410
Event: 31.862 Thread 0x0000024d7f1f7960 flushing  nmethod 0x0000024d6eb65710
Event: 31.863 Thread 0x0000024d7f1f7960 flushing  nmethod 0x0000024d6ebffe10
Event: 31.863 Thread 0x0000024d7f1f7960 flushing  nmethod 0x0000024d6ec30310
Event: 31.863 Thread 0x0000024d7f1f7960 flushing  nmethod 0x0000024d6ec91c90
Event: 31.863 Thread 0x0000024d7f1f7960 flushing  nmethod 0x0000024d6ec92010
Event: 31.863 Thread 0x0000024d7f1f7960 flushing  nmethod 0x0000024d6ec93990
Event: 31.864 Thread 0x0000024d7f1f7960 flushing  nmethod 0x0000024d6eca1a10
Event: 31.864 Thread 0x0000024d7f1f7960 flushing  nmethod 0x0000024d6eca4d90
Event: 39.976 Thread 0x0000024d7f1f7960 flushing  nmethod 0x0000024d6e4a2990
Event: 39.981 Thread 0x0000024d7f1f7960 flushing  nmethod 0x0000024d6e90e410
Event: 39.983 Thread 0x0000024d7f1f7960 flushing  nmethod 0x0000024d6eace510
Event: 39.984 Thread 0x0000024d7f1f7960 flushing  nmethod 0x0000024d6ebca590

Events (20 events):
Event: 35.453 Thread 0x0000024d2616d040 Thread added: 0x0000024d26b33de0
Event: 35.454 Thread 0x0000024d2616d040 Thread added: 0x0000024d26b37aa0
Event: 35.454 Thread 0x0000024d2616d040 Thread added: 0x0000024d26b342f0
Event: 35.454 Thread 0x0000024d2616d040 Thread added: 0x0000024d26b34800
Event: 35.455 Thread 0x0000024d2616d040 Thread added: 0x0000024d26b39900
Event: 35.455 Thread 0x0000024d2616d040 Thread added: 0x0000024d26b3a320
Event: 35.455 Thread 0x0000024d2616d040 Thread added: 0x0000024d26b34d10
Event: 35.456 Thread 0x0000024d2616d040 Thread added: 0x0000024d27f98160
Event: 35.456 Thread 0x0000024d2616d040 Thread added: 0x0000024d27f995a0
Event: 35.456 Thread 0x0000024d2616d040 Thread added: 0x0000024d27f949b0
Event: 35.457 Thread 0x0000024d2616d040 Thread added: 0x0000024d27f99ab0
Event: 35.457 Thread 0x0000024d2616d040 Thread added: 0x0000024d27f97740
Event: 35.661 Thread 0x0000024d7f4b8a80 Thread exited: 0x0000024d7f4b8a80
Event: 35.905 Thread 0x0000024d7f1f5040 Thread added: 0x0000024d260aba70
Event: 36.000 Thread 0x0000024d7f1f5040 Thread added: 0x0000024d260abfc0
Event: 36.728 Thread 0x0000024d2616d040 Thread added: 0x0000024d27f93f90
Event: 37.582 Thread 0x0000024d260abfc0 Thread exited: 0x0000024d260abfc0
Event: 38.503 Thread 0x0000024d260aba70 Thread exited: 0x0000024d260aba70
Event: 39.465 Thread 0x0000024d7f1f5040 Thread added: 0x0000024d260acfb0
Event: 40.485 Thread 0x0000024d7f1f5040 Thread added: 0x0000024d260b04d0


Dynamic libraries:
0x00007ff6cd7d0000 - 0x00007ff6cd7de000 	C:\Program Files\Microsoft\jdk-17.0.15.6-hotspot\bin\java.exe
0x00007ffd28e90000 - 0x00007ffd290a7000 	C:\Windows\SYSTEM32\ntdll.dll
0x00007ffd27bb0000 - 0x00007ffd27c74000 	C:\Windows\System32\KERNEL32.DLL
0x00007ffd262c0000 - 0x00007ffd26693000 	C:\Windows\System32\KERNELBASE.dll
0x00007ffd25f90000 - 0x00007ffd260a1000 	C:\Windows\System32\ucrtbase.dll
0x00007ffd20ee0000 - 0x00007ffd20efd000 	C:\Program Files\Microsoft\jdk-17.0.15.6-hotspot\bin\VCRUNTIME140.dll
0x00007ffd20370000 - 0x00007ffd20387000 	C:\Program Files\Microsoft\jdk-17.0.15.6-hotspot\bin\jli.dll
0x00007ffd26c60000 - 0x00007ffd26e11000 	C:\Windows\System32\USER32.dll
0x00007ffd26910000 - 0x00007ffd26936000 	C:\Windows\System32\win32u.dll
0x00007ffd06860000 - 0x00007ffd06afb000 	C:\Windows\WinSxS\amd64_microsoft.windows.common-controls_6595b64144ccf1df_6.0.22621.5262_none_2712bde373830908\COMCTL32.dll
0x00007ffd27100000 - 0x00007ffd27129000 	C:\Windows\System32\GDI32.dll
0x00007ffd26940000 - 0x00007ffd26a62000 	C:\Windows\System32\gdi32full.dll
0x00007ffd26b30000 - 0x00007ffd26bd7000 	C:\Windows\System32\msvcrt.dll
0x00007ffd260b0000 - 0x00007ffd2614a000 	C:\Windows\System32\msvcp_win.dll
0x00007ffd271f0000 - 0x00007ffd27221000 	C:\Windows\System32\IMM32.DLL
0x00007ffd21330000 - 0x00007ffd2133c000 	C:\Program Files\Microsoft\jdk-17.0.15.6-hotspot\bin\vcruntime140_1.dll
0x00007ffcf8cd0000 - 0x00007ffcf8d5d000 	C:\Program Files\Microsoft\jdk-17.0.15.6-hotspot\bin\msvcp140.dll
0x00007ffcd4330000 - 0x00007ffcd4fa2000 	C:\Program Files\Microsoft\jdk-17.0.15.6-hotspot\bin\server\jvm.dll
0x00007ffd27130000 - 0x00007ffd271e1000 	C:\Windows\System32\ADVAPI32.dll
0x00007ffd27d40000 - 0x00007ffd27de7000 	C:\Windows\System32\sechost.dll
0x00007ffd268e0000 - 0x00007ffd26908000 	C:\Windows\System32\bcrypt.dll
0x00007ffd27e60000 - 0x00007ffd27f74000 	C:\Windows\System32\RPCRT4.dll
0x00007ffd26be0000 - 0x00007ffd26c51000 	C:\Windows\System32\WS2_32.dll
0x00007ffd258c0000 - 0x00007ffd2590d000 	C:\Windows\SYSTEM32\POWRPROF.dll
0x00007ffd22a10000 - 0x00007ffd22a44000 	C:\Windows\SYSTEM32\WINMM.dll
0x00007ffd1de80000 - 0x00007ffd1de8a000 	C:\Windows\SYSTEM32\VERSION.dll
0x00007ffd258a0000 - 0x00007ffd258b3000 	C:\Windows\SYSTEM32\UMPDC.dll
0x00007ffd24f90000 - 0x00007ffd24fa8000 	C:\Windows\SYSTEM32\kernel.appcore.dll
0x00007ffd20f40000 - 0x00007ffd20f4a000 	C:\Program Files\Microsoft\jdk-17.0.15.6-hotspot\bin\jimage.dll
0x00007ffd23890000 - 0x00007ffd23ac2000 	C:\Windows\SYSTEM32\DBGHELP.DLL
0x00007ffd27f80000 - 0x00007ffd28313000 	C:\Windows\System32\combase.dll
0x00007ffd26e20000 - 0x00007ffd26ef7000 	C:\Windows\System32\OLEAUT32.dll
0x00007ffd11ee0000 - 0x00007ffd11f12000 	C:\Windows\SYSTEM32\dbgcore.DLL
0x00007ffd266a0000 - 0x00007ffd2671b000 	C:\Windows\System32\bcryptPrimitives.dll
0x00007ffd20210000 - 0x00007ffd20235000 	C:\Program Files\Microsoft\jdk-17.0.15.6-hotspot\bin\java.dll
0x00007ffcf2090000 - 0x00007ffcf2166000 	C:\Program Files\Microsoft\jdk-17.0.15.6-hotspot\bin\jsvml.dll
0x00007ffd285b0000 - 0x00007ffd28e4d000 	C:\Windows\System32\SHELL32.dll
0x00007ffd267a0000 - 0x00007ffd268df000 	C:\Windows\System32\wintypes.dll
0x00007ffd23e80000 - 0x00007ffd2479d000 	C:\Windows\SYSTEM32\windows.storage.dll
0x00007ffd26f00000 - 0x00007ffd2700b000 	C:\Windows\System32\SHCORE.dll
0x00007ffd27df0000 - 0x00007ffd27e56000 	C:\Windows\System32\shlwapi.dll
0x00007ffd25ec0000 - 0x00007ffd25eeb000 	C:\Windows\SYSTEM32\profapi.dll
0x00007ffd17df0000 - 0x00007ffd17e0a000 	C:\Program Files\Microsoft\jdk-17.0.15.6-hotspot\bin\net.dll
0x00007ffd219e0000 - 0x00007ffd21b0c000 	C:\Windows\SYSTEM32\WINHTTP.dll
0x00007ffd25400000 - 0x00007ffd2546a000 	C:\Windows\system32\mswsock.dll
0x00007ffd07180000 - 0x00007ffd07196000 	C:\Program Files\Microsoft\jdk-17.0.15.6-hotspot\bin\nio.dll
0x00007ffd06ba0000 - 0x00007ffd06bb8000 	C:\Program Files\Microsoft\jdk-17.0.15.6-hotspot\bin\zip.dll
0x00007ffd20360000 - 0x00007ffd20370000 	C:\Program Files\Microsoft\jdk-17.0.15.6-hotspot\bin\verify.dll
0x00007ffd03160000 - 0x00007ffd03187000 	C:\Users\STUDENT\.gradle\native\68d5fa5c4cc2d200863cafc0d521ce42e7d3e7ee720ec0a83991735586a16f82\windows-amd64\native-platform.dll
0x00007ffcf1f40000 - 0x00007ffcf2084000 	C:\Users\STUDENT\.gradle\native\e376f236ea51e6404a007f0833ffe2c6e607c4080706a723a18a27aeea778392\windows-amd64\native-platform-file-events.dll
0x00007ffd202b0000 - 0x00007ffd202ba000 	C:\Program Files\Microsoft\jdk-17.0.15.6-hotspot\bin\management.dll
0x00007ffd202a0000 - 0x00007ffd202ab000 	C:\Program Files\Microsoft\jdk-17.0.15.6-hotspot\bin\management_ext.dll
0x00007ffd27ba0000 - 0x00007ffd27ba8000 	C:\Windows\System32\PSAPI.DLL
0x00007ffd25750000 - 0x00007ffd2576b000 	C:\Windows\SYSTEM32\CRYPTSP.dll
0x00007ffd24ef0000 - 0x00007ffd24f27000 	C:\Windows\system32\rsaenh.dll
0x00007ffd254a0000 - 0x00007ffd254c8000 	C:\Windows\SYSTEM32\USERENV.dll
0x00007ffd25730000 - 0x00007ffd2573c000 	C:\Windows\SYSTEM32\CRYPTBASE.dll
0x00007ffd24a40000 - 0x00007ffd24a6d000 	C:\Windows\SYSTEM32\IPHLPAPI.DLL
0x00007ffd27c90000 - 0x00007ffd27c99000 	C:\Windows\System32\NSI.dll
0x00007ffd1e6a0000 - 0x00007ffd1e6b9000 	C:\Windows\SYSTEM32\dhcpcsvc6.DLL
0x00007ffd1e5d0000 - 0x00007ffd1e5ef000 	C:\Windows\SYSTEM32\dhcpcsvc.DLL
0x00007ffd24a70000 - 0x00007ffd24b68000 	C:\Windows\SYSTEM32\DNSAPI.dll
0x00007ffd20290000 - 0x00007ffd20299000 	C:\Program Files\Microsoft\jdk-17.0.15.6-hotspot\bin\extnet.dll
0x00007ffd20160000 - 0x00007ffd2016e000 	C:\Program Files\Microsoft\jdk-17.0.15.6-hotspot\bin\sunmscapi.dll
0x00007ffd26150000 - 0x00007ffd262b7000 	C:\Windows\System32\CRYPT32.dll
0x00007ffd25950000 - 0x00007ffd2597d000 	C:\Windows\SYSTEM32\ncrypt.dll
0x00007ffd25910000 - 0x00007ffd25947000 	C:\Windows\SYSTEM32\NTASN1.dll
0x00007ffcec1a0000 - 0x00007ffcec1a8000 	C:\Windows\system32\wshunix.dll

dbghelp: loaded successfully - version: 4.0.5 - missing functions: none
symbol engine: initialized successfully - sym options: 0x614 - pdb path: .;C:\Program Files\Microsoft\jdk-17.0.15.6-hotspot\bin;C:\Windows\SYSTEM32;C:\Windows\WinSxS\amd64_microsoft.windows.common-controls_6595b64144ccf1df_6.0.22621.5262_none_2712bde373830908;C:\Program Files\Microsoft\jdk-17.0.15.6-hotspot\bin\server;C:\Users\STUDENT\.gradle\native\68d5fa5c4cc2d200863cafc0d521ce42e7d3e7ee720ec0a83991735586a16f82\windows-amd64;C:\Users\STUDENT\.gradle\native\e376f236ea51e6404a007f0833ffe2c6e607c4080706a723a18a27aeea778392\windows-amd64

VM Arguments:
jvm_args: -XX:MaxMetaspaceSize=512m --add-opens=java.base/java.util=ALL-UNNAMED --add-opens=java.base/java.lang=ALL-UNNAMED --add-opens=java.base/java.lang.invoke=ALL-UNNAMED --add-opens=java.prefs/java.util.prefs=ALL-UNNAMED --add-opens=java.base/java.nio.charset=ALL-UNNAMED --add-opens=java.base/java.net=ALL-UNNAMED --add-opens=java.base/java.util.concurrent.atomic=ALL-UNNAMED -Xmx2048m -Dfile.encoding=utf8 -Duser.country=US -Duser.language=en -Duser.variant 
java_command: org.gradle.launcher.daemon.bootstrap.GradleDaemon 8.0.1
java_class_path (initial): C:\Users\STUDENT\.gradle\wrapper\dists\gradle-8.0.1-all\aro4hu1c3oeioove7l0i4i14o\gradle-8.0.1\lib\gradle-launcher-8.0.1.jar
Launcher Type: SUN_STANDARD

[Global flags]
     intx CICompilerCount                          = 4                                         {product} {ergonomic}
   size_t CompressedClassSpaceSize                 = 436207616                                 {product} {ergonomic}
     uint ConcGCThreads                            = 3                                         {product} {ergonomic}
     uint G1ConcRefinementThreads                  = 10                                        {product} {ergonomic}
   size_t G1HeapRegionSize                         = 1048576                                   {product} {ergonomic}
    uintx GCDrainStackTargetSize                   = 64                                        {product} {ergonomic}
   size_t InitialHeapSize                          = 264241152                                 {product} {ergonomic}
   size_t MarkStackSize                            = 4194304                                   {product} {ergonomic}
   size_t MaxHeapSize                              = 2147483648                                {product} {command line}
   size_t MaxMetaspaceSize                         = 536870912                                 {product} {command line}
   size_t MaxNewSize                               = 1287651328                                {product} {ergonomic}
   size_t MinHeapDeltaBytes                        = 1048576                                   {product} {ergonomic}
   size_t MinHeapSize                              = 8388608                                   {product} {ergonomic}
    uintx NonNMethodCodeHeapSize                   = 5839372                                {pd product} {ergonomic}
    uintx NonProfiledCodeHeapSize                  = 122909434                              {pd product} {ergonomic}
    uintx ProfiledCodeHeapSize                     = 122909434                              {pd product} {ergonomic}
    uintx ReservedCodeCacheSize                    = 251658240                              {pd product} {ergonomic}
     bool SegmentedCodeCache                       = true                                      {product} {ergonomic}
   size_t SoftMaxHeapSize                          = 2147483648                             {manageable} {ergonomic}
     bool UseCompressedClassPointers               = true                           {product lp64_product} {ergonomic}
     bool UseCompressedOops                        = true                           {product lp64_product} {ergonomic}
     bool UseG1GC                                  = true                                      {product} {ergonomic}
     bool UseLargePagesIndividualAllocation        = false                                  {pd product} {ergonomic}

Logging:
Log output configuration:
 #0: stdout all=warning uptime,level,tags
 #1: stderr all=off uptime,level,tags

Environment Variables:
JAVA_HOME=C:\Program Files\Java\jdk-21
PATH=C:\Program Files\Microsoft\jdk-17.0.15.6-hotspot\bin;C:\Program Files\Python312\Scripts\;C:\Program Files\Python312\;c:\Users\STUDENT\AppData\Local\Programs\cursor\resources\app\bin;C:\Program Files\Common Files\Oracle\Java\javapath;C:\Windows\system32;C:\Windows;C:\Windows\System32\Wbem;C:\Windows\System32\WindowsPowerShell\v1.0\;C:\Windows\System32\OpenSSH\;C:\Program Files\Git\cmd;C:\Program Files\Git\bin;C:\Users\STUDENT\AppData\Local\Microsoft\WindowsApps;C:\Program Files\Java\jdk-22;c:\Users\STUDENT\AppData\Local\Programs\cursor\resources\app\bin;c:\Users\STUDENT\AppData\Local\Programs\cursor\resources\app\bin;C:\Users\STUDENT\AppData\Roaming\Python\Python312\Scripts;C:\Program Files\MATLAB\R2024a\bin;C:\Program Files\Docker\Docker\resources\bin;C:\Users\STUDENT\Downloads\apache-maven-3.9.9\bin;C:\Program Files\CMake\bin;C:\Program Files\nodejs\;C:\ProgramData\chocolatey\bin;C:\Users\STUDENT\AppData\Local\Microsoft\WindowsApps;C:\Users\STUDENT\AppData\Local\Programs\Microsoft VS Code\bin;C:\Program Files\Java\jdk-22;C:\Program Files\JetBrains\IntelliJ IDEA Community Edition 2024.2.2\bin;;C:\msys64\ucrt64\bin;C:\Users\STUDENT\AppData\Local\Programs\cursor\resources\app\bin;C:\Users\STUDENT\AppData\Roaming\npm;C:\Users\STUDENT\AppData\Local\Android\Sdk\platform-tools;
USERNAME=MARLYN_MAYIENGA
OS=Windows_NT
PROCESSOR_IDENTIFIER=Intel64 Family 6 Model 186 Stepping 3, GenuineIntel
TMP=C:\Users\STUDENT\AppData\Local\Temp
TEMP=C:\Users\STUDENT\AppData\Local\Temp



Periodic native trim disabled


---------------  S Y S T E M  ---------------

OS:
 Windows 11 , 64 bit Build 22621 (10.0.22621.5262)
OS uptime: 4 days 18:12 hours
Hyper-V role detected

CPU: total 12 (initial active 12) (6 cores per cpu, 2 threads per core) family 6 model 186 stepping 3 microcode 0x4123, cx8, cmov, fxsr, ht, mmx, 3dnowpref, sse, sse2, sse3, ssse3, sse4.1, sse4.2, popcnt, lzcnt, tsc, tscinvbit, avx, avx2, aes, erms, clmul, bmi1, bmi2, adx, sha, fma, vzeroupper, clflush, clflushopt, clwb, hv
Processor Information for the first 12 processors :
  Max Mhz: 1700, Current Mhz: 1700, Mhz Limit: 1700

Memory: 4k page, system-wide physical 16016M (1859M free)
TotalPageFile size 65168M (AvailPageFile size 8M)
current process WorkingSet (physical memory assigned to process): 315M, peak: 317M
current process commit charge ("private bytes"): 362M, peak: 446M

vm_info: OpenJDK 64-Bit Server VM (17.0.15+6-LTS) for windows-amd64 JRE (17.0.15+6-LTS), built on Apr  9 2025 22:27:25 by "MicrosoftCorporation" with unknown MS VC++:1939

END.
