#
# There is insufficient memory for the Java Runtime Environment to continue.
# Native memory allocation (mmap) failed to map 51380224 bytes. Error detail: G1 virtual space
# Possible reasons:
#   The system is out of physical RAM or swap space
#   This process is running with CompressedOops enabled, and the Java Heap may be blocking the growth of the native heap
# Possible solutions:
#   Reduce memory load on the system
#   Increase physical memory or swap space
#   Check if swap backing store is full
#   Decrease Java heap size (-Xmx/-Xms)
#   Decrease number of Java threads
#   Decrease Java thread stack sizes (-Xss)
#   Set larger code cache with -XX:ReservedCodeCacheSize=
#   JVM is running with Unscaled Compressed Oops mode in which the Java heap is
#     placed in the first 4GB address space. The Java Heap base address is the
#     maximum limit for the native heap growth. Please use -XX:HeapBaseMinAddress
#     to set the Java Heap base and to place the Java Heap above 4GB virtual address.
# This output file may be truncated or incomplete.
#
#  Out of Memory Error (os_windows.cpp:3710), pid=16452, tid=27896
#
# JRE version: OpenJDK Runtime Environment Microsoft-11369865 (17.0.15+6) (build 17.0.15+6-LTS)
# Java VM: OpenJDK 64-Bit Server VM Microsoft-11369865 (17.0.15+6-LTS, mixed mode, sharing, tiered, compressed oops, compressed class ptrs, g1 gc, windows-amd64)
# No core dump will be written. Minidumps are not enabled by default on client versions of Windows
#

---------------  S U M M A R Y ------------

Command Line: -XX:MaxMetaspaceSize=512m --add-opens=java.base/java.util=ALL-UNNAMED --add-opens=java.base/java.lang=ALL-UNNAMED --add-opens=java.base/java.lang.invoke=ALL-UNNAMED --add-opens=java.prefs/java.util.prefs=ALL-UNNAMED --add-opens=java.base/java.nio.charset=ALL-UNNAMED --add-opens=java.base/java.net=ALL-UNNAMED --add-opens=java.base/java.util.concurrent.atomic=ALL-UNNAMED -Xmx2048m -Dfile.encoding=utf8 -Duser.country=US -Duser.language=en -Duser.variant org.gradle.launcher.daemon.bootstrap.GradleDaemon 8.0.1

Host: 13th Gen Intel(R) Core(TM) i7-1355U, 12 cores, 15G,  Windows 11 , 64 bit Build 22621 (10.0.22621.5262)
Time: Mon Jun  2 17:55:25 2025 South Africa Standard Time elapsed time: 53.278365 seconds (0d 0h 0m 53s)

---------------  T H R E A D  ---------------

Current thread (0x000001815dc67b00):  VMThread "VM Thread" [stack: 0x000000349de00000,0x000000349df00000] [id=27896]

Stack: [0x000000349de00000,0x000000349df00000]
Native frames: (J=compiled Java code, j=interpreted, Vv=VM code, C=native code)
V  [jvm.dll+0x6887a9]
V  [jvm.dll+0x83f5a8]
V  [jvm.dll+0x841053]
V  [jvm.dll+0x8416c3]
V  [jvm.dll+0x2496ef]
V  [jvm.dll+0x6856e9]
V  [jvm.dll+0x679b7a]
V  [jvm.dll+0x30b0d7]
V  [jvm.dll+0x312646]
V  [jvm.dll+0x36300e]
V  [jvm.dll+0x36324d]
V  [jvm.dll+0x2e236c]
V  [jvm.dll+0x2e0719]
V  [jvm.dll+0x2dfe7c]
V  [jvm.dll+0x322a2b]
V  [jvm.dll+0x845efd]
V  [jvm.dll+0x846c33]
V  [jvm.dll+0x84715f]
V  [jvm.dll+0x847544]
V  [jvm.dll+0x84760e]
V  [jvm.dll+0x7ef2dc]
V  [jvm.dll+0x687687]
C  [ucrtbase.dll+0x29333]
C  [KERNEL32.DLL+0x1259d]
C  [ntdll.dll+0x5af58]

VM_Operation (0x00000034a3efa0e0): G1CollectForAllocation, mode: safepoint, requested by thread 0x0000018100c2ddf0


---------------  P R O C E S S  ---------------

Threads class SMR info:
_java_thread_list=0x000001817eac0f20, length=125, elements={
0x000001813f32b870, 0x000001815dc6b140, 0x000001815dc6cfd0, 0x000001815dc7e1b0,
0x000001817d0080d0, 0x000001817d0086a0, 0x000001817d009060, 0x000001817d015710,
0x000001817d0367e0, 0x000001817d0499b0, 0x000001817d1a5130, 0x000001817d1ac860,
0x000001817ed7d1c0, 0x000001817e8a3120, 0x000001817f6aaf00, 0x000001817e79fbe0,
0x000001817f3d0020, 0x000001817f0deea0, 0x000001817ef00200, 0x000001817ef00c20,
0x000001817ef02060, 0x000001817ef00710, 0x000001817ef01640, 0x000001817ef02f90,
0x000001817ef034a0, 0x000001817ef01130, 0x000001817ef039b0, 0x0000018100218300,
0x00000181002173d0, 0x0000018100219c50, 0x0000018100219230, 0x000001810021a670,
0x000001810021ab80, 0x0000018100215570, 0x000001810021b5a0, 0x0000018100219740,
0x000001810021bab0, 0x0000018100216ec0, 0x0000018100218810, 0x0000018100215060,
0x000001810021c9e0, 0x0000018100215a80, 0x00000181002164a0, 0x000001817dc949f0,
0x000001817dc91c60, 0x000001817dc944e0, 0x000001817dc93ac0, 0x000001817dc95410,
0x000001817dc92680, 0x000001817dc94f00, 0x000001817dc930a0, 0x000001817dc96340,
0x000001817dc935b0, 0x000001817dc95920, 0x000001817dc93fd0, 0x000001817dc95e30,
0x000001817dc96850, 0x000001817dc96d60, 0x000001817dc92170, 0x000001817dc986b0,
0x000001817dc97270, 0x000001817dc92b90, 0x000001817dc97c90, 0x000001817dc981a0,
0x000001817dc98bc0, 0x000001817dc91750, 0x000001817ef01b50, 0x0000018100c2f230,
0x0000018100c315a0, 0x0000018100c2d8e0, 0x0000018100c30670, 0x0000018100c2f740,
0x0000018100c2c4a0, 0x0000018100c2c9b0, 0x0000018100c2b060, 0x0000018100c30b80,
0x0000018100c30160, 0x0000018100c2ba80, 0x0000018100c31fc0, 0x0000018100c2ab50,
0x0000018100c2e810, 0x0000018100c2ddf0, 0x0000018100c324d0, 0x0000018100c2b570,
0x0000018100c2ed20, 0x0000018102372610, 0x0000018102373540, 0x0000018102370cc0,
0x0000018102372b20, 0x00000181023758b0, 0x0000018102373030, 0x0000018102374470,
0x0000018102373a50, 0x0000018102375dc0, 0x000001810236f880, 0x00000181023707b0,
0x0000018102374e90, 0x00000181023767e0, 0x00000181023711d0, 0x0000018102372100,
0x00000181023716e0, 0x0000018102377200, 0x0000018102371bf0, 0x0000018102376cf0,
0x000001810236fd90, 0x00000181023753a0, 0x0000018102373f60, 0x00000181023762d0,
0x0000018102374980, 0x00000181023702a0, 0x000001810394a2b0, 0x0000018103947010,
0x000001810394e480, 0x0000018103949890, 0x0000018103947520, 0x0000018103947a30,
0x000001810394a7c0, 0x000001810394acd0, 0x000001810394b1e0, 0x0000018103948e70,
0x000001810394c620, 0x000001810394da60, 0x0000018103947f40, 0x000001810394c110,
0x000001817d301350
}

Java Threads: ( => current thread )
  0x000001813f32b870 JavaThread "main" [_thread_blocked, id=12568, stack(0x000000349d800000,0x000000349d900000)]
  0x000001815dc6b140 JavaThread "Reference Handler" daemon [_thread_blocked, id=7552, stack(0x000000349df00000,0x000000349e000000)]
  0x000001815dc6cfd0 JavaThread "Finalizer" daemon [_thread_blocked, id=24824, stack(0x000000349e000000,0x000000349e100000)]
  0x000001815dc7e1b0 JavaThread "Signal Dispatcher" daemon [_thread_blocked, id=28340, stack(0x000000349e100000,0x000000349e200000)]
  0x000001817d0080d0 JavaThread "Attach Listener" daemon [_thread_blocked, id=22276, stack(0x000000349e200000,0x000000349e300000)]
  0x000001817d0086a0 JavaThread "Service Thread" daemon [_thread_blocked, id=26480, stack(0x000000349e300000,0x000000349e400000)]
  0x000001817d009060 JavaThread "Monitor Deflation Thread" daemon [_thread_blocked, id=25320, stack(0x000000349e400000,0x000000349e500000)]
  0x000001817d015710 JavaThread "C2 CompilerThread0" daemon [_thread_blocked, id=4764, stack(0x000000349e500000,0x000000349e600000)]
  0x000001817d0367e0 JavaThread "C1 CompilerThread0" daemon [_thread_blocked, id=19116, stack(0x000000349e600000,0x000000349e700000)]
  0x000001817d0499b0 JavaThread "Sweeper thread" daemon [_thread_blocked, id=25036, stack(0x000000349e700000,0x000000349e800000)]
  0x000001817d1a5130 JavaThread "Common-Cleaner" daemon [_thread_blocked, id=14824, stack(0x000000349e800000,0x000000349e900000)]
  0x000001817d1ac860 JavaThread "Notification Thread" daemon [_thread_blocked, id=1404, stack(0x000000349e900000,0x000000349ea00000)]
  0x000001817ed7d1c0 JavaThread "Daemon health stats" [_thread_blocked, id=30264, stack(0x000000349f200000,0x000000349f300000)]
  0x000001817e8a3120 JavaThread "Incoming local TCP Connector on port 60297" [_thread_in_native, id=17008, stack(0x000000349eb00000,0x000000349ec00000)]
  0x000001817f6aaf00 JavaThread "Daemon periodic checks" [_thread_blocked, id=17644, stack(0x000000349ec00000,0x000000349ed00000)]
  0x000001817e79fbe0 JavaThread "Daemon" [_thread_blocked, id=27100, stack(0x000000349f300000,0x000000349f400000)]
  0x000001817f3d0020 JavaThread "Handler for socket connection from /127.0.0.1:60297 to /127.0.0.1:60301" [_thread_in_native, id=29448, stack(0x000000349f400000,0x000000349f500000)]
  0x000001817f0deea0 JavaThread "Cancel handler" [_thread_blocked, id=26412, stack(0x000000349f500000,0x000000349f600000)]
  0x000001817ef00200 JavaThread "Daemon worker" [_thread_blocked, id=21212, stack(0x000000349f600000,0x000000349f700000)]
  0x000001817ef00c20 JavaThread "Asynchronous log dispatcher for DefaultDaemonConnection: socket connection from /127.0.0.1:60297 to /127.0.0.1:60301" [_thread_blocked, id=17696, stack(0x000000349f700000,0x000000349f800000)]
  0x000001817ef02060 JavaThread "Stdin handler" [_thread_blocked, id=6044, stack(0x000000349f800000,0x000000349f900000)]
  0x000001817ef00710 JavaThread "Daemon client event forwarder" [_thread_blocked, id=28416, stack(0x000000349f900000,0x000000349fa00000)]
  0x000001817ef01640 JavaThread "Cache worker for journal cache (C:\Users\STUDENT\.gradle\caches\journal-1)" [_thread_blocked, id=6288, stack(0x000000349fa00000,0x000000349fb00000)]
  0x000001817ef02f90 JavaThread "File lock request listener" [_thread_in_native, id=20148, stack(0x000000349fb00000,0x000000349fc00000)]
  0x000001817ef034a0 JavaThread "File lock release action executor" [_thread_blocked, id=23256, stack(0x000000349fd00000,0x000000349fe00000)]
  0x000001817ef01130 JavaThread "Cache worker for file hash cache (C:\Users\STUDENT\.gradle\caches\8.0.1\fileHashes)" [_thread_blocked, id=20052, stack(0x000000349fe00000,0x000000349ff00000)]
  0x000001817ef039b0 JavaThread "File watcher server" daemon [_thread_in_native, id=9108, stack(0x000000349ff00000,0x00000034a0000000)]
  0x0000018100218300 JavaThread "File watcher consumer" daemon [_thread_blocked, id=20948, stack(0x00000034a0000000,0x00000034a0100000)]
  0x00000181002173d0 JavaThread "jar transforms" [_thread_blocked, id=8012, stack(0x00000034a0100000,0x00000034a0200000)]
  0x0000018100219c50 JavaThread "jar transforms Thread 2" [_thread_blocked, id=19788, stack(0x00000034a0200000,0x00000034a0300000)]
  0x0000018100219230 JavaThread "jar transforms Thread 3" [_thread_blocked, id=8016, stack(0x00000034a0300000,0x00000034a0400000)]
  0x000001810021a670 JavaThread "Cache worker for checksums cache (C:\Users\STUDENT\Desktop\kit-wa\mobile\android\.gradle\8.0.1\checksums)" [_thread_blocked, id=24736, stack(0x000000349fc00000,0x000000349fd00000)]
  0x000001810021ab80 JavaThread "Cache worker for cache directory md-rule (C:\Users\STUDENT\.gradle\caches\8.0.1\md-rule)" [_thread_blocked, id=11208, stack(0x00000034a0400000,0x00000034a0500000)]
  0x0000018100215570 JavaThread "Cache worker for file content cache (C:\Users\STUDENT\.gradle\caches\8.0.1\fileContent)" [_thread_blocked, id=22744, stack(0x00000034a0b00000,0x00000034a0c00000)]
  0x000001810021b5a0 JavaThread "Cache worker for file hash cache (C:\Users\STUDENT\Desktop\kit-wa\mobile\android\.gradle\8.0.1\fileHashes)" [_thread_blocked, id=15844, stack(0x00000034a0c00000,0x00000034a0d00000)]
  0x0000018100219740 JavaThread "Cache worker for cache directory md-supplier (C:\Users\STUDENT\.gradle\caches\8.0.1\md-supplier)" [_thread_blocked, id=1868, stack(0x00000034a0d00000,0x00000034a0e00000)]
  0x000001810021bab0 JavaThread "Cache worker for execution history cache (C:\Users\STUDENT\.gradle\caches\8.0.1\executionHistory)" [_thread_blocked, id=26972, stack(0x00000034a0e00000,0x00000034a0f00000)]
  0x0000018100216ec0 JavaThread "jar transforms Thread 4" [_thread_blocked, id=16580, stack(0x00000034a1000000,0x00000034a1100000)]
  0x0000018100218810 JavaThread "jar transforms Thread 5" [_thread_blocked, id=11228, stack(0x00000034a1100000,0x00000034a1200000)]
  0x0000018100215060 JavaThread "jar transforms Thread 6" [_thread_blocked, id=19512, stack(0x00000034a1300000,0x00000034a1400000)]
  0x000001810021c9e0 JavaThread "jar transforms Thread 7" [_thread_blocked, id=13704, stack(0x00000034a1400000,0x00000034a1500000)]
  0x0000018100215a80 JavaThread "jar transforms Thread 8" [_thread_blocked, id=7952, stack(0x00000034a1500000,0x00000034a1600000)]
  0x00000181002164a0 JavaThread "jar transforms Thread 9" [_thread_blocked, id=19588, stack(0x00000034a1600000,0x00000034a1700000)]
  0x000001817dc949f0 JavaThread "jar transforms Thread 10" [_thread_blocked, id=15156, stack(0x00000034a1700000,0x00000034a1800000)]
  0x000001817dc91c60 JavaThread "jar transforms Thread 11" [_thread_blocked, id=30240, stack(0x00000034a0f00000,0x00000034a1000000)]
  0x000001817dc944e0 JavaThread "jar transforms Thread 12" [_thread_blocked, id=15068, stack(0x00000034a1800000,0x00000034a1900000)]
  0x000001817dc93ac0 JavaThread "Cache worker for kotlin-dsl (C:\Users\STUDENT\.gradle\caches\8.0.1\kotlin-dsl)" [_thread_blocked, id=11584, stack(0x00000034a1900000,0x00000034a1a00000)]
  0x000001817dc95410 JavaThread "Cache worker for dependencies-accessors (C:\Users\STUDENT\Desktop\kit-wa\mobile\android\.gradle\8.0.1\dependencies-accessors)" [_thread_blocked, id=3440, stack(0x00000034a1a00000,0x00000034a1b00000)]
  0x000001817dc92680 JavaThread "Cache worker for Build Output Cleanup Cache (C:\Users\STUDENT\Desktop\kit-wa\mobile\android\.gradle\buildOutputCleanup)" [_thread_blocked, id=19356, stack(0x00000034a1d00000,0x00000034a1e00000)]
  0x000001817dc94f00 JavaThread "Cache worker for Build Output Cleanup Cache (C:\Users\STUDENT\Desktop\kit-wa\mobile\node_modules\@react-native\gradle-plugin\.gradle\buildOutputCleanup)" [_thread_blocked, id=7956, stack(0x00000034a1e00000,0x00000034a1f00000)]
  0x000001817dc930a0 JavaThread "Unconstrained build operations" [_thread_blocked, id=12716, stack(0x00000034a1f00000,0x00000034a2000000)]
  0x000001817dc96340 JavaThread "Unconstrained build operations Thread 2" [_thread_blocked, id=30428, stack(0x00000034a2000000,0x00000034a2100000)]
  0x000001817dc935b0 JavaThread "Unconstrained build operations Thread 3" [_thread_blocked, id=4556, stack(0x00000034a2100000,0x00000034a2200000)]
  0x000001817dc95920 JavaThread "Unconstrained build operations Thread 4" [_thread_blocked, id=21476, stack(0x00000034a2200000,0x00000034a2300000)]
  0x000001817dc93fd0 JavaThread "Unconstrained build operations Thread 5" [_thread_blocked, id=18260, stack(0x00000034a2300000,0x00000034a2400000)]
  0x000001817dc95e30 JavaThread "Unconstrained build operations Thread 6" [_thread_blocked, id=3308, stack(0x00000034a2400000,0x00000034a2500000)]
  0x000001817dc96850 JavaThread "Unconstrained build operations Thread 7" [_thread_blocked, id=19088, stack(0x00000034a2500000,0x00000034a2600000)]
  0x000001817dc96d60 JavaThread "Unconstrained build operations Thread 8" [_thread_blocked, id=29876, stack(0x00000034a2600000,0x00000034a2700000)]
  0x000001817dc92170 JavaThread "Unconstrained build operations Thread 9" [_thread_blocked, id=16416, stack(0x00000034a2700000,0x00000034a2800000)]
  0x000001817dc986b0 JavaThread "Unconstrained build operations Thread 10" [_thread_blocked, id=4520, stack(0x00000034a2800000,0x00000034a2900000)]
  0x000001817dc97270 JavaThread "Unconstrained build operations Thread 11" [_thread_blocked, id=15488, stack(0x00000034a2900000,0x00000034a2a00000)]
  0x000001817dc92b90 JavaThread "Unconstrained build operations Thread 12" [_thread_blocked, id=30632, stack(0x00000034a2a00000,0x00000034a2b00000)]
  0x000001817dc97c90 JavaThread "Unconstrained build operations Thread 13" [_thread_blocked, id=21448, stack(0x00000034a2b00000,0x00000034a2c00000)]
  0x000001817dc981a0 JavaThread "Unconstrained build operations Thread 14" [_thread_blocked, id=27596, stack(0x00000034a2c00000,0x00000034a2d00000)]
  0x000001817dc98bc0 JavaThread "Unconstrained build operations Thread 15" [_thread_blocked, id=5020, stack(0x00000034a2d00000,0x00000034a2e00000)]
  0x000001817dc91750 JavaThread "Unconstrained build operations Thread 16" [_thread_blocked, id=12964, stack(0x00000034a2e00000,0x00000034a2f00000)]
  0x000001817ef01b50 JavaThread "Unconstrained build operations Thread 17" [_thread_blocked, id=29952, stack(0x00000034a2f00000,0x00000034a3000000)]
  0x0000018100c2f230 JavaThread "Unconstrained build operations Thread 18" [_thread_blocked, id=27872, stack(0x00000034a3000000,0x00000034a3100000)]
  0x0000018100c315a0 JavaThread "Unconstrained build operations Thread 19" [_thread_blocked, id=28624, stack(0x00000034a3100000,0x00000034a3200000)]
  0x0000018100c2d8e0 JavaThread "Unconstrained build operations Thread 20" [_thread_blocked, id=28612, stack(0x00000034a3200000,0x00000034a3300000)]
  0x0000018100c30670 JavaThread "Unconstrained build operations Thread 21" [_thread_blocked, id=4576, stack(0x00000034a3300000,0x00000034a3400000)]
  0x0000018100c2f740 JavaThread "Unconstrained build operations Thread 22" [_thread_blocked, id=29196, stack(0x00000034a3400000,0x00000034a3500000)]
  0x0000018100c2c4a0 JavaThread "Unconstrained build operations Thread 23" [_thread_blocked, id=11384, stack(0x00000034a3500000,0x00000034a3600000)]
  0x0000018100c2c9b0 JavaThread "Unconstrained build operations Thread 24" [_thread_blocked, id=28548, stack(0x00000034a3600000,0x00000034a3700000)]
  0x0000018100c2b060 JavaThread "Unconstrained build operations Thread 25" [_thread_blocked, id=16892, stack(0x00000034a3700000,0x00000034a3800000)]
  0x0000018100c30b80 JavaThread "Unconstrained build operations Thread 26" [_thread_blocked, id=20500, stack(0x00000034a3800000,0x00000034a3900000)]
  0x0000018100c30160 JavaThread "Memory manager" [_thread_blocked, id=15588, stack(0x00000034a3900000,0x00000034a3a00000)]
  0x0000018100c2ba80 JavaThread "included builds" [_thread_blocked, id=12868, stack(0x00000034a3a00000,0x00000034a3b00000)]
  0x0000018100c31fc0 JavaThread "Execution worker" [_thread_blocked, id=27772, stack(0x00000034a3b00000,0x00000034a3c00000)]
  0x0000018100c2ab50 JavaThread "Execution worker Thread 2" [_thread_blocked, id=22648, stack(0x00000034a3c00000,0x00000034a3d00000)]
  0x0000018100c2e810 JavaThread "Execution worker Thread 3" [_thread_blocked, id=25984, stack(0x00000034a3d00000,0x00000034a3e00000)]
  0x0000018100c2ddf0 JavaThread "Execution worker Thread 4" [_thread_blocked, id=18448, stack(0x00000034a3e00000,0x00000034a3f00000)]
  0x0000018100c324d0 JavaThread "Execution worker Thread 5" [_thread_blocked, id=29324, stack(0x00000034a3f00000,0x00000034a4000000)]
  0x0000018100c2b570 JavaThread "Execution worker Thread 6" [_thread_blocked, id=7564, stack(0x00000034a4000000,0x00000034a4100000)]
  0x0000018100c2ed20 JavaThread "Execution worker Thread 7" [_thread_blocked, id=4840, stack(0x00000034a4100000,0x00000034a4200000)]
  0x0000018102372610 JavaThread "Execution worker Thread 8" [_thread_blocked, id=29524, stack(0x00000034a4200000,0x00000034a4300000)]
  0x0000018102373540 JavaThread "Execution worker Thread 9" [_thread_blocked, id=26216, stack(0x00000034a4300000,0x00000034a4400000)]
  0x0000018102370cc0 JavaThread "Execution worker Thread 10" [_thread_blocked, id=11688, stack(0x00000034a4400000,0x00000034a4500000)]
  0x0000018102372b20 JavaThread "Execution worker Thread 11" [_thread_blocked, id=9680, stack(0x00000034a4500000,0x00000034a4600000)]
  0x00000181023758b0 JavaThread "Cache worker for execution history cache (C:\Users\STUDENT\Desktop\kit-wa\mobile\node_modules\@react-native\gradle-plugin\.gradle\8.0.1\executionHistory)" [_thread_blocked, id=24480, stack(0x00000034a4600000,0x00000034a4700000)]
  0x0000018102373030 JavaThread "Unconstrained build operations Thread 27" [_thread_blocked, id=2560, stack(0x00000034a4700000,0x00000034a4800000)]
  0x0000018102374470 JavaThread "Unconstrained build operations Thread 28" [_thread_blocked, id=18812, stack(0x00000034a4800000,0x00000034a4900000)]
  0x0000018102373a50 JavaThread "Unconstrained build operations Thread 29" [_thread_blocked, id=29504, stack(0x00000034a4900000,0x00000034a4a00000)]
  0x0000018102375dc0 JavaThread "Unconstrained build operations Thread 30" [_thread_blocked, id=25224, stack(0x00000034a4a00000,0x00000034a4b00000)]
  0x000001810236f880 JavaThread "Unconstrained build operations Thread 31" [_thread_blocked, id=19320, stack(0x00000034a4b00000,0x00000034a4c00000)]
  0x00000181023707b0 JavaThread "Unconstrained build operations Thread 32" [_thread_blocked, id=26920, stack(0x00000034a4c00000,0x00000034a4d00000)]
  0x0000018102374e90 JavaThread "Unconstrained build operations Thread 33" [_thread_blocked, id=10320, stack(0x00000034a4d00000,0x00000034a4e00000)]
  0x00000181023767e0 JavaThread "Unconstrained build operations Thread 34" [_thread_blocked, id=4284, stack(0x00000034a4e00000,0x00000034a4f00000)]
  0x00000181023711d0 JavaThread "Unconstrained build operations Thread 35" [_thread_blocked, id=25012, stack(0x00000034a4f00000,0x00000034a5000000)]
  0x0000018102372100 JavaThread "Unconstrained build operations Thread 36" [_thread_blocked, id=24512, stack(0x00000034a5000000,0x00000034a5100000)]
  0x00000181023716e0 JavaThread "Unconstrained build operations Thread 37" [_thread_blocked, id=26252, stack(0x00000034a5100000,0x00000034a5200000)]
  0x0000018102377200 JavaThread "Unconstrained build operations Thread 38" [_thread_blocked, id=12184, stack(0x00000034a5200000,0x00000034a5300000)]
  0x0000018102371bf0 JavaThread "Unconstrained build operations Thread 39" [_thread_blocked, id=16788, stack(0x00000034a5300000,0x00000034a5400000)]
  0x0000018102376cf0 JavaThread "Unconstrained build operations Thread 40" [_thread_blocked, id=28812, stack(0x00000034a5400000,0x00000034a5500000)]
  0x000001810236fd90 JavaThread "Unconstrained build operations Thread 41" [_thread_blocked, id=26308, stack(0x00000034a5500000,0x00000034a5600000)]
  0x00000181023753a0 JavaThread "Unconstrained build operations Thread 42" [_thread_blocked, id=10912, stack(0x00000034a5600000,0x00000034a5700000)]
  0x0000018102373f60 JavaThread "Unconstrained build operations Thread 43" [_thread_blocked, id=23880, stack(0x00000034a5700000,0x00000034a5800000)]
  0x00000181023762d0 JavaThread "Unconstrained build operations Thread 44" [_thread_blocked, id=26964, stack(0x00000034a5800000,0x00000034a5900000)]
  0x0000018102374980 JavaThread "Unconstrained build operations Thread 45" [_thread_blocked, id=25904, stack(0x00000034a5900000,0x00000034a5a00000)]
  0x00000181023702a0 JavaThread "Unconstrained build operations Thread 46" [_thread_blocked, id=23912, stack(0x00000034a5a00000,0x00000034a5b00000)]
  0x000001810394a2b0 JavaThread "Unconstrained build operations Thread 47" [_thread_blocked, id=28788, stack(0x00000034a5b00000,0x00000034a5c00000)]
  0x0000018103947010 JavaThread "Unconstrained build operations Thread 48" [_thread_blocked, id=2928, stack(0x00000034a5c00000,0x00000034a5d00000)]
  0x000001810394e480 JavaThread "Unconstrained build operations Thread 49" [_thread_blocked, id=25576, stack(0x00000034a5d00000,0x00000034a5e00000)]
  0x0000018103949890 JavaThread "Unconstrained build operations Thread 50" [_thread_blocked, id=5928, stack(0x00000034a5e00000,0x00000034a5f00000)]
  0x0000018103947520 JavaThread "Unconstrained build operations Thread 51" [_thread_blocked, id=25192, stack(0x00000034a5f00000,0x00000034a6000000)]
  0x0000018103947a30 JavaThread "Unconstrained build operations Thread 52" [_thread_blocked, id=27164, stack(0x00000034a6000000,0x00000034a6100000)]
  0x000001810394a7c0 JavaThread "WorkerExecutor Queue" [_thread_blocked, id=24372, stack(0x00000034a6100000,0x00000034a6200000)]
  0x000001810394acd0 JavaThread "RMI Scheduler(0)" daemon [_thread_blocked, id=29832, stack(0x00000034a1b00000,0x00000034a1c00000)]
  0x000001810394b1e0 JavaThread "RMI RenewClean-[127.0.0.1:17918,org.jetbrains.kotlin.daemon.common.LoopbackNetworkInterface$ClientLoopbackSocketFactory@b57423]" daemon [_thread_blocked, id=9684, stack(0x00000034a1c00000,0x00000034a1d00000)]
  0x0000018103948e70 JavaThread "RMI GC Daemon" daemon [_thread_blocked, id=1020, stack(0x00000034a6200000,0x00000034a6300000)]
  0x000001810394c620 JavaThread "RMI RenewClean-[127.0.0.1:17024,org.jetbrains.kotlin.daemon.common.LoopbackNetworkInterface$ClientLoopbackSocketFactory@1a6d6330]" daemon [_thread_blocked, id=19120, stack(0x00000034a6300000,0x00000034a6400000)]
  0x000001810394da60 JavaThread "RMI TCP Accept-0" daemon [_thread_in_native, id=12560, stack(0x00000034a6400000,0x00000034a6500000)]
  0x0000018103947f40 JavaThread "RMI Reaper" [_thread_blocked, id=10324, stack(0x00000034a6500000,0x00000034a6600000)]
  0x000001810394c110 JavaThread "RMI TCP Connection(idle)" daemon [_thread_blocked, id=10420, stack(0x00000034a6600000,0x00000034a6700000)]
  0x000001817d301350 JavaThread "C2 CompilerThread1" daemon [_thread_blocked, id=24564, stack(0x00000034a6700000,0x00000034a6800000)]

Other Threads:
=>0x000001815dc67b00 VMThread "VM Thread" [stack: 0x000000349de00000,0x000000349df00000] [id=27896]
  0x000001817d1ad150 WatcherThread [stack: 0x000000349ea00000,0x000000349eb00000] [id=16192]
  0x000001813f388eb0 GCTaskThread "GC Thread#0" [stack: 0x000000349d900000,0x000000349da00000] [id=20744]
  0x000001817dce1d90 GCTaskThread "GC Thread#1" [stack: 0x000000349ed00000,0x000000349ee00000] [id=12376]
  0x000001817d908f20 GCTaskThread "GC Thread#2" [stack: 0x000000349ee00000,0x000000349ef00000] [id=19364]
  0x000001817d7c76d0 GCTaskThread "GC Thread#3" [stack: 0x000000349ef00000,0x000000349f000000] [id=30368]
  0x000001817d7c7990 GCTaskThread "GC Thread#4" [stack: 0x000000349f000000,0x000000349f100000] [id=16628]
  0x000001817dbc8350 GCTaskThread "GC Thread#5" [stack: 0x000000349f100000,0x000000349f200000] [id=23920]
  0x000001817dbc8090 GCTaskThread "GC Thread#6" [stack: 0x00000034a0500000,0x00000034a0600000] [id=21148]
  0x000001817dbc72d0 GCTaskThread "GC Thread#7" [stack: 0x00000034a0600000,0x00000034a0700000] [id=30268]
  0x000001817dbc7b10 GCTaskThread "GC Thread#8" [stack: 0x00000034a0700000,0x00000034a0800000] [id=26992]
  0x000001817dbc7850 GCTaskThread "GC Thread#9" [stack: 0x00000034a0800000,0x00000034a0900000] [id=11592]
  0x000001813f399e00 ConcurrentGCThread "G1 Main Marker" [stack: 0x000000349da00000,0x000000349db00000] [id=17064]
  0x000001813f39b830 ConcurrentGCThread "G1 Conc#0" [stack: 0x000000349db00000,0x000000349dc00000] [id=18856]
  0x0000018100f9af30 ConcurrentGCThread "G1 Conc#1" [stack: 0x00000034a0900000,0x00000034a0a00000] [id=12224]
  0x0000018100f9ddf0 ConcurrentGCThread "G1 Conc#2" [stack: 0x00000034a0a00000,0x00000034a0b00000] [id=30284]
  0x000001815db265f0 ConcurrentGCThread "G1 Refine#0" [stack: 0x000000349dc00000,0x000000349dd00000] [id=25384]
  0x000001815db26e30 ConcurrentGCThread "G1 Service" [stack: 0x000000349dd00000,0x000000349de00000] [id=17896]

Threads with active compile tasks:
C2 CompilerThread0    53343 9397   !   4       java.util.concurrent.locks.AbstractQueuedSynchronizer::acquire (407 bytes)
C1 CompilerThread0    53344 9406       3       org.gradle.tooling.internal.provider.runner.BuildPhaseOperationListener::finished (63 bytes)
C2 CompilerThread1    53344 9412       4       java.io.ObjectOutputStream::annotateClass (1 bytes)

VM state: at safepoint (normal execution)

VM Mutex/Monitor currently owned by a thread:  ([mutex/lock_event])
[0x000001813cf5c6a0] Threads_lock - owner thread: 0x000001815dc67b00
[0x000001813cf5ca90] Heap_lock - owner thread: 0x0000018100c2ddf0

Heap address: 0x0000000080000000, size: 2048 MB, Compressed Oops mode: 32-bit

CDS archive(s) mapped at: [0x000001815e000000-0x000001815ebb0000-0x000001815ebb0000), size 12255232, SharedBaseAddress: 0x000001815e000000, ArchiveRelocationMode: 1.
Compressed class space mapped at: 0x000001815f000000-0x0000018179000000, reserved size: 436207616
Narrow klass base: 0x000001815e000000, Narrow klass shift: 0, Narrow klass range: 0x100000000

GC Precious Log:
 CPUs: 12 total, 12 available
 Memory: 16016M
 Large Page Support: Disabled
 NUMA Support: Disabled
 Compressed Oops: Enabled (32-bit)
 Heap Region Size: 1M
 Heap Min Capacity: 8M
 Heap Initial Capacity: 252M
 Heap Max Capacity: 2G
 Pre-touch: Disabled
 Parallel Workers: 10
 Concurrent Workers: 3
 Concurrent Refinement Workers: 10
 Periodic GC: Disabled

Heap:
 garbage-first heap   total 104448K, used 67370K [0x0000000080000000, 0x0000000100000000)
  region size 1024K, 2 young (2048K), 2 survivors (2048K)
 Metaspace       used 68696K, committed 69632K, reserved 491520K
  class space    used 9636K, committed 10048K, reserved 425984K

Heap Regions: E=young(eden), S=young(survivor), O=old, HS=humongous(starts), HC=humongous(continues), CS=collection set, F=free, OA=open archive, CA=closed archive, TAMS=top-at-mark-start (previous, next)
|   0|0x0000000080000000, 0x0000000080100000, 0x0000000080100000|100%|HS|  |TAMS 0x0000000080100000, 0x0000000080000000| Complete 
|   1|0x0000000080100000, 0x0000000080200000, 0x0000000080200000|100%|HC|  |TAMS 0x0000000080200000, 0x0000000080100000| Complete 
|   2|0x0000000080200000, 0x0000000080300000, 0x0000000080300000|100%|HC|  |TAMS 0x0000000080300000, 0x0000000080200000| Complete 
|   3|0x0000000080300000, 0x0000000080400000, 0x0000000080400000|100%|HC|  |TAMS 0x0000000080400000, 0x0000000080300000| Complete 
|   4|0x0000000080400000, 0x0000000080500000, 0x0000000080500000|100%| O|  |TAMS 0x0000000080500000, 0x0000000080400000| Untracked 
|   5|0x0000000080500000, 0x0000000080600000, 0x0000000080600000|100%| O|  |TAMS 0x0000000080600000, 0x0000000080500000| Untracked 
|   6|0x0000000080600000, 0x0000000080700000, 0x0000000080700000|100%| O|  |TAMS 0x0000000080700000, 0x0000000080600000| Untracked 
|   7|0x0000000080700000, 0x0000000080800000, 0x0000000080800000|100%| O|  |TAMS 0x0000000080800000, 0x0000000080700000| Untracked 
|   8|0x0000000080800000, 0x0000000080900000, 0x0000000080900000|100%| O|  |TAMS 0x0000000080900000, 0x0000000080800000| Untracked 
|   9|0x0000000080900000, 0x0000000080a00000, 0x0000000080a00000|100%| O|  |TAMS 0x0000000080a00000, 0x0000000080900000| Untracked 
|  10|0x0000000080a00000, 0x0000000080b00000, 0x0000000080b00000|100%| O|  |TAMS 0x0000000080b00000, 0x0000000080a00000| Untracked 
|  11|0x0000000080b00000, 0x0000000080c00000, 0x0000000080c00000|100%| O|  |TAMS 0x0000000080c00000, 0x0000000080b00000| Untracked 
|  12|0x0000000080c00000, 0x0000000080d00000, 0x0000000080d00000|100%| O|  |TAMS 0x0000000080d00000, 0x0000000080c00000| Untracked 
|  13|0x0000000080d00000, 0x0000000080e00000, 0x0000000080e00000|100%| O|  |TAMS 0x0000000080e00000, 0x0000000080d00000| Untracked 
|  14|0x0000000080e00000, 0x0000000080f00000, 0x0000000080f00000|100%| O|  |TAMS 0x0000000080f00000, 0x0000000080e00000| Untracked 
|  15|0x0000000080f00000, 0x0000000081000000, 0x0000000081000000|100%| O|  |TAMS 0x0000000081000000, 0x0000000080f00000| Untracked 
|  16|0x0000000081000000, 0x0000000081100000, 0x0000000081100000|100%| O|  |TAMS 0x0000000081100000, 0x0000000081000000| Untracked 
|  17|0x0000000081100000, 0x0000000081200000, 0x0000000081200000|100%| O|  |TAMS 0x0000000081200000, 0x0000000081100000| Untracked 
|  18|0x0000000081200000, 0x0000000081300000, 0x0000000081300000|100%| O|  |TAMS 0x0000000081300000, 0x0000000081200000| Untracked 
|  19|0x0000000081300000, 0x0000000081400000, 0x0000000081400000|100%| O|  |TAMS 0x0000000081400000, 0x0000000081300000| Untracked 
|  20|0x0000000081400000, 0x0000000081500000, 0x0000000081500000|100%| O|  |TAMS 0x0000000081500000, 0x0000000081400000| Untracked 
|  21|0x0000000081500000, 0x0000000081600000, 0x0000000081600000|100%| O|  |TAMS 0x0000000081600000, 0x0000000081500000| Untracked 
|  22|0x0000000081600000, 0x0000000081700000, 0x0000000081700000|100%| O|  |TAMS 0x0000000081700000, 0x0000000081600000| Untracked 
|  23|0x0000000081700000, 0x0000000081800000, 0x0000000081800000|100%| O|  |TAMS 0x0000000081800000, 0x0000000081700000| Untracked 
|  24|0x0000000081800000, 0x0000000081900000, 0x0000000081900000|100%| O|  |TAMS 0x0000000081900000, 0x0000000081800000| Untracked 
|  25|0x0000000081900000, 0x0000000081a00000, 0x0000000081a00000|100%| O|  |TAMS 0x0000000081a00000, 0x0000000081900000| Untracked 
|  26|0x0000000081a00000, 0x0000000081b00000, 0x0000000081b00000|100%| O|  |TAMS 0x0000000081b00000, 0x0000000081a00000| Untracked 
|  27|0x0000000081b00000, 0x0000000081c00000, 0x0000000081c00000|100%| O|  |TAMS 0x0000000081c00000, 0x0000000081b00000| Untracked 
|  28|0x0000000081c00000, 0x0000000081d00000, 0x0000000081d00000|100%| O|  |TAMS 0x0000000081d00000, 0x0000000081c00000| Untracked 
|  29|0x0000000081d00000, 0x0000000081e00000, 0x0000000081e00000|100%| O|  |TAMS 0x0000000081e00000, 0x0000000081d00000| Untracked 
|  30|0x0000000081e00000, 0x0000000081f00000, 0x0000000081f00000|100%| O|  |TAMS 0x0000000081f00000, 0x0000000081e00000| Untracked 
|  31|0x0000000081f00000, 0x0000000082000000, 0x0000000082000000|100%| O|  |TAMS 0x0000000082000000, 0x0000000081f00000| Untracked 
|  32|0x0000000082000000, 0x0000000082100000, 0x0000000082100000|100%| O|  |TAMS 0x0000000082100000, 0x0000000082000000| Untracked 
|  33|0x0000000082100000, 0x0000000082200000, 0x0000000082200000|100%| O|  |TAMS 0x0000000082200000, 0x0000000082100000| Untracked 
|  34|0x0000000082200000, 0x0000000082300000, 0x0000000082300000|100%| O|  |TAMS 0x0000000082300000, 0x0000000082200000| Untracked 
|  35|0x0000000082300000, 0x0000000082400000, 0x0000000082400000|100%| O|  |TAMS 0x0000000082400000, 0x0000000082300000| Untracked 
|  36|0x0000000082400000, 0x0000000082500000, 0x0000000082500000|100%| O|  |TAMS 0x0000000082500000, 0x0000000082400000| Untracked 
|  37|0x0000000082500000, 0x0000000082600000, 0x0000000082600000|100%| O|  |TAMS 0x0000000082600000, 0x0000000082500000| Untracked 
|  38|0x0000000082600000, 0x0000000082700000, 0x0000000082700000|100%| O|  |TAMS 0x0000000082700000, 0x0000000082600000| Untracked 
|  39|0x0000000082700000, 0x0000000082800000, 0x0000000082800000|100%| O|  |TAMS 0x0000000082800000, 0x0000000082700000| Untracked 
|  40|0x0000000082800000, 0x0000000082900000, 0x0000000082900000|100%| O|  |TAMS 0x0000000082900000, 0x0000000082800000| Untracked 
|  41|0x0000000082900000, 0x0000000082a00000, 0x0000000082a00000|100%| O|  |TAMS 0x0000000082900000, 0x0000000082900000| Untracked 
|  42|0x0000000082a00000, 0x0000000082b00000, 0x0000000082b00000|100%|HS|  |TAMS 0x0000000082b00000, 0x0000000082a00000| Complete 
|  43|0x0000000082b00000, 0x0000000082c00000, 0x0000000082c00000|100%|HC|  |TAMS 0x0000000082c00000, 0x0000000082b00000| Complete 
|  44|0x0000000082c00000, 0x0000000082d00000, 0x0000000082d00000|100%|HS|  |TAMS 0x0000000082d00000, 0x0000000082c00000| Complete 
|  45|0x0000000082d00000, 0x0000000082e00000, 0x0000000082e00000|100%|HC|  |TAMS 0x0000000082e00000, 0x0000000082d00000| Complete 
|  46|0x0000000082e00000, 0x0000000082f00000, 0x0000000082f00000|100%|HC|  |TAMS 0x0000000082f00000, 0x0000000082e00000| Complete 
|  47|0x0000000082f00000, 0x0000000083000000, 0x0000000083000000|100%|HC|  |TAMS 0x0000000083000000, 0x0000000082f00000| Complete 
|  48|0x0000000083000000, 0x0000000083100000, 0x0000000083100000|100%| O|  |TAMS 0x0000000083100000, 0x0000000083000000| Untracked 
|  49|0x0000000083100000, 0x0000000083200000, 0x0000000083200000|100%| O|  |TAMS 0x0000000083200000, 0x0000000083100000| Untracked 
|  50|0x0000000083200000, 0x0000000083300000, 0x0000000083300000|100%| O|  |TAMS 0x0000000083200000, 0x0000000083200000| Untracked 
|  51|0x0000000083300000, 0x0000000083400000, 0x0000000083400000|100%| O|  |TAMS 0x0000000083400000, 0x0000000083300000| Untracked 
|  52|0x0000000083400000, 0x0000000083500000, 0x0000000083500000|100%| O|  |TAMS 0x0000000083500000, 0x0000000083400000| Untracked 
|  53|0x0000000083500000, 0x0000000083600000, 0x0000000083600000|100%| O|  |TAMS 0x0000000083600000, 0x0000000083500000| Untracked 
|  54|0x0000000083600000, 0x0000000083700000, 0x0000000083700000|100%| O|  |TAMS 0x0000000083700000, 0x0000000083600000| Untracked 
|  55|0x0000000083700000, 0x0000000083800000, 0x0000000083800000|100%| O|  |TAMS 0x0000000083800000, 0x0000000083700000| Untracked 
|  56|0x0000000083800000, 0x0000000083900000, 0x0000000083900000|100%| O|  |TAMS 0x000000008383d600, 0x0000000083800000| Untracked 
|  57|0x0000000083900000, 0x0000000083a00000, 0x0000000083a00000|100%| O|  |TAMS 0x0000000083900000, 0x0000000083900000| Untracked 
|  58|0x0000000083a00000, 0x0000000083b00000, 0x0000000083b00000|100%| O|  |TAMS 0x0000000083a00000, 0x0000000083a00000| Untracked 
|  59|0x0000000083b00000, 0x0000000083c00000, 0x0000000083c00000|100%| O|  |TAMS 0x0000000083b00000, 0x0000000083b00000| Untracked 
|  60|0x0000000083c00000, 0x0000000083d00000, 0x0000000083d00000|100%| O|  |TAMS 0x0000000083c00000, 0x0000000083c00000| Untracked 
|  61|0x0000000083d00000, 0x0000000083e00000, 0x0000000083e00000|100%| O|  |TAMS 0x0000000083d00000, 0x0000000083d00000| Untracked 
|  62|0x0000000083e00000, 0x0000000083f00000, 0x0000000083f00000|100%| O|  |TAMS 0x0000000083e00000, 0x0000000083e00000| Untracked 
|  63|0x0000000083f00000, 0x0000000083fe8400, 0x0000000084000000| 90%| O|  |TAMS 0x0000000083f00000, 0x0000000083f00000| Untracked 
|  64|0x0000000084000000, 0x0000000084000000, 0x0000000084100000|  0%| F|  |TAMS 0x0000000084000000, 0x0000000084000000| Untracked 
|  65|0x0000000084100000, 0x0000000084100000, 0x0000000084200000|  0%| F|  |TAMS 0x0000000084100000, 0x0000000084100000| Untracked 
|  66|0x0000000084200000, 0x0000000084200000, 0x0000000084300000|  0%| F|  |TAMS 0x0000000084200000, 0x0000000084200000| Untracked 
|  67|0x0000000084300000, 0x0000000084300000, 0x0000000084400000|  0%| F|  |TAMS 0x0000000084300000, 0x0000000084300000| Untracked 
|  68|0x0000000084400000, 0x0000000084400000, 0x0000000084500000|  0%| F|  |TAMS 0x0000000084400000, 0x0000000084400000| Untracked 
|  69|0x0000000084500000, 0x0000000084500000, 0x0000000084600000|  0%| F|  |TAMS 0x0000000084500000, 0x0000000084500000| Untracked 
|  70|0x0000000084600000, 0x0000000084600000, 0x0000000084700000|  0%| F|  |TAMS 0x0000000084600000, 0x0000000084600000| Untracked 
|  71|0x0000000084700000, 0x0000000084700000, 0x0000000084800000|  0%| F|  |TAMS 0x0000000084700000, 0x0000000084700000| Untracked 
|  72|0x0000000084800000, 0x0000000084800000, 0x0000000084900000|  0%| F|  |TAMS 0x0000000084800000, 0x0000000084800000| Untracked 
|  73|0x0000000084900000, 0x0000000084900000, 0x0000000084a00000|  0%| F|  |TAMS 0x0000000084900000, 0x0000000084900000| Untracked 
|  74|0x0000000084a00000, 0x0000000084a00000, 0x0000000084b00000|  0%| F|  |TAMS 0x0000000084a00000, 0x0000000084a00000| Untracked 
|  75|0x0000000084b00000, 0x0000000084b00000, 0x0000000084c00000|  0%| F|  |TAMS 0x0000000084b00000, 0x0000000084b00000| Untracked 
|  76|0x0000000084c00000, 0x0000000084c00000, 0x0000000084d00000|  0%| F|  |TAMS 0x0000000084c00000, 0x0000000084c00000| Untracked 
|  77|0x0000000084d00000, 0x0000000084d00000, 0x0000000084e00000|  0%| F|  |TAMS 0x0000000084d00000, 0x0000000084d00000| Untracked 
|  78|0x0000000084e00000, 0x0000000084e00000, 0x0000000084f00000|  0%| F|  |TAMS 0x0000000084e00000, 0x0000000084e00000| Untracked 
|  79|0x0000000084f00000, 0x0000000084f00000, 0x0000000085000000|  0%| F|  |TAMS 0x0000000084f00000, 0x0000000084f00000| Untracked 
|  80|0x0000000085000000, 0x00000000850e2660, 0x0000000085100000| 88%| S|CS|TAMS 0x0000000085000000, 0x0000000085000000| Complete 
|  81|0x0000000085100000, 0x0000000085200000, 0x0000000085200000|100%| S|CS|TAMS 0x0000000085100000, 0x0000000085100000| Complete 
|  82|0x0000000085200000, 0x0000000085200000, 0x0000000085300000|  0%| F|  |TAMS 0x0000000085200000, 0x0000000085200000| Untracked 
|  83|0x0000000085300000, 0x0000000085300000, 0x0000000085400000|  0%| F|  |TAMS 0x0000000085300000, 0x0000000085300000| Untracked 
|  84|0x0000000085400000, 0x0000000085400000, 0x0000000085500000|  0%| F|  |TAMS 0x0000000085400000, 0x0000000085400000| Untracked 
|  85|0x0000000085500000, 0x0000000085500000, 0x0000000085600000|  0%| F|  |TAMS 0x0000000085500000, 0x0000000085500000| Untracked 
|  86|0x0000000085600000, 0x0000000085600000, 0x0000000085700000|  0%| F|  |TAMS 0x0000000085600000, 0x0000000085600000| Untracked 
| 136|0x0000000088800000, 0x0000000088800000, 0x0000000088900000|  0%| F|  |TAMS 0x0000000088800000, 0x0000000088800000| Untracked 
| 137|0x0000000088900000, 0x0000000088900000, 0x0000000088a00000|  0%| F|  |TAMS 0x0000000088900000, 0x0000000088900000| Untracked 
| 138|0x0000000088a00000, 0x0000000088a00000, 0x0000000088b00000|  0%| F|  |TAMS 0x0000000088a00000, 0x0000000088a00000| Untracked 
| 139|0x0000000088b00000, 0x0000000088b00000, 0x0000000088c00000|  0%| F|  |TAMS 0x0000000088b00000, 0x0000000088b00000| Untracked 
| 140|0x0000000088c00000, 0x0000000088c00000, 0x0000000088d00000|  0%| F|  |TAMS 0x0000000088c00000, 0x0000000088c00000| Untracked 
| 141|0x0000000088d00000, 0x0000000088d00000, 0x0000000088e00000|  0%| F|  |TAMS 0x0000000088d00000, 0x0000000088d00000| Untracked 
| 142|0x0000000088e00000, 0x0000000088e00000, 0x0000000088f00000|  0%| F|  |TAMS 0x0000000088e00000, 0x0000000088e00000| Untracked 
| 143|0x0000000088f00000, 0x0000000088f00000, 0x0000000089000000|  0%| F|  |TAMS 0x0000000088f00000, 0x0000000088f00000| Untracked 
| 144|0x0000000089000000, 0x0000000089000000, 0x0000000089100000|  0%| F|  |TAMS 0x0000000089000000, 0x0000000089000000| Untracked 
| 145|0x0000000089100000, 0x0000000089100000, 0x0000000089200000|  0%| F|  |TAMS 0x0000000089100000, 0x0000000089100000| Untracked 
| 146|0x0000000089200000, 0x0000000089200000, 0x0000000089300000|  0%| F|  |TAMS 0x0000000089200000, 0x0000000089200000| Untracked 
| 147|0x0000000089300000, 0x0000000089300000, 0x0000000089400000|  0%| F|  |TAMS 0x0000000089300000, 0x0000000089300000| Untracked 
| 148|0x0000000089400000, 0x0000000089400000, 0x0000000089500000|  0%| F|  |TAMS 0x0000000089400000, 0x0000000089400000| Untracked 
| 149|0x0000000089500000, 0x0000000089500000, 0x0000000089600000|  0%| F|  |TAMS 0x0000000089500000, 0x0000000089500000| Untracked 
| 251|0x000000008fb00000, 0x000000008fb00000, 0x000000008fc00000|  0%| F|  |TAMS 0x000000008fb00000, 0x000000008fb00000| Untracked 

Card table byte_map: [0x00000181567d0000,0x0000018156bd0000] _byte_map_base: 0x00000181563d0000

Marking Bits (Prev, Next): (CMBitMap*) 0x000001813f3894d0, (CMBitMap*) 0x000001813f389510
 Prev Bits: [0x0000018156fd0000, 0x0000018158fd0000)
 Next Bits: [0x0000018158fd0000, 0x000001815afd0000)

Polling page: 0x000001813d150000

Metaspace:

Usage:
  Non-class:     57.68 MB used.
      Class:      9.41 MB used.
       Both:     67.09 MB used.

Virtual space:
  Non-class space:       64.00 MB reserved,      58.19 MB ( 91%) committed,  1 nodes.
      Class space:      416.00 MB reserved,       9.81 MB (  2%) committed,  1 nodes.
             Both:      480.00 MB reserved,      68.00 MB ( 14%) committed. 

Chunk freelists:
   Non-Class:  4.90 MB
       Class:  6.03 MB
        Both:  10.93 MB

MaxMetaspaceSize: 512.00 MB
CompressedClassSpaceSize: 416.00 MB
Initial GC threshold: 21.00 MB
Current GC threshold: 99.94 MB
CDS: on
MetaspaceReclaimPolicy: balanced
 - commit_granule_bytes: 65536.
 - commit_granule_words: 8192.
 - virtual_space_node_default_size: 8388608.
 - enlarge_chunks_in_place: 1.
 - new_chunks_are_fully_committed: 0.
 - uncommit_free_chunks: 1.
 - use_allocation_guard: 0.
 - handle_deallocations: 1.


Internal statistics:

num_allocs_failed_limit: 6.
num_arena_births: 1204.
num_arena_deaths: 0.
num_vsnodes_births: 2.
num_vsnodes_deaths: 0.
num_space_committed: 1088.
num_space_uncommitted: 0.
num_chunks_returned_to_freelist: 6.
num_chunks_taken_from_freelist: 4122.
num_chunk_merges: 6.
num_chunk_splits: 2601.
num_chunks_enlarged: 1561.
num_inconsistent_stats: 0.

CodeHeap 'non-profiled nmethods': size=120000Kb used=4580Kb max_used=5438Kb free=115419Kb
 bounds [0x000001814e940000, 0x000001814ee90000, 0x0000018155e70000]
CodeHeap 'profiled nmethods': size=120000Kb used=15163Kb max_used=17256Kb free=104836Kb
 bounds [0x0000018146e70000, 0x0000018147f50000, 0x000001814e3a0000]
CodeHeap 'non-nmethods': size=5760Kb used=2397Kb max_used=2444Kb free=3362Kb
 bounds [0x000001814e3a0000, 0x000001814e610000, 0x000001814e940000]
 total_blobs=8929 nmethods=7998 adapters=843
 compilation: enabled
              stopped_count=0, restarted_count=0
 full_count=0

Compilation events (20 events):
Event: 53.251 Thread 0x000001817d0367e0 nmethod 9398 0x0000018147151290 code [0x0000018147151460, 0x0000018147151958]
Event: 53.252 Thread 0x000001817d301350 nmethod 9380 0x000001814eaa4590 code [0x000001814eaa4940, 0x000001814eaa7a38]
Event: 53.259 Thread 0x000001817d0367e0 9399       3       org.gradle.internal.operations.DefaultBuildOperationRunner$BuildOperationTrackingListener::stop (36 bytes)
Event: 53.260 Thread 0x000001817d0367e0 nmethod 9399 0x0000018146faf490 code [0x0000018146faf680, 0x0000018146fafa28]
Event: 53.260 Thread 0x000001817d0367e0 9400       3       org.gradle.internal.operations.DefaultBuildOperationExecutor$ListenerAdapter::stop (92 bytes)
Event: 53.261 Thread 0x000001817d0367e0 nmethod 9400 0x00000181470c8090 code [0x00000181470c82c0, 0x00000181470c8af8]
Event: 53.261 Thread 0x000001817d0367e0 9401       3       org.gradle.internal.operations.OperationFinishEvent::<init> (27 bytes)
Event: 53.262 Thread 0x000001817d0367e0 nmethod 9401 0x0000018146e9b390 code [0x0000018146e9b540, 0x0000018146e9b778]
Event: 53.262 Thread 0x000001817d0367e0 9402       3       org.gradle.tooling.internal.provider.runner.PluginApplicationTracker::finished (1 bytes)
Event: 53.262 Thread 0x000001817d0367e0 nmethod 9402 0x0000018146ebf390 code [0x0000018146ebf520, 0x0000018146ebf638]
Event: 53.262 Thread 0x000001817d0367e0 9403       3       org.gradle.tooling.internal.provider.runner.TaskOriginTracker::finished (1 bytes)
Event: 53.262 Thread 0x000001817d301350 9411  s    4       java.lang.Throwable::fillInStackTrace (29 bytes)
Event: 53.262 Thread 0x000001817d0367e0 nmethod 9403 0x0000018146ecfd90 code [0x0000018146ecff20, 0x0000018146ed0038]
Event: 53.262 Thread 0x000001817d0367e0 9404       3       org.gradle.tooling.internal.provider.runner.ProgressEventConsumer::finished (32 bytes)
Event: 53.263 Thread 0x000001817d0367e0 nmethod 9404 0x0000018147155c10 code [0x0000018147155e00, 0x00000181471562f8]
Event: 53.263 Thread 0x000001817d0367e0 9405       3       org.gradle.tooling.internal.provider.runner.PluginApplicationTracker::discardState (15 bytes)
Event: 53.266 Thread 0x000001817d0367e0 nmethod 9405 0x0000018146ee3610 code [0x0000018146ee37c0, 0x0000018146ee39c8]
Event: 53.266 Thread 0x000001817d0367e0 9406       3       org.gradle.tooling.internal.provider.runner.BuildPhaseOperationListener::finished (63 bytes)
Event: 53.267 Thread 0x000001817d301350 nmethod 9411 0x000001814ec77e10 code [0x000001814ec77fa0, 0x000001814ec78328]
Event: 53.267 Thread 0x000001817d301350 9412       4       java.io.ObjectOutputStream::annotateClass (1 bytes)

GC Heap History (20 events):
Event: 42.674 GC heap after
{Heap after GC invocations=19 (full 0):
 garbage-first heap   total 96256K, used 54663K [0x0000000080000000, 0x0000000100000000)
  region size 1024K, 3 young (3072K), 3 survivors (3072K)
 Metaspace       used 53740K, committed 54528K, reserved 491520K
  class space    used 7512K, committed 7872K, reserved 425984K
}
Event: 42.707 GC heap before
{Heap before GC invocations=19 (full 0):
 garbage-first heap   total 96256K, used 55687K [0x0000000080000000, 0x0000000100000000)
  region size 1024K, 4 young (4096K), 3 survivors (3072K)
 Metaspace       used 53904K, committed 54656K, reserved 491520K
  class space    used 7529K, committed 7872K, reserved 425984K
}
Event: 42.712 GC heap after
{Heap after GC invocations=20 (full 0):
 garbage-first heap   total 96256K, used 54502K [0x0000000080000000, 0x0000000100000000)
  region size 1024K, 1 young (1024K), 1 survivors (1024K)
 Metaspace       used 53904K, committed 54656K, reserved 491520K
  class space    used 7529K, committed 7872K, reserved 425984K
}
Event: 43.392 GC heap before
{Heap before GC invocations=20 (full 0):
 garbage-first heap   total 96256K, used 78054K [0x0000000080000000, 0x0000000100000000)
  region size 1024K, 24 young (24576K), 1 survivors (1024K)
 Metaspace       used 56947K, committed 57664K, reserved 491520K
  class space    used 7926K, committed 8256K, reserved 425984K
}
Event: 43.395 GC heap after
{Heap after GC invocations=21 (full 0):
 garbage-first heap   total 96256K, used 55500K [0x0000000080000000, 0x0000000100000000)
  region size 1024K, 2 young (2048K), 2 survivors (2048K)
 Metaspace       used 56947K, committed 57664K, reserved 491520K
  class space    used 7926K, committed 8256K, reserved 425984K
}
Event: 46.733 GC heap before
{Heap before GC invocations=22 (full 0):
 garbage-first heap   total 97280K, used 78028K [0x0000000080000000, 0x0000000100000000)
  region size 1024K, 25 young (25600K), 2 survivors (2048K)
 Metaspace       used 58621K, committed 59392K, reserved 491520K
  class space    used 8119K, committed 8448K, reserved 425984K
}
Event: 46.739 GC heap after
{Heap after GC invocations=23 (full 0):
 garbage-first heap   total 97280K, used 57068K [0x0000000080000000, 0x0000000100000000)
  region size 1024K, 3 young (3072K), 3 survivors (3072K)
 Metaspace       used 58621K, committed 59392K, reserved 491520K
  class space    used 8119K, committed 8448K, reserved 425984K
}
Event: 46.784 GC heap before
{Heap before GC invocations=23 (full 0):
 garbage-first heap   total 97280K, used 58092K [0x0000000080000000, 0x0000000100000000)
  region size 1024K, 4 young (4096K), 3 survivors (3072K)
 Metaspace       used 58728K, committed 59520K, reserved 491520K
  class space    used 8136K, committed 8512K, reserved 425984K
}
Event: 46.791 GC heap after
{Heap after GC invocations=24 (full 0):
 garbage-first heap   total 97280K, used 57045K [0x0000000080000000, 0x0000000100000000)
  region size 1024K, 1 young (1024K), 1 survivors (1024K)
 Metaspace       used 58728K, committed 59520K, reserved 491520K
  class space    used 8136K, committed 8512K, reserved 425984K
}
Event: 47.382 GC heap before
{Heap before GC invocations=24 (full 0):
 garbage-first heap   total 97280K, used 79573K [0x0000000080000000, 0x0000000100000000)
  region size 1024K, 23 young (23552K), 1 survivors (1024K)
 Metaspace       used 60414K, committed 61248K, reserved 491520K
  class space    used 8407K, committed 8832K, reserved 425984K
}
Event: 47.386 GC heap after
{Heap after GC invocations=25 (full 0):
 garbage-first heap   total 97280K, used 58703K [0x0000000080000000, 0x0000000100000000)
  region size 1024K, 3 young (3072K), 3 survivors (3072K)
 Metaspace       used 60414K, committed 61248K, reserved 491520K
  class space    used 8407K, committed 8832K, reserved 425984K
}
Event: 48.142 GC heap before
{Heap before GC invocations=26 (full 0):
 garbage-first heap   total 104448K, used 79183K [0x0000000080000000, 0x0000000100000000)
  region size 1024K, 23 young (23552K), 3 survivors (3072K)
 Metaspace       used 61865K, committed 62784K, reserved 491520K
  class space    used 8646K, committed 9088K, reserved 425984K
}
Event: 48.147 GC heap after
{Heap after GC invocations=27 (full 0):
 garbage-first heap   total 104448K, used 60085K [0x0000000080000000, 0x0000000100000000)
  region size 1024K, 2 young (2048K), 2 survivors (2048K)
 Metaspace       used 61865K, committed 62784K, reserved 491520K
  class space    used 8646K, committed 9088K, reserved 425984K
}
Event: 48.398 GC heap before
{Heap before GC invocations=27 (full 0):
 garbage-first heap   total 104448K, used 63157K [0x0000000080000000, 0x0000000100000000)
  region size 1024K, 5 young (5120K), 2 survivors (2048K)
 Metaspace       used 61904K, committed 62784K, reserved 491520K
  class space    used 8646K, committed 9088K, reserved 425984K
}
Event: 48.402 GC heap after
{Heap after GC invocations=28 (full 0):
 garbage-first heap   total 104448K, used 59784K [0x0000000080000000, 0x0000000100000000)
  region size 1024K, 1 young (1024K), 1 survivors (1024K)
 Metaspace       used 61904K, committed 62784K, reserved 491520K
  class space    used 8646K, committed 9088K, reserved 425984K
}
Event: 49.638 GC heap before
{Heap before GC invocations=28 (full 0):
 garbage-first heap   total 104448K, used 85384K [0x0000000080000000, 0x0000000100000000)
  region size 1024K, 26 young (26624K), 1 survivors (1024K)
 Metaspace       used 63595K, committed 64512K, reserved 491520K
  class space    used 8902K, committed 9344K, reserved 425984K
}
Event: 49.644 GC heap after
{Heap after GC invocations=29 (full 0):
 garbage-first heap   total 104448K, used 62621K [0x0000000080000000, 0x0000000100000000)
  region size 1024K, 4 young (4096K), 4 survivors (4096K)
 Metaspace       used 63595K, committed 64512K, reserved 491520K
  class space    used 8902K, committed 9344K, reserved 425984K
}
Event: 50.408 GC heap before
{Heap before GC invocations=29 (full 0):
 garbage-first heap   total 104448K, used 85149K [0x0000000080000000, 0x0000000100000000)
  region size 1024K, 26 young (26624K), 4 survivors (4096K)
 Metaspace       used 65671K, committed 66560K, reserved 491520K
  class space    used 9169K, committed 9600K, reserved 425984K
}
Event: 50.417 GC heap after
{Heap after GC invocations=30 (full 0):
 garbage-first heap   total 104448K, used 65482K [0x0000000080000000, 0x0000000100000000)
  region size 1024K, 3 young (3072K), 3 survivors (3072K)
 Metaspace       used 65671K, committed 66560K, reserved 491520K
  class space    used 9169K, committed 9600K, reserved 425984K
}
Event: 53.268 GC heap before
{Heap before GC invocations=30 (full 0):
 garbage-first heap   total 104448K, used 84938K [0x0000000080000000, 0x0000000100000000)
  region size 1024K, 23 young (23552K), 3 survivors (3072K)
 Metaspace       used 68696K, committed 69632K, reserved 491520K
  class space    used 9636K, committed 10048K, reserved 425984K
}

Dll operation events (15 events):
Event: 0.017 Loaded shared library C:\Program Files\Microsoft\jdk-17.0.15.6-hotspot\bin\java.dll
Event: 0.067 Loaded shared library C:\Program Files\Microsoft\jdk-17.0.15.6-hotspot\bin\jsvml.dll
Event: 0.151 Loaded shared library C:\Program Files\Microsoft\jdk-17.0.15.6-hotspot\bin\net.dll
Event: 0.154 Loaded shared library C:\Program Files\Microsoft\jdk-17.0.15.6-hotspot\bin\nio.dll
Event: 0.165 Loaded shared library C:\Program Files\Microsoft\jdk-17.0.15.6-hotspot\bin\zip.dll
Event: 0.670 Loaded shared library C:\Program Files\Microsoft\jdk-17.0.15.6-hotspot\bin\jimage.dll
Event: 0.834 Loaded shared library C:\Program Files\Microsoft\jdk-17.0.15.6-hotspot\bin\verify.dll
Event: 1.233 Loaded shared library C:\Users\STUDENT\.gradle\native\68d5fa5c4cc2d200863cafc0d521ce42e7d3e7ee720ec0a83991735586a16f82\windows-amd64\native-platform.dll
Event: 1.251 Loaded shared library C:\Users\STUDENT\.gradle\native\e376f236ea51e6404a007f0833ffe2c6e607c4080706a723a18a27aeea778392\windows-amd64\native-platform-file-events.dll
Event: 3.124 Loaded shared library C:\Program Files\Microsoft\jdk-17.0.15.6-hotspot\bin\management.dll
Event: 3.128 Loaded shared library C:\Program Files\Microsoft\jdk-17.0.15.6-hotspot\bin\management_ext.dll
Event: 3.618 Loaded shared library C:\Program Files\Microsoft\jdk-17.0.15.6-hotspot\bin\extnet.dll
Event: 4.255 Loaded shared library C:\Program Files\Microsoft\jdk-17.0.15.6-hotspot\bin\sunmscapi.dll
Event: 51.093 Loaded shared library C:\Users\STUDENT\AppData\Local\Temp\native-platform10373047734847035387dir\native-platform.dll
Event: 52.197 Loaded shared library C:\Program Files\Microsoft\jdk-17.0.15.6-hotspot\bin\rmi.dll

Deoptimization events (20 events):
Event: 52.205 Thread 0x000001810394a7c0 Uncommon trap: trap_request=0xffffffc6 fr.pc=0x000001814ee5ac18 relative=0x0000000000003958
Event: 52.205 Thread 0x000001810394a7c0 Uncommon trap: reason=bimorphic_or_optimized_type_check action=maybe_recompile pc=0x000001814ee5ac18 method=java.io.ObjectOutputStream$BlockDataOutputStream.drain()V @ 36 c2
Event: 52.205 Thread 0x000001810394a7c0 DEOPT PACKING pc=0x000001814ee5ac18 sp=0x00000034a61fcc00
Event: 52.205 Thread 0x000001810394a7c0 DEOPT UNPACKING pc=0x000001814e3f69a3 sp=0x00000034a61fca90 mode 2
Event: 52.206 Thread 0x000001810394a7c0 Uncommon trap: trap_request=0xffffffc6 fr.pc=0x000001814ee5ac18 relative=0x0000000000003958
Event: 52.206 Thread 0x000001810394a7c0 Uncommon trap: reason=bimorphic_or_optimized_type_check action=maybe_recompile pc=0x000001814ee5ac18 method=java.io.ObjectOutputStream$BlockDataOutputStream.drain()V @ 36 c2
Event: 52.206 Thread 0x000001810394a7c0 DEOPT PACKING pc=0x000001814ee5ac18 sp=0x00000034a61fcfd0
Event: 52.206 Thread 0x000001810394a7c0 DEOPT UNPACKING pc=0x000001814e3f69a3 sp=0x00000034a61fce60 mode 2
Event: 52.206 Thread 0x000001810394a7c0 Uncommon trap: trap_request=0xffffff45 fr.pc=0x000001814ee5a088 relative=0x0000000000002dc8
Event: 52.207 Thread 0x000001810394a7c0 Uncommon trap: reason=unstable_if action=reinterpret pc=0x000001814ee5a088 method=java.io.ObjectStreamClass$FieldReflector.getObjFieldValues(Ljava/lang/Object;[Ljava/lang/Object;)V @ 39 c2
Event: 52.207 Thread 0x000001810394a7c0 DEOPT PACKING pc=0x000001814ee5a088 sp=0x00000034a61fcd50
Event: 52.207 Thread 0x000001810394a7c0 DEOPT UNPACKING pc=0x000001814e3f69a3 sp=0x00000034a61fcbe8 mode 2
Event: 52.256 Thread 0x000001810394a7c0 Uncommon trap: trap_request=0xffffffde fr.pc=0x000001814eb1108c relative=0x000000000000158c
Event: 52.256 Thread 0x000001810394a7c0 Uncommon trap: reason=class_check action=maybe_recompile pc=0x000001814eb1108c method=java.util.WeakHashMap.matchesKey(Ljava/util/WeakHashMap$Entry;Ljava/lang/Object;)Z @ 21 c2
Event: 52.256 Thread 0x000001810394a7c0 DEOPT PACKING pc=0x000001814eb1108c sp=0x00000034a61fcf40
Event: 52.257 Thread 0x000001810394a7c0 DEOPT UNPACKING pc=0x000001814e3f69a3 sp=0x00000034a61fcec0 mode 2
Event: 53.081 Thread 0x000001817ef00c20 Uncommon trap: trap_request=0xffffff45 fr.pc=0x000001814ed03500 relative=0x0000000000000240
Event: 53.081 Thread 0x000001817ef00c20 Uncommon trap: reason=unstable_if action=reinterpret pc=0x000001814ed03500 method=com.esotericsoftware.kryo.io.Output.writeString(Ljava/lang/CharSequence;)V @ 50 c2
Event: 53.081 Thread 0x000001817ef00c20 DEOPT PACKING pc=0x000001814ed03500 sp=0x000000349f7fef30
Event: 53.081 Thread 0x000001817ef00c20 DEOPT UNPACKING pc=0x000001814e3f69a3 sp=0x000000349f7feec0 mode 2

Classes loaded (20 events):
Event: 52.329 Loading class sun/rmi/transport/tcp/TCPTransport$ConnectionHandler
Event: 52.329 Loading class sun/rmi/transport/tcp/TCPTransport$ConnectionHandler done
Event: 52.337 Loading class sun/rmi/transport/Transport$1
Event: 52.337 Loading class sun/rmi/transport/Transport$1 done
Event: 52.339 Loading class sun/rmi/transport/DGCImpl$LeaseInfo
Event: 52.339 Loading class sun/rmi/transport/DGCImpl$LeaseInfo done
Event: 52.339 Loading class sun/rmi/transport/DGCImpl$1
Event: 52.339 Loading class sun/rmi/transport/DGCImpl$1 done
Event: 52.339 Loading class sun/rmi/transport/SequenceEntry
Event: 52.340 Loading class sun/rmi/transport/SequenceEntry done
Event: 53.064 Loading class sun/net/ConnectionResetException
Event: 53.065 Loading class sun/net/ConnectionResetException done
Event: 53.069 Loading class java/lang/Throwable$WrappedPrintWriter
Event: 53.069 Loading class java/lang/Throwable$PrintStreamOrWriter
Event: 53.069 Loading class java/lang/Throwable$PrintStreamOrWriter done
Event: 53.069 Loading class java/lang/Throwable$WrappedPrintWriter done
Event: 53.069 Loading class java/lang/StackTraceElement$HashedModules
Event: 53.070 Loading class java/lang/StackTraceElement$HashedModules done
Event: 53.079 Loading class sun/net/util/SocketExceptions
Event: 53.079 Loading class sun/net/util/SocketExceptions done

Classes unloaded (0 events):
No events

Classes redefined (0 events):
No events

Internal exceptions (20 events):
Event: 52.207 Thread 0x000001810394a7c0 Exception <a 'java/lang/NoSuchMethodError'{0x00000000855c9ca0}: static [B.<clinit>()V> (0x00000000855c9ca0) 
thrown [s\src\hotspot\share\prims\jni.cpp, line 1112]
Event: 52.213 Thread 0x000001810394b1e0 Exception <a 'java/lang/InterruptedException'{0x00000000855d5aa8}> (0x00000000855d5aa8) 
thrown [s\src\hotspot\share\runtime\objectMonitor.cpp, line 1658]
Event: 52.213 Thread 0x000001810394b1e0 Exception <a 'java/lang/NoSuchMethodError'{0x00000000855d6f08}: 'java.lang.Object java.lang.invoke.DirectMethodHandle$Holder.invokeSpecial(java.lang.Object, java.lang.Object, int, java.lang.Object, long)'> (0x00000000855d6f08) 
thrown [s\src\hotspot\share\interpreter\linkResolver.cpp, line 759]
Event: 52.214 Thread 0x000001810394b1e0 Exception <a 'java/lang/NoSuchMethodError'{0x00000000855e2a08}: 'java.lang.Object java.lang.invoke.DirectMethodHandle$Holder.newInvokeSpecial(java.lang.Object, java.lang.Object, int, java.lang.Object, long)'> (0x00000000855e2a08) 
thrown [s\src\hotspot\share\interpreter\linkResolver.cpp, line 759]
Event: 52.230 Thread 0x000001810394a7c0 Exception <a 'java/lang/NoSuchMethodError'{0x0000000085413290}: static Lorg/jetbrains/kotlin/daemon/common/CompileService$CallResult;.<clinit>()V> (0x0000000085413290) 
thrown [s\src\hotspot\share\prims\jni.cpp, line 1112]
Event: 52.231 Thread 0x000001810394a7c0 Exception <a 'java/lang/NoSuchMethodError'{0x000000008541f188}: static Lorg/jetbrains/kotlin/daemon/common/CompileService$CallResult$Good;.<clinit>()V> (0x000000008541f188) 
thrown [s\src\hotspot\share\prims\jni.cpp, line 1112]
Event: 52.232 Thread 0x000001810394a7c0 Exception <a 'java/lang/NoSuchMethodError'{0x000000008542c400}: static Lorg/jetbrains/kotlin/daemon/common/DaemonJVMOptions;.<clinit>()V> (0x000000008542c400) 
thrown [s\src\hotspot\share\prims\jni.cpp, line 1112]
Event: 52.265 Thread 0x000001810394c620 Exception <a 'java/lang/InterruptedException'{0x0000000085444020}> (0x0000000085444020) 
thrown [s\src\hotspot\share\runtime\objectMonitor.cpp, line 1658]
Event: 52.282 Thread 0x000001810394a7c0 Exception <a 'java/lang/NoSuchMethodError'{0x000000008545c0d8}: static Lorg/jetbrains/kotlin/daemon/common/CompileService$CallResult$Ok;.<clinit>()V> (0x000000008545c0d8) 
thrown [s\src\hotspot\share\prims\jni.cpp, line 1112]
Event: 52.313 Thread 0x000001810394a7c0 Exception <a 'java/lang/NoSuchMethodError'{0x000000008531bcb8}: static [Ljava/lang/Integer;.<clinit>()V> (0x000000008531bcb8) 
thrown [s\src\hotspot\share\prims\jni.cpp, line 1112]
Event: 53.065 Thread 0x000001810394c110 Exception <a 'sun/net/ConnectionResetException'{0x00000000853cf390}: Connection reset> (0x00000000853cf390) 
thrown [s\src\hotspot\share\prims\jni.cpp, line 535]
Event: 53.065 Thread 0x000001810394a7c0 Exception <a 'sun/net/ConnectionResetException'{0x000000008539e8d0}: Connection reset> (0x000000008539e8d0) 
thrown [s\src\hotspot\share\prims\jni.cpp, line 535]
Event: 53.079 Thread 0x000001810394a7c0 Exception <a 'java/net/ConnectException'{0x00000000853fa680}: Connection refused: connect> (0x00000000853fa680) 
thrown [s\src\hotspot\share\prims\jni.cpp, line 535]
Event: 53.079 Thread 0x000001810394a7c0 Exception <a 'java/net/SocketException'{0x00000000853fac60}: Socket is not connected: shutdown> (0x00000000853fac60) 
thrown [s\src\hotspot\share\prims\jni.cpp, line 535]
Event: 53.093 Thread 0x000001810394a7c0 Exception <a 'java/net/ConnectException'{0x00000000853fb808}: Connection refused: connect> (0x00000000853fb808) 
thrown [s\src\hotspot\share\prims\jni.cpp, line 535]
Event: 53.093 Thread 0x000001810394a7c0 Exception <a 'java/net/SocketException'{0x00000000853fcd20}: Socket is not connected: shutdown> (0x00000000853fcd20) 
thrown [s\src\hotspot\share\prims\jni.cpp, line 535]
Event: 53.105 Thread 0x000001810394a7c0 Exception <a 'java/net/ConnectException'{0x00000000853fd7f8}: Connection refused: connect> (0x00000000853fd7f8) 
thrown [s\src\hotspot\share\prims\jni.cpp, line 535]
Event: 53.105 Thread 0x000001810394a7c0 Exception <a 'java/net/SocketException'{0x00000000853fddd8}: Socket is not connected: shutdown> (0x00000000853fddd8) 
thrown [s\src\hotspot\share\prims\jni.cpp, line 535]
Event: 53.263 Thread 0x000001817ef00710 Exception <a 'java/lang/NoSuchMethodError'{0x00000000852e8bb0}: static Lorg/gradle/internal/build/event/types/DefaultFailureResult;.<clinit>()V> (0x00000000852e8bb0) 
thrown [s\src\hotspot\share\prims\jni.cpp, line 1112]
Event: 53.268 Thread 0x000001817ef00710 Exception <a 'java/lang/NoSuchMethodError'{0x00000000852fe188}: static Lorg/gradle/internal/build/event/types/DefaultFailure;.<clinit>()V> (0x00000000852fe188) 
thrown [s\src\hotspot\share\prims\jni.cpp, line 1112]

VM Operations (20 events):
Event: 50.428 Executing VM operation: HandshakeAllThreads done
Event: 50.973 Executing VM operation: HandshakeAllThreads
Event: 50.973 Executing VM operation: HandshakeAllThreads done
Event: 51.974 Executing VM operation: Cleanup
Event: 51.974 Executing VM operation: Cleanup done
Event: 52.155 Executing VM operation: HandshakeAllThreads
Event: 52.156 Executing VM operation: HandshakeAllThreads done
Event: 53.067 Executing VM operation: HandshakeAllThreads
Event: 53.067 Executing VM operation: HandshakeAllThreads done
Event: 53.067 Executing VM operation: Cleanup
Event: 53.067 Executing VM operation: Cleanup done
Event: 53.067 Executing VM operation: HandshakeAllThreads
Event: 53.067 Executing VM operation: HandshakeAllThreads done
Event: 53.098 Executing VM operation: HandshakeAllThreads
Event: 53.099 Executing VM operation: HandshakeAllThreads done
Event: 53.151 Executing VM operation: HandshakeAllThreads
Event: 53.152 Executing VM operation: HandshakeAllThreads done
Event: 53.265 Executing VM operation: HandshakeAllThreads
Event: 53.265 Executing VM operation: HandshakeAllThreads done
Event: 53.268 Executing VM operation: G1CollectForAllocation

Memory protections (0 events):
No events

Nmethod flushes (20 events):
Event: 53.171 Thread 0x000001817d0499b0 flushing  nmethod 0x0000018147b70190
Event: 53.171 Thread 0x000001817d0499b0 flushing  nmethod 0x0000018147b76210
Event: 53.171 Thread 0x000001817d0499b0 flushing  nmethod 0x0000018147b76810
Event: 53.171 Thread 0x000001817d0499b0 flushing  nmethod 0x0000018147b9e910
Event: 53.171 Thread 0x000001817d0499b0 flushing  nmethod 0x0000018147be5810
Event: 53.172 Thread 0x000001817d0499b0 flushing  nmethod 0x0000018147cc2510
Event: 53.172 Thread 0x000001817d0499b0 flushing  nmethod 0x0000018147cc3090
Event: 53.172 Thread 0x000001817d0499b0 flushing  nmethod 0x0000018147cc9590
Event: 53.173 Thread 0x000001817d0499b0 flushing  nmethod 0x0000018147cd4410
Event: 53.173 Thread 0x000001817d0499b0 flushing  nmethod 0x0000018147d86010
Event: 53.173 Thread 0x000001817d0499b0 flushing  nmethod 0x0000018147d87610
Event: 53.173 Thread 0x000001817d0499b0 flushing  nmethod 0x0000018147d8ae10
Event: 53.174 Thread 0x000001817d0499b0 flushing  nmethod 0x0000018147d94090
Event: 53.174 Thread 0x000001817d0499b0 flushing  nmethod 0x0000018147da2b10
Event: 53.174 Thread 0x000001817d0499b0 flushing  nmethod 0x0000018147dae690
Event: 53.174 Thread 0x000001817d0499b0 flushing  nmethod 0x0000018147dd8f90
Event: 53.174 Thread 0x000001817d0499b0 flushing  nmethod 0x0000018147ddd090
Event: 53.174 Thread 0x000001817d0499b0 flushing  nmethod 0x0000018147e0f790
Event: 53.174 Thread 0x000001817d0499b0 flushing  nmethod 0x0000018147e4bf10
Event: 53.175 Thread 0x000001817d0499b0 flushing  nmethod 0x0000018147ee4890

Events (20 events):
Event: 50.552 Thread 0x0000018100c2ddf0 Thread added: 0x0000018103947a30
Event: 50.919 Thread 0x0000018100c2ddf0 Thread added: 0x000001810394a7c0
Event: 51.114 Thread 0x000001810394a7c0 Thread added: 0x0000018103947f40
Event: 52.113 Thread 0x0000018101a553d0 Thread exited: 0x0000018101a553d0
Event: 52.113 Thread 0x0000018101a57e50 Thread exited: 0x0000018101a57e50
Event: 52.113 Thread 0x0000018103947f40 Thread exited: 0x0000018103947f40
Event: 52.184 Thread 0x000001810394a7c0 Thread added: 0x000001810394acd0
Event: 52.194 Thread 0x000001810394a7c0 Thread added: 0x000001810394b1e0
Event: 52.198 Thread 0x000001810394a7c0 Thread added: 0x0000018103948e70
Event: 52.256 Thread 0x000001810394a7c0 Thread added: 0x000001810394c620
Event: 52.304 Thread 0x000001810394a7c0 Thread added: 0x000001810394da60
Event: 52.304 Thread 0x000001810394a7c0 Thread added: 0x0000018103947f40
Event: 52.330 Thread 0x000001810394da60 Thread added: 0x000001810394c110
Event: 52.334 Thread 0x000001817d0367e0 Thread added: 0x000001817d301350
Event: 52.934 Thread 0x000001817d301350 Thread exited: 0x000001817d301350
Event: 53.072 Thread 0x000001817d0367e0 Thread added: 0x000001817d301350
Event: 53.073 Thread 0x000001817d0367e0 Thread added: 0x000001817d302340
Event: 53.144 Thread 0x000001810394a7c0 Thread added: 0x000001810394cb30
Event: 53.250 Thread 0x000001810394cb30 Thread exited: 0x000001810394cb30
Event: 53.259 Thread 0x000001817d302340 Thread exited: 0x000001817d302340


Dynamic libraries:
0x00007ff6cd7d0000 - 0x00007ff6cd7de000 	C:\Program Files\Microsoft\jdk-17.0.15.6-hotspot\bin\java.exe
0x00007ffd28e90000 - 0x00007ffd290a7000 	C:\Windows\SYSTEM32\ntdll.dll
0x00007ffd27bb0000 - 0x00007ffd27c74000 	C:\Windows\System32\KERNEL32.DLL
0x00007ffd262c0000 - 0x00007ffd26693000 	C:\Windows\System32\KERNELBASE.dll
0x00007ffd25f90000 - 0x00007ffd260a1000 	C:\Windows\System32\ucrtbase.dll
0x00007ffd20ef0000 - 0x00007ffd20f0d000 	C:\Program Files\Microsoft\jdk-17.0.15.6-hotspot\bin\VCRUNTIME140.dll
0x00007ffd20f10000 - 0x00007ffd20f27000 	C:\Program Files\Microsoft\jdk-17.0.15.6-hotspot\bin\jli.dll
0x00007ffd26c60000 - 0x00007ffd26e11000 	C:\Windows\System32\USER32.dll
0x00007ffd26910000 - 0x00007ffd26936000 	C:\Windows\System32\win32u.dll
0x00007ffd06860000 - 0x00007ffd06afb000 	C:\Windows\WinSxS\amd64_microsoft.windows.common-controls_6595b64144ccf1df_6.0.22621.5262_none_2712bde373830908\COMCTL32.dll
0x00007ffd27100000 - 0x00007ffd27129000 	C:\Windows\System32\GDI32.dll
0x00007ffd26940000 - 0x00007ffd26a62000 	C:\Windows\System32\gdi32full.dll
0x00007ffd26b30000 - 0x00007ffd26bd7000 	C:\Windows\System32\msvcrt.dll
0x00007ffd260b0000 - 0x00007ffd2614a000 	C:\Windows\System32\msvcp_win.dll
0x00007ffd271f0000 - 0x00007ffd27221000 	C:\Windows\System32\IMM32.DLL
0x00007ffd21330000 - 0x00007ffd2133c000 	C:\Program Files\Microsoft\jdk-17.0.15.6-hotspot\bin\vcruntime140_1.dll
0x00007ffcf8cd0000 - 0x00007ffcf8d5d000 	C:\Program Files\Microsoft\jdk-17.0.15.6-hotspot\bin\msvcp140.dll
0x00007ffcd4330000 - 0x00007ffcd4fa2000 	C:\Program Files\Microsoft\jdk-17.0.15.6-hotspot\bin\server\jvm.dll
0x00007ffd27130000 - 0x00007ffd271e1000 	C:\Windows\System32\ADVAPI32.dll
0x00007ffd27d40000 - 0x00007ffd27de7000 	C:\Windows\System32\sechost.dll
0x00007ffd268e0000 - 0x00007ffd26908000 	C:\Windows\System32\bcrypt.dll
0x00007ffd27e60000 - 0x00007ffd27f74000 	C:\Windows\System32\RPCRT4.dll
0x00007ffd26be0000 - 0x00007ffd26c51000 	C:\Windows\System32\WS2_32.dll
0x00007ffd258c0000 - 0x00007ffd2590d000 	C:\Windows\SYSTEM32\POWRPROF.dll
0x00007ffd1de80000 - 0x00007ffd1de8a000 	C:\Windows\SYSTEM32\VERSION.dll
0x00007ffd22a10000 - 0x00007ffd22a44000 	C:\Windows\SYSTEM32\WINMM.dll
0x00007ffd258a0000 - 0x00007ffd258b3000 	C:\Windows\SYSTEM32\UMPDC.dll
0x00007ffd24f90000 - 0x00007ffd24fa8000 	C:\Windows\SYSTEM32\kernel.appcore.dll
0x00007ffd20f40000 - 0x00007ffd20f4a000 	C:\Program Files\Microsoft\jdk-17.0.15.6-hotspot\bin\jimage.dll
0x00007ffd23890000 - 0x00007ffd23ac2000 	C:\Windows\SYSTEM32\DBGHELP.DLL
0x00007ffd27f80000 - 0x00007ffd28313000 	C:\Windows\System32\combase.dll
0x00007ffd26e20000 - 0x00007ffd26ef7000 	C:\Windows\System32\OLEAUT32.dll
0x00007ffd11ee0000 - 0x00007ffd11f12000 	C:\Windows\SYSTEM32\dbgcore.DLL
0x00007ffd266a0000 - 0x00007ffd2671b000 	C:\Windows\System32\bcryptPrimitives.dll
0x00007ffd06b40000 - 0x00007ffd06b65000 	C:\Program Files\Microsoft\jdk-17.0.15.6-hotspot\bin\java.dll
0x00007ffcf2090000 - 0x00007ffcf2166000 	C:\Program Files\Microsoft\jdk-17.0.15.6-hotspot\bin\jsvml.dll
0x00007ffd285b0000 - 0x00007ffd28e4d000 	C:\Windows\System32\SHELL32.dll
0x00007ffd267a0000 - 0x00007ffd268df000 	C:\Windows\System32\wintypes.dll
0x00007ffd23e80000 - 0x00007ffd2479d000 	C:\Windows\SYSTEM32\windows.storage.dll
0x00007ffd26f00000 - 0x00007ffd2700b000 	C:\Windows\System32\SHCORE.dll
0x00007ffd27df0000 - 0x00007ffd27e56000 	C:\Windows\System32\shlwapi.dll
0x00007ffd25ec0000 - 0x00007ffd25eeb000 	C:\Windows\SYSTEM32\profapi.dll
0x00007ffd17df0000 - 0x00007ffd17e0a000 	C:\Program Files\Microsoft\jdk-17.0.15.6-hotspot\bin\net.dll
0x00007ffd219e0000 - 0x00007ffd21b0c000 	C:\Windows\SYSTEM32\WINHTTP.dll
0x00007ffd25400000 - 0x00007ffd2546a000 	C:\Windows\system32\mswsock.dll
0x00007ffd07180000 - 0x00007ffd07196000 	C:\Program Files\Microsoft\jdk-17.0.15.6-hotspot\bin\nio.dll
0x00007ffd06180000 - 0x00007ffd06198000 	C:\Program Files\Microsoft\jdk-17.0.15.6-hotspot\bin\zip.dll
0x00007ffd20ee0000 - 0x00007ffd20ef0000 	C:\Program Files\Microsoft\jdk-17.0.15.6-hotspot\bin\verify.dll
0x00007ffd03160000 - 0x00007ffd03187000 	C:\Users\STUDENT\.gradle\native\68d5fa5c4cc2d200863cafc0d521ce42e7d3e7ee720ec0a83991735586a16f82\windows-amd64\native-platform.dll
0x00007ffcf1f40000 - 0x00007ffcf2084000 	C:\Users\STUDENT\.gradle\native\e376f236ea51e6404a007f0833ffe2c6e607c4080706a723a18a27aeea778392\windows-amd64\native-platform-file-events.dll
0x00007ffd1da90000 - 0x00007ffd1da9a000 	C:\Program Files\Microsoft\jdk-17.0.15.6-hotspot\bin\management.dll
0x00007ffd17db0000 - 0x00007ffd17dbb000 	C:\Program Files\Microsoft\jdk-17.0.15.6-hotspot\bin\management_ext.dll
0x00007ffd27ba0000 - 0x00007ffd27ba8000 	C:\Windows\System32\PSAPI.DLL
0x00007ffd25750000 - 0x00007ffd2576b000 	C:\Windows\SYSTEM32\CRYPTSP.dll
0x00007ffd24ef0000 - 0x00007ffd24f27000 	C:\Windows\system32\rsaenh.dll
0x00007ffd254a0000 - 0x00007ffd254c8000 	C:\Windows\SYSTEM32\USERENV.dll
0x00007ffd25730000 - 0x00007ffd2573c000 	C:\Windows\SYSTEM32\CRYPTBASE.dll
0x00007ffd24a40000 - 0x00007ffd24a6d000 	C:\Windows\SYSTEM32\IPHLPAPI.DLL
0x00007ffd27c90000 - 0x00007ffd27c99000 	C:\Windows\System32\NSI.dll
0x00007ffd1e6a0000 - 0x00007ffd1e6b9000 	C:\Windows\SYSTEM32\dhcpcsvc6.DLL
0x00007ffd1e5d0000 - 0x00007ffd1e5ef000 	C:\Windows\SYSTEM32\dhcpcsvc.DLL
0x00007ffd24a70000 - 0x00007ffd24b68000 	C:\Windows\SYSTEM32\DNSAPI.dll
0x00007ffd11d80000 - 0x00007ffd11d89000 	C:\Program Files\Microsoft\jdk-17.0.15.6-hotspot\bin\extnet.dll
0x00007ffd11cf0000 - 0x00007ffd11cfe000 	C:\Program Files\Microsoft\jdk-17.0.15.6-hotspot\bin\sunmscapi.dll
0x00007ffd26150000 - 0x00007ffd262b7000 	C:\Windows\System32\CRYPT32.dll
0x00007ffd25950000 - 0x00007ffd2597d000 	C:\Windows\SYSTEM32\ncrypt.dll
0x00007ffd25910000 - 0x00007ffd25947000 	C:\Windows\SYSTEM32\NTASN1.dll
0x00007ffcec1a0000 - 0x00007ffcec1a8000 	C:\Windows\system32\wshunix.dll
0x00007ffd200d0000 - 0x00007ffd200ee000 	C:\Users\STUDENT\AppData\Local\Temp\native-platform10373047734847035387dir\native-platform.dll
0x00007ffd20210000 - 0x00007ffd20217000 	C:\Program Files\Microsoft\jdk-17.0.15.6-hotspot\bin\rmi.dll

dbghelp: loaded successfully - version: 4.0.5 - missing functions: none
symbol engine: initialized successfully - sym options: 0x614 - pdb path: .;C:\Program Files\Microsoft\jdk-17.0.15.6-hotspot\bin;C:\Windows\SYSTEM32;C:\Windows\WinSxS\amd64_microsoft.windows.common-controls_6595b64144ccf1df_6.0.22621.5262_none_2712bde373830908;C:\Program Files\Microsoft\jdk-17.0.15.6-hotspot\bin\server;C:\Users\STUDENT\.gradle\native\68d5fa5c4cc2d200863cafc0d521ce42e7d3e7ee720ec0a83991735586a16f82\windows-amd64;C:\Users\STUDENT\.gradle\native\e376f236ea51e6404a007f0833ffe2c6e607c4080706a723a18a27aeea778392\windows-amd64;C:\Users\STUDENT\AppData\Local\Temp\native-platform10373047734847035387dir

VM Arguments:
jvm_args: -XX:MaxMetaspaceSize=512m --add-opens=java.base/java.util=ALL-UNNAMED --add-opens=java.base/java.lang=ALL-UNNAMED --add-opens=java.base/java.lang.invoke=ALL-UNNAMED --add-opens=java.prefs/java.util.prefs=ALL-UNNAMED --add-opens=java.base/java.nio.charset=ALL-UNNAMED --add-opens=java.base/java.net=ALL-UNNAMED --add-opens=java.base/java.util.concurrent.atomic=ALL-UNNAMED -Xmx2048m -Dfile.encoding=utf8 -Duser.country=US -Duser.language=en -Duser.variant 
java_command: org.gradle.launcher.daemon.bootstrap.GradleDaemon 8.0.1
java_class_path (initial): C:\Users\STUDENT\.gradle\wrapper\dists\gradle-8.0.1-all\aro4hu1c3oeioove7l0i4i14o\gradle-8.0.1\lib\gradle-launcher-8.0.1.jar
Launcher Type: SUN_STANDARD

[Global flags]
     intx CICompilerCount                          = 4                                         {product} {ergonomic}
   size_t CompressedClassSpaceSize                 = 436207616                                 {product} {ergonomic}
     uint ConcGCThreads                            = 3                                         {product} {ergonomic}
     uint G1ConcRefinementThreads                  = 10                                        {product} {ergonomic}
   size_t G1HeapRegionSize                         = 1048576                                   {product} {ergonomic}
    uintx GCDrainStackTargetSize                   = 64                                        {product} {ergonomic}
   size_t InitialHeapSize                          = 264241152                                 {product} {ergonomic}
   size_t MarkStackSize                            = 4194304                                   {product} {ergonomic}
   size_t MaxHeapSize                              = 2147483648                                {product} {command line}
   size_t MaxMetaspaceSize                         = 536870912                                 {product} {command line}
   size_t MaxNewSize                               = 1287651328                                {product} {ergonomic}
   size_t MinHeapDeltaBytes                        = 1048576                                   {product} {ergonomic}
   size_t MinHeapSize                              = 8388608                                   {product} {ergonomic}
    uintx NonNMethodCodeHeapSize                   = 5839372                                {pd product} {ergonomic}
    uintx NonProfiledCodeHeapSize                  = 122909434                              {pd product} {ergonomic}
    uintx ProfiledCodeHeapSize                     = 122909434                              {pd product} {ergonomic}
    uintx ReservedCodeCacheSize                    = 251658240                              {pd product} {ergonomic}
     bool SegmentedCodeCache                       = true                                      {product} {ergonomic}
   size_t SoftMaxHeapSize                          = 2147483648                             {manageable} {ergonomic}
     bool UseCompressedClassPointers               = true                           {product lp64_product} {ergonomic}
     bool UseCompressedOops                        = true                           {product lp64_product} {ergonomic}
     bool UseG1GC                                  = true                                      {product} {ergonomic}
     bool UseLargePagesIndividualAllocation        = false                                  {pd product} {ergonomic}

Logging:
Log output configuration:
 #0: stdout all=warning uptime,level,tags
 #1: stderr all=off uptime,level,tags

Environment Variables:
JAVA_HOME=C:\Program Files\Java\jdk-21
PATH=C:\Program Files\Microsoft\jdk-17.0.15.6-hotspot\bin;C:\Program Files\Python312\Scripts\;C:\Program Files\Python312\;c:\Users\STUDENT\AppData\Local\Programs\cursor\resources\app\bin;C:\Program Files\Common Files\Oracle\Java\javapath;C:\Windows\system32;C:\Windows;C:\Windows\System32\Wbem;C:\Windows\System32\WindowsPowerShell\v1.0\;C:\Windows\System32\OpenSSH\;C:\Program Files\Git\cmd;C:\Program Files\Git\bin;C:\Users\STUDENT\AppData\Local\Microsoft\WindowsApps;C:\Program Files\Java\jdk-22;c:\Users\STUDENT\AppData\Local\Programs\cursor\resources\app\bin;c:\Users\STUDENT\AppData\Local\Programs\cursor\resources\app\bin;C:\Users\STUDENT\AppData\Roaming\Python\Python312\Scripts;C:\Program Files\MATLAB\R2024a\bin;C:\Program Files\Docker\Docker\resources\bin;C:\Users\STUDENT\Downloads\apache-maven-3.9.9\bin;C:\Program Files\CMake\bin;C:\Program Files\nodejs\;C:\ProgramData\chocolatey\bin;C:\Users\STUDENT\AppData\Local\Microsoft\WindowsApps;C:\Users\STUDENT\AppData\Local\Programs\Microsoft VS Code\bin;C:\Program Files\Java\jdk-22;C:\Program Files\JetBrains\IntelliJ IDEA Community Edition 2024.2.2\bin;;C:\msys64\ucrt64\bin;C:\Users\STUDENT\AppData\Local\Programs\cursor\resources\app\bin;C:\Users\STUDENT\AppData\Roaming\npm;C:\Users\STUDENT\AppData\Local\Android\Sdk\platform-tools;
USERNAME=MARLYN_MAYIENGA
OS=Windows_NT
PROCESSOR_IDENTIFIER=Intel64 Family 6 Model 186 Stepping 3, GenuineIntel
TMP=C:\Users\STUDENT\AppData\Local\Temp
TEMP=C:\Users\STUDENT\AppData\Local\Temp



Periodic native trim disabled


---------------  S Y S T E M  ---------------

OS:
 Windows 11 , 64 bit Build 22621 (10.0.22621.5262)
OS uptime: 4 days 18:10 hours
Hyper-V role detected

CPU: total 12 (initial active 12) (6 cores per cpu, 2 threads per core) family 6 model 186 stepping 3 microcode 0x4123, cx8, cmov, fxsr, ht, mmx, 3dnowpref, sse, sse2, sse3, ssse3, sse4.1, sse4.2, popcnt, lzcnt, tsc, tscinvbit, avx, avx2, aes, erms, clmul, bmi1, bmi2, adx, sha, fma, vzeroupper, clflush, clflushopt, clwb, hv
Processor Information for processor 0
  Max Mhz: 1700, Current Mhz: 1700, Mhz Limit: 1700
Processor Information for processor 1
  Max Mhz: 1700, Current Mhz: 1700, Mhz Limit: 1700
Processor Information for processor 2
  Max Mhz: 1700, Current Mhz: 1700, Mhz Limit: 1700
Processor Information for processor 3
  Max Mhz: 1700, Current Mhz: 1700, Mhz Limit: 1700
Processor Information for processor 4
  Max Mhz: 1700, Current Mhz: 1558, Mhz Limit: 1700
Processor Information for processor 5
  Max Mhz: 1700, Current Mhz: 1700, Mhz Limit: 1700
Processor Information for processor 6
  Max Mhz: 1700, Current Mhz: 1700, Mhz Limit: 1700
Processor Information for processor 7
  Max Mhz: 1700, Current Mhz: 1700, Mhz Limit: 1700
Processor Information for processor 8
  Max Mhz: 1700, Current Mhz: 1558, Mhz Limit: 1700
Processor Information for processor 9
  Max Mhz: 1700, Current Mhz: 1700, Mhz Limit: 1700
Processor Information for processor 10
  Max Mhz: 1700, Current Mhz: 1700, Mhz Limit: 1700
Processor Information for processor 11
  Max Mhz: 1700, Current Mhz: 1700, Mhz Limit: 1700

Memory: 4k page, system-wide physical 16016M (2713M free)
TotalPageFile size 65168M (AvailPageFile size 28M)
current process WorkingSet (physical memory assigned to process): 329M, peak: 337M
current process commit charge ("private bytes"): 374M, peak: 441M

vm_info: OpenJDK 64-Bit Server VM (17.0.15+6-LTS) for windows-amd64 JRE (17.0.15+6-LTS), built on Apr  9 2025 22:27:25 by "MicrosoftCorporation" with unknown MS VC++:1939

END.
