#
# There is insufficient memory for the Java Runtime Environment to continue.
# Native memory allocation (malloc) failed to allocate 1197696 bytes. Error detail: Chunk::new
# Possible reasons:
#   The system is out of physical RAM or swap space
#   This process is running with CompressedOops enabled, and the Java Heap may be blocking the growth of the native heap
# Possible solutions:
#   Reduce memory load on the system
#   Increase physical memory or swap space
#   Check if swap backing store is full
#   Decrease Java heap size (-Xmx/-Xms)
#   Decrease number of Java threads
#   Decrease Java thread stack sizes (-Xss)
#   Set larger code cache with -XX:ReservedCodeCacheSize=
#   JVM is running with Zero Based Compressed Oops mode in which the Java heap is
#     placed in the first 32GB address space. The Java Heap base address is the
#     maximum limit for the native heap growth. Please use -XX:HeapBaseMinAddress
#     to set the Java Heap base and to place the Java Heap above 32GB virtual address.
# This output file may be truncated or incomplete.
#
#  Out of Memory Error (arena.cpp:191), pid=11648, tid=19052
#
# JRE version: OpenJDK Runtime Environment Microsoft-11369865 (17.0.15+6) (build 17.0.15+6-LTS)
# Java VM: OpenJDK 64-Bit Server VM Microsoft-11369865 (17.0.15+6-LTS, mixed mode, tiered, compressed oops, compressed class ptrs, g1 gc, windows-amd64)
# No core dump will be written. Minidumps are not enabled by default on client versions of Windows
#

---------------  S U M M A R Y ------------

Command Line: org.jetbrains.kotlin.cli.jvm.K2JVMCompiler @C:\Users\STUDENT\Desktop\kit-wa\mobile\node_modules\@react-native\gradle-plugin\build\20250602_3770407574902875404.compiler.options

Host: 13th Gen Intel(R) Core(TM) i7-1355U, 12 cores, 15G,  Windows 11 , 64 bit Build 22621 (10.0.22621.5262)
Time: Mon Jun  2 17:56:00 2025 South Africa Standard Time elapsed time: 34.572509 seconds (0d 0h 0m 34s)

---------------  T H R E A D  ---------------

Current thread (0x0000014990620ec0):  JavaThread "C2 CompilerThread2" daemon [_thread_in_native, id=19052, stack(0x0000000450e00000,0x0000000450f00000)]


Current CompileTask:
C2:  34572 16286       4       org.jetbrains.kotlin.metadata.ProtoBuf$Function::isInitialized (251 bytes)

Stack: [0x0000000450e00000,0x0000000450f00000]
Native frames: (J=compiled Java code, j=interpreted, Vv=VM code, C=native code)
V  [jvm.dll+0x6887a9]
V  [jvm.dll+0x83f5a8]
V  [jvm.dll+0x841053]
V  [jvm.dll+0x8416c3]
V  [jvm.dll+0x2496ef]
V  [jvm.dll+0xad134]
V  [jvm.dll+0xad7cc]
V  [jvm.dll+0x36af2e]
V  [jvm.dll+0x1bd065]
V  [jvm.dll+0x21aa7c]
V  [jvm.dll+0x219d3f]
V  [jvm.dll+0x1a55f6]
V  [jvm.dll+0x22a39a]
V  [jvm.dll+0x2284db]
V  [jvm.dll+0x7f4e28]
V  [jvm.dll+0x7ef2dc]
V  [jvm.dll+0x687687]
C  [ucrtbase.dll+0x29333]
C  [KERNEL32.DLL+0x1259d]
C  [ntdll.dll+0x5af58]


---------------  P R O C E S S  ---------------

Threads class SMR info:
_java_thread_list=0x000001498563c260, length=14, elements={
0x00000149c7edce00, 0x00000149eb0ec260, 0x00000149eb0ee890, 0x00000149800c1280,
0x00000149800bc760, 0x00000149800ae380, 0x00000149800aec50, 0x00000149800afff0,
0x00000149800b1150, 0x00000149800b3b60, 0x000001498022f700, 0x000001498023df70,
0x000001499061cf00, 0x0000014990620ec0
}

Java Threads: ( => current thread )
  0x00000149c7edce00 JavaThread "main" [_thread_in_Java, id=5476, stack(0x000000044fb00000,0x000000044fc00000)]
  0x00000149eb0ec260 JavaThread "Reference Handler" daemon [_thread_blocked, id=22748, stack(0x0000000450200000,0x0000000450300000)]
  0x00000149eb0ee890 JavaThread "Finalizer" daemon [_thread_blocked, id=12984, stack(0x0000000450300000,0x0000000450400000)]
  0x00000149800c1280 JavaThread "Signal Dispatcher" daemon [_thread_blocked, id=27004, stack(0x0000000450400000,0x0000000450500000)]
  0x00000149800bc760 JavaThread "Attach Listener" daemon [_thread_blocked, id=29556, stack(0x0000000450500000,0x0000000450600000)]
  0x00000149800ae380 JavaThread "Service Thread" daemon [_thread_blocked, id=12252, stack(0x0000000450600000,0x0000000450700000)]
  0x00000149800aec50 JavaThread "Monitor Deflation Thread" daemon [_thread_blocked, id=5376, stack(0x0000000450700000,0x0000000450800000)]
  0x00000149800afff0 JavaThread "C2 CompilerThread0" daemon [_thread_in_native, id=5124, stack(0x0000000450800000,0x0000000450900000)]
  0x00000149800b1150 JavaThread "C1 CompilerThread0" daemon [_thread_in_native, id=11852, stack(0x0000000450900000,0x0000000450a00000)]
  0x00000149800b3b60 JavaThread "Sweeper thread" daemon [_thread_blocked, id=21340, stack(0x0000000450a00000,0x0000000450b00000)]
  0x000001498022f700 JavaThread "Notification Thread" daemon [_thread_blocked, id=28132, stack(0x0000000450b00000,0x0000000450c00000)]
  0x000001498023df70 JavaThread "Common-Cleaner" daemon [_thread_blocked, id=5540, stack(0x0000000450d00000,0x0000000450e00000)]
  0x000001499061cf00 JavaThread "C2 CompilerThread1" daemon [_thread_in_native, id=27628, stack(0x000000044fa00000,0x000000044fb00000)]
=>0x0000014990620ec0 JavaThread "C2 CompilerThread2" daemon [_thread_in_native, id=19052, stack(0x0000000450e00000,0x0000000450f00000)]

Other Threads:
  0x00000149eb067990 VMThread "VM Thread" [stack: 0x0000000450100000,0x0000000450200000] [id=8856]
  0x0000014980231bf0 WatcherThread [stack: 0x0000000450c00000,0x0000000450d00000] [id=22064]
  0x00000149c7f47d80 GCTaskThread "GC Thread#0" [stack: 0x000000044fc00000,0x000000044fd00000] [id=21412]
  0x0000014980799a10 GCTaskThread "GC Thread#1" [stack: 0x0000000450f00000,0x0000000451000000] [id=14132]
  0x000001498079a0e0 GCTaskThread "GC Thread#2" [stack: 0x0000000451000000,0x0000000451100000] [id=27908]
  0x00000149807b64c0 GCTaskThread "GC Thread#3" [stack: 0x0000000451100000,0x0000000451200000] [id=9956]
  0x00000149807b6b90 GCTaskThread "GC Thread#4" [stack: 0x0000000451200000,0x0000000451300000] [id=2624]
  0x000001498077b120 GCTaskThread "GC Thread#5" [stack: 0x0000000451300000,0x0000000451400000] [id=9912]
  0x00000149853069f0 GCTaskThread "GC Thread#6" [stack: 0x0000000451400000,0x0000000451500000] [id=29372]
  0x0000014985485a10 GCTaskThread "GC Thread#7" [stack: 0x0000000451500000,0x0000000451600000] [id=11900]
  0x0000014985485cd0 GCTaskThread "GC Thread#8" [stack: 0x0000000451600000,0x0000000451700000] [id=16272]
  0x000001498547aa30 GCTaskThread "GC Thread#9" [stack: 0x0000000451700000,0x0000000451800000] [id=2840]
  0x00000149c7f59730 ConcurrentGCThread "G1 Main Marker" [stack: 0x000000044fd00000,0x000000044fe00000] [id=25856]
  0x00000149c7f5a150 ConcurrentGCThread "G1 Conc#0" [stack: 0x000000044fe00000,0x000000044ff00000] [id=23072]
  0x000001498554f360 ConcurrentGCThread "G1 Conc#1" [stack: 0x0000000451800000,0x0000000451900000] [id=13396]
  0x000001498554f8e0 ConcurrentGCThread "G1 Conc#2" [stack: 0x0000000451900000,0x0000000451a00000] [id=22900]
  0x00000149eaf9c200 ConcurrentGCThread "G1 Refine#0" [stack: 0x000000044ff00000,0x0000000450000000] [id=26468]
  0x00000149864ad950 ConcurrentGCThread "G1 Refine#1" [stack: 0x0000000451b00000,0x0000000451c00000] [id=21360]
  0x0000014986791fc0 ConcurrentGCThread "G1 Refine#2" [stack: 0x0000000451c00000,0x0000000451d00000] [id=28356]
  0x0000014985df0a80 ConcurrentGCThread "G1 Refine#3" [stack: 0x0000000451d00000,0x0000000451e00000] [id=8888]
  0x00000149866f4c80 ConcurrentGCThread "G1 Refine#4" [stack: 0x0000000451f00000,0x0000000452000000] [id=17476]
  0x00000149866f5e20 ConcurrentGCThread "G1 Refine#5" [stack: 0x0000000452000000,0x0000000452100000] [id=772]
  0x00000149eaf9cc30 ConcurrentGCThread "G1 Service" [stack: 0x0000000450000000,0x0000000450100000] [id=25992]

Threads with active compile tasks:
C2 CompilerThread0    34604 16442       4       org.jetbrains.kotlin.utils.SmartIdentityTable::get (91 bytes)
C2 CompilerThread1    34604 16387       4       org.jetbrains.kotlin.types.typeUtil.TypeUtilsKt::contains (19 bytes)
C2 CompilerThread2    34604 16286       4       org.jetbrains.kotlin.metadata.ProtoBuf$Function::isInitialized (251 bytes)

VM state: not at safepoint (normal execution)

VM Mutex/Monitor currently owned by a thread: None

Heap address: 0x0000000705a00000, size: 4006 MB, Compressed Oops mode: Zero based, Oop shift amount: 3

CDS archive(s) not mapped
Compressed class space mapped at: 0x0000000800000000-0x0000000840000000, reserved size: 1073741824
Narrow klass base: 0x0000000800000000, Narrow klass shift: 0, Narrow klass range: 0x40000000

GC Precious Log:
 CPUs: 12 total, 12 available
 Memory: 16016M
 Large Page Support: Disabled
 NUMA Support: Disabled
 Compressed Oops: Enabled (Zero based)
 Heap Region Size: 2M
 Heap Min Capacity: 8M
 Heap Initial Capacity: 252M
 Heap Max Capacity: 4006M
 Pre-touch: Disabled
 Parallel Workers: 10
 Concurrent Workers: 3
 Concurrent Refinement Workers: 10
 Periodic GC: Disabled

Heap:
 garbage-first heap   total 245760K, used 95813K [0x0000000705a00000, 0x0000000800000000)
  region size 2048K, 7 young (14336K), 4 survivors (8192K)
 Metaspace       used 85738K, committed 86080K, reserved 1179648K
  class space    used 9046K, committed 9216K, reserved 1048576K

Heap Regions: E=young(eden), S=young(survivor), O=old, HS=humongous(starts), HC=humongous(continues), CS=collection set, F=free, OA=open archive, CA=closed archive, TAMS=top-at-mark-start (previous, next)
|   0|0x0000000705a00000, 0x0000000705c00000, 0x0000000705c00000|100%|HS|  |TAMS 0x0000000705c00000, 0x0000000705a00000| Complete 
|   1|0x0000000705c00000, 0x0000000705e00000, 0x0000000705e00000|100%|HC|  |TAMS 0x0000000705e00000, 0x0000000705c00000| Complete 
|   2|0x0000000705e00000, 0x0000000706000000, 0x0000000706000000|100%| O|  |TAMS 0x0000000706000000, 0x0000000705e00000| Untracked 
|   3|0x0000000706000000, 0x0000000706200000, 0x0000000706200000|100%| O|  |TAMS 0x0000000706200000, 0x0000000706000000| Untracked 
|   4|0x0000000706200000, 0x0000000706400000, 0x0000000706400000|100%|HS|  |TAMS 0x0000000706400000, 0x0000000706200000| Complete 
|   5|0x0000000706400000, 0x0000000706600000, 0x0000000706600000|100%|HC|  |TAMS 0x0000000706600000, 0x0000000706400000| Complete 
|   6|0x0000000706600000, 0x0000000706800000, 0x0000000706800000|100%| O|  |TAMS 0x0000000706800000, 0x0000000706600000| Untracked 
|   7|0x0000000706800000, 0x0000000706a00000, 0x0000000706a00000|100%| O|  |TAMS 0x0000000706a00000, 0x0000000706800000| Untracked 
|   8|0x0000000706a00000, 0x0000000706c00000, 0x0000000706c00000|100%| O|  |TAMS 0x0000000706c00000, 0x0000000706a00000| Untracked 
|   9|0x0000000706c00000, 0x0000000706e00000, 0x0000000706e00000|100%| O|  |TAMS 0x0000000706e00000, 0x0000000706c00000| Untracked 
|  10|0x0000000706e00000, 0x0000000707000000, 0x0000000707000000|100%| O|  |TAMS 0x0000000707000000, 0x0000000706e00000| Untracked 
|  11|0x0000000707000000, 0x0000000707200000, 0x0000000707200000|100%| O|  |TAMS 0x0000000707200000, 0x0000000707000000| Untracked 
|  12|0x0000000707200000, 0x0000000707400000, 0x0000000707400000|100%| O|  |TAMS 0x0000000707400000, 0x0000000707200000| Untracked 
|  13|0x0000000707400000, 0x0000000707600000, 0x0000000707600000|100%| O|  |TAMS 0x0000000707600000, 0x0000000707400000| Untracked 
|  14|0x0000000707600000, 0x0000000707800000, 0x0000000707800000|100%| O|  |TAMS 0x0000000707800000, 0x0000000707600000| Untracked 
|  15|0x0000000707800000, 0x0000000707a00000, 0x0000000707a00000|100%| O|  |TAMS 0x0000000707a00000, 0x0000000707800000| Untracked 
|  16|0x0000000707a00000, 0x0000000707c00000, 0x0000000707c00000|100%| O|  |TAMS 0x0000000707c00000, 0x0000000707a00000| Untracked 
|  17|0x0000000707c00000, 0x0000000707e00000, 0x0000000707e00000|100%| O|  |TAMS 0x0000000707e00000, 0x0000000707c00000| Untracked 
|  18|0x0000000707e00000, 0x0000000708000000, 0x0000000708000000|100%| O|  |TAMS 0x0000000708000000, 0x0000000707e00000| Untracked 
|  19|0x0000000708000000, 0x0000000708200000, 0x0000000708200000|100%| O|  |TAMS 0x0000000708200000, 0x0000000708000000| Untracked 
|  20|0x0000000708200000, 0x0000000708400000, 0x0000000708400000|100%|HS|  |TAMS 0x0000000708400000, 0x0000000708200000| Complete 
|  21|0x0000000708400000, 0x0000000708600000, 0x0000000708600000|100%|HC|  |TAMS 0x0000000708600000, 0x0000000708400000| Complete 
|  22|0x0000000708600000, 0x0000000708800000, 0x0000000708800000|100%|HC|  |TAMS 0x0000000708800000, 0x0000000708600000| Complete 
|  23|0x0000000708800000, 0x0000000708a00000, 0x0000000708a00000|100%| O|  |TAMS 0x0000000708a00000, 0x0000000708800000| Untracked 
|  24|0x0000000708a00000, 0x0000000708c00000, 0x0000000708c00000|100%| O|  |TAMS 0x0000000708a7ba00, 0x0000000708a00000| Untracked 
|  25|0x0000000708c00000, 0x0000000708e00000, 0x0000000708e00000|100%| O|  |TAMS 0x0000000708c00000, 0x0000000708c00000| Untracked 
|  26|0x0000000708e00000, 0x0000000709000000, 0x0000000709000000|100%| O|  |TAMS 0x0000000708e00000, 0x0000000708e00000| Untracked 
|  27|0x0000000709000000, 0x0000000709200000, 0x0000000709200000|100%| O|  |TAMS 0x0000000709000000, 0x0000000709000000| Untracked 
|  28|0x0000000709200000, 0x0000000709400000, 0x0000000709400000|100%| O|  |TAMS 0x0000000709200000, 0x0000000709200000| Untracked 
|  29|0x0000000709400000, 0x0000000709600000, 0x0000000709600000|100%|HS|  |TAMS 0x0000000709400000, 0x0000000709400000| Complete 
|  30|0x0000000709600000, 0x0000000709800000, 0x0000000709800000|100%| O|  |TAMS 0x0000000709600000, 0x0000000709600000| Untracked 
|  31|0x0000000709800000, 0x0000000709a00000, 0x0000000709a00000|100%| O|  |TAMS 0x0000000709800000, 0x0000000709800000| Untracked 
|  32|0x0000000709a00000, 0x0000000709c00000, 0x0000000709c00000|100%| O|  |TAMS 0x0000000709a00000, 0x0000000709a00000| Untracked 
|  33|0x0000000709c00000, 0x0000000709e00000, 0x0000000709e00000|100%| O|  |TAMS 0x0000000709c00000, 0x0000000709c00000| Untracked 
|  34|0x0000000709e00000, 0x000000070a000000, 0x000000070a000000|100%| O|  |TAMS 0x0000000709e00000, 0x0000000709e00000| Untracked 
|  35|0x000000070a000000, 0x000000070a200000, 0x000000070a200000|100%| O|  |TAMS 0x000000070a000000, 0x000000070a000000| Untracked 
|  36|0x000000070a200000, 0x000000070a400000, 0x000000070a400000|100%| O|  |TAMS 0x000000070a200000, 0x000000070a200000| Untracked 
|  37|0x000000070a400000, 0x000000070a600000, 0x000000070a600000|100%| O|  |TAMS 0x000000070a400000, 0x000000070a400000| Untracked 
|  38|0x000000070a600000, 0x000000070a800000, 0x000000070a800000|100%| O|  |TAMS 0x000000070a600000, 0x000000070a600000| Untracked 
|  39|0x000000070a800000, 0x000000070aa00000, 0x000000070aa00000|100%| O|  |TAMS 0x000000070a800000, 0x000000070a800000| Untracked 
|  40|0x000000070aa00000, 0x000000070ac00000, 0x000000070ac00000|100%| O|  |TAMS 0x000000070aa00000, 0x000000070aa00000| Untracked 
|  41|0x000000070ac00000, 0x000000070acd7e00, 0x000000070ae00000| 42%| O|  |TAMS 0x000000070ac00000, 0x000000070ac00000| Untracked 
|  42|0x000000070ae00000, 0x000000070ae00000, 0x000000070b000000|  0%| F|  |TAMS 0x000000070ae00000, 0x000000070ae00000| Untracked 
|  43|0x000000070b000000, 0x000000070b000000, 0x000000070b200000|  0%| F|  |TAMS 0x000000070b000000, 0x000000070b000000| Untracked 
|  44|0x000000070b200000, 0x000000070b200000, 0x000000070b400000|  0%| F|  |TAMS 0x000000070b200000, 0x000000070b200000| Untracked 
|  45|0x000000070b400000, 0x000000070b400000, 0x000000070b600000|  0%| F|  |TAMS 0x000000070b400000, 0x000000070b400000| Untracked 
|  46|0x000000070b600000, 0x000000070b600000, 0x000000070b800000|  0%| F|  |TAMS 0x000000070b600000, 0x000000070b600000| Untracked 
|  47|0x000000070b800000, 0x000000070b800000, 0x000000070ba00000|  0%| F|  |TAMS 0x000000070b800000, 0x000000070b800000| Untracked 
|  48|0x000000070ba00000, 0x000000070ba00000, 0x000000070bc00000|  0%| F|  |TAMS 0x000000070ba00000, 0x000000070ba00000| Untracked 
|  49|0x000000070bc00000, 0x000000070bc00000, 0x000000070be00000|  0%| F|  |TAMS 0x000000070bc00000, 0x000000070bc00000| Untracked 
|  50|0x000000070be00000, 0x000000070be00000, 0x000000070c000000|  0%| F|  |TAMS 0x000000070be00000, 0x000000070be00000| Untracked 
|  51|0x000000070c000000, 0x000000070c000000, 0x000000070c200000|  0%| F|  |TAMS 0x000000070c000000, 0x000000070c000000| Untracked 
|  52|0x000000070c200000, 0x000000070c200000, 0x000000070c400000|  0%| F|  |TAMS 0x000000070c200000, 0x000000070c200000| Untracked 
|  53|0x000000070c400000, 0x000000070c400000, 0x000000070c600000|  0%| F|  |TAMS 0x000000070c400000, 0x000000070c400000| Untracked 
|  54|0x000000070c600000, 0x000000070c600000, 0x000000070c800000|  0%| F|  |TAMS 0x000000070c600000, 0x000000070c600000| Untracked 
|  55|0x000000070c800000, 0x000000070c800000, 0x000000070ca00000|  0%| F|  |TAMS 0x000000070c800000, 0x000000070c800000| Untracked 
|  56|0x000000070ca00000, 0x000000070ca00000, 0x000000070cc00000|  0%| F|  |TAMS 0x000000070ca00000, 0x000000070ca00000| Untracked 
|  57|0x000000070cc00000, 0x000000070cc00000, 0x000000070ce00000|  0%| F|  |TAMS 0x000000070cc00000, 0x000000070cc00000| Untracked 
|  58|0x000000070ce00000, 0x000000070ce00000, 0x000000070d000000|  0%| F|  |TAMS 0x000000070ce00000, 0x000000070ce00000| Untracked 
|  59|0x000000070d000000, 0x000000070d000000, 0x000000070d200000|  0%| F|  |TAMS 0x000000070d000000, 0x000000070d000000| Untracked 
|  60|0x000000070d200000, 0x000000070d200000, 0x000000070d400000|  0%| F|  |TAMS 0x000000070d200000, 0x000000070d200000| Untracked 
|  61|0x000000070d400000, 0x000000070d400000, 0x000000070d600000|  0%| F|  |TAMS 0x000000070d400000, 0x000000070d400000| Untracked 
|  62|0x000000070d600000, 0x000000070d600000, 0x000000070d800000|  0%| F|  |TAMS 0x000000070d600000, 0x000000070d600000| Untracked 
|  63|0x000000070d800000, 0x000000070d800000, 0x000000070da00000|  0%| F|  |TAMS 0x000000070d800000, 0x000000070d800000| Untracked 
|  64|0x000000070da00000, 0x000000070da00000, 0x000000070dc00000|  0%| F|  |TAMS 0x000000070da00000, 0x000000070da00000| Untracked 
|  65|0x000000070dc00000, 0x000000070dcb97b0, 0x000000070de00000| 36%| S|CS|TAMS 0x000000070dc00000, 0x000000070dc00000| Complete 
|  66|0x000000070de00000, 0x000000070e000000, 0x000000070e000000|100%| S|CS|TAMS 0x000000070de00000, 0x000000070de00000| Complete 
|  67|0x000000070e000000, 0x000000070e000000, 0x000000070e200000|  0%| F|  |TAMS 0x000000070e000000, 0x000000070e000000| Untracked 
|  68|0x000000070e200000, 0x000000070e200000, 0x000000070e400000|  0%| F|  |TAMS 0x000000070e200000, 0x000000070e200000| Untracked 
|  69|0x000000070e400000, 0x000000070e600000, 0x000000070e600000|100%| S|CS|TAMS 0x000000070e400000, 0x000000070e400000| Complete 
|  70|0x000000070e600000, 0x000000070e800000, 0x000000070e800000|100%| S|CS|TAMS 0x000000070e600000, 0x000000070e600000| Complete 
|  71|0x000000070e800000, 0x000000070e800000, 0x000000070ea00000|  0%| F|  |TAMS 0x000000070e800000, 0x000000070e800000| Untracked 
|  72|0x000000070ea00000, 0x000000070ea00000, 0x000000070ec00000|  0%| F|  |TAMS 0x000000070ea00000, 0x000000070ea00000| Untracked 
|  73|0x000000070ec00000, 0x000000070ec00000, 0x000000070ee00000|  0%| F|  |TAMS 0x000000070ec00000, 0x000000070ec00000| Untracked 
|  74|0x000000070ee00000, 0x000000070ee00000, 0x000000070f000000|  0%| F|  |TAMS 0x000000070ee00000, 0x000000070ee00000| Untracked 
|  75|0x000000070f000000, 0x000000070f000000, 0x000000070f200000|  0%| F|  |TAMS 0x000000070f000000, 0x000000070f000000| Untracked 
|  76|0x000000070f200000, 0x000000070f200000, 0x000000070f400000|  0%| F|  |TAMS 0x000000070f200000, 0x000000070f200000| Untracked 
|  77|0x000000070f400000, 0x000000070f400000, 0x000000070f600000|  0%| F|  |TAMS 0x000000070f400000, 0x000000070f400000| Untracked 
|  78|0x000000070f600000, 0x000000070f600000, 0x000000070f800000|  0%| F|  |TAMS 0x000000070f600000, 0x000000070f600000| Untracked 
|  79|0x000000070f800000, 0x000000070f800000, 0x000000070fa00000|  0%| F|  |TAMS 0x000000070f800000, 0x000000070f800000| Untracked 
|  80|0x000000070fa00000, 0x000000070fa00000, 0x000000070fc00000|  0%| F|  |TAMS 0x000000070fa00000, 0x000000070fa00000| Untracked 
|  81|0x000000070fc00000, 0x000000070fc00000, 0x000000070fe00000|  0%| F|  |TAMS 0x000000070fc00000, 0x000000070fc00000| Untracked 
|  82|0x000000070fe00000, 0x000000070fe00000, 0x0000000710000000|  0%| F|  |TAMS 0x000000070fe00000, 0x000000070fe00000| Untracked 
|  83|0x0000000710000000, 0x0000000710000000, 0x0000000710200000|  0%| F|  |TAMS 0x0000000710000000, 0x0000000710000000| Untracked 
|  84|0x0000000710200000, 0x0000000710200000, 0x0000000710400000|  0%| F|  |TAMS 0x0000000710200000, 0x0000000710200000| Untracked 
|  85|0x0000000710400000, 0x0000000710400000, 0x0000000710600000|  0%| F|  |TAMS 0x0000000710400000, 0x0000000710400000| Untracked 
|  86|0x0000000710600000, 0x0000000710600000, 0x0000000710800000|  0%| F|  |TAMS 0x0000000710600000, 0x0000000710600000| Untracked 
|  87|0x0000000710800000, 0x0000000710800000, 0x0000000710a00000|  0%| F|  |TAMS 0x0000000710800000, 0x0000000710800000| Untracked 
|  88|0x0000000710a00000, 0x0000000710a00000, 0x0000000710c00000|  0%| F|  |TAMS 0x0000000710a00000, 0x0000000710a00000| Untracked 
|  89|0x0000000710c00000, 0x0000000710c00000, 0x0000000710e00000|  0%| F|  |TAMS 0x0000000710c00000, 0x0000000710c00000| Untracked 
|  90|0x0000000710e00000, 0x0000000710e00000, 0x0000000711000000|  0%| F|  |TAMS 0x0000000710e00000, 0x0000000710e00000| Untracked 
|  91|0x0000000711000000, 0x0000000711000000, 0x0000000711200000|  0%| F|  |TAMS 0x0000000711000000, 0x0000000711000000| Untracked 
|  92|0x0000000711200000, 0x0000000711200000, 0x0000000711400000|  0%| F|  |TAMS 0x0000000711200000, 0x0000000711200000| Untracked 
|  93|0x0000000711400000, 0x0000000711400000, 0x0000000711600000|  0%| F|  |TAMS 0x0000000711400000, 0x0000000711400000| Untracked 
|  94|0x0000000711600000, 0x0000000711600000, 0x0000000711800000|  0%| F|  |TAMS 0x0000000711600000, 0x0000000711600000| Untracked 
|  95|0x0000000711800000, 0x0000000711800000, 0x0000000711a00000|  0%| F|  |TAMS 0x0000000711800000, 0x0000000711800000| Untracked 
|  96|0x0000000711a00000, 0x0000000711a00000, 0x0000000711c00000|  0%| F|  |TAMS 0x0000000711a00000, 0x0000000711a00000| Untracked 
|  97|0x0000000711c00000, 0x0000000711c00000, 0x0000000711e00000|  0%| F|  |TAMS 0x0000000711c00000, 0x0000000711c00000| Untracked 
|  98|0x0000000711e00000, 0x0000000711e00000, 0x0000000712000000|  0%| F|  |TAMS 0x0000000711e00000, 0x0000000711e00000| Untracked 
|  99|0x0000000712000000, 0x0000000712000000, 0x0000000712200000|  0%| F|  |TAMS 0x0000000712000000, 0x0000000712000000| Untracked 
| 100|0x0000000712200000, 0x0000000712200000, 0x0000000712400000|  0%| F|  |TAMS 0x0000000712200000, 0x0000000712200000| Untracked 
| 101|0x0000000712400000, 0x0000000712400000, 0x0000000712600000|  0%| F|  |TAMS 0x0000000712400000, 0x0000000712400000| Untracked 
| 102|0x0000000712600000, 0x0000000712600000, 0x0000000712800000|  0%| F|  |TAMS 0x0000000712600000, 0x0000000712600000| Untracked 
| 103|0x0000000712800000, 0x0000000712800000, 0x0000000712a00000|  0%| F|  |TAMS 0x0000000712800000, 0x0000000712800000| Untracked 
| 104|0x0000000712a00000, 0x0000000712a00000, 0x0000000712c00000|  0%| F|  |TAMS 0x0000000712a00000, 0x0000000712a00000| Untracked 
| 105|0x0000000712c00000, 0x0000000712c00000, 0x0000000712e00000|  0%| F|  |TAMS 0x0000000712c00000, 0x0000000712c00000| Untracked 
| 106|0x0000000712e00000, 0x0000000712e00000, 0x0000000713000000|  0%| F|  |TAMS 0x0000000712e00000, 0x0000000712e00000| Untracked 
| 107|0x0000000713000000, 0x0000000713000000, 0x0000000713200000|  0%| F|  |TAMS 0x0000000713000000, 0x0000000713000000| Untracked 
| 108|0x0000000713200000, 0x0000000713200000, 0x0000000713400000|  0%| F|  |TAMS 0x0000000713200000, 0x0000000713200000| Untracked 
| 109|0x0000000713400000, 0x0000000713400000, 0x0000000713600000|  0%| F|  |TAMS 0x0000000713400000, 0x0000000713400000| Untracked 
| 110|0x0000000713600000, 0x0000000713600000, 0x0000000713800000|  0%| F|  |TAMS 0x0000000713600000, 0x0000000713600000| Untracked 
| 111|0x0000000713800000, 0x0000000713800000, 0x0000000713a00000|  0%| F|  |TAMS 0x0000000713800000, 0x0000000713800000| Untracked 
| 112|0x0000000713a00000, 0x0000000713a00000, 0x0000000713c00000|  0%| F|  |TAMS 0x0000000713a00000, 0x0000000713a00000| Untracked 
| 113|0x0000000713c00000, 0x0000000713c00000, 0x0000000713e00000|  0%| F|  |TAMS 0x0000000713c00000, 0x0000000713c00000| Untracked 
| 114|0x0000000713e00000, 0x0000000713e00000, 0x0000000714000000|  0%| F|  |TAMS 0x0000000713e00000, 0x0000000713e00000| Untracked 
| 115|0x0000000714000000, 0x0000000714000000, 0x0000000714200000|  0%| F|  |TAMS 0x0000000714000000, 0x0000000714000000| Untracked 
| 116|0x0000000714200000, 0x0000000714200000, 0x0000000714400000|  0%| F|  |TAMS 0x0000000714200000, 0x0000000714200000| Untracked 
| 117|0x0000000714400000, 0x0000000714600000, 0x0000000714600000|100%| E|  |TAMS 0x0000000714400000, 0x0000000714400000| Complete 
| 118|0x0000000714600000, 0x0000000714800000, 0x0000000714800000|100%| E|CS|TAMS 0x0000000714600000, 0x0000000714600000| Complete 
| 125|0x0000000715400000, 0x0000000715600000, 0x0000000715600000|100%| E|CS|TAMS 0x0000000715400000, 0x0000000715400000| Complete 

Card table byte_map: [0x00000149df750000,0x00000149dff30000] _byte_map_base: 0x00000149dbf23000

Marking Bits (Prev, Next): (CMBitMap*) 0x00000149c7f493f0, (CMBitMap*) 0x00000149c7f493b0
 Prev Bits: [0x00000149e45b0000, 0x00000149e8448000)
 Next Bits: [0x00000149e0710000, 0x00000149e45a8000)

Polling page: 0x00000149c5d50000

Metaspace:

Usage:
  Non-class:     74.89 MB used.
      Class:      8.83 MB used.
       Both:     83.73 MB used.

Virtual space:
  Non-class space:      128.00 MB reserved,      75.06 MB ( 59%) committed,  2 nodes.
      Class space:        1.00 GB reserved,       9.00 MB ( <1%) committed,  1 nodes.
             Both:        1.12 GB reserved,      84.06 MB (  7%) committed. 

Chunk freelists:
   Non-Class:  4.64 MB
       Class:  6.89 MB
        Both:  11.53 MB

MaxMetaspaceSize: unlimited
CompressedClassSpaceSize: 1.00 GB
Initial GC threshold: 21.00 MB
Current GC threshold: 86.56 MB
CDS: off
MetaspaceReclaimPolicy: balanced
 - commit_granule_bytes: 65536.
 - commit_granule_words: 8192.
 - virtual_space_node_default_size: 8388608.
 - enlarge_chunks_in_place: 1.
 - new_chunks_are_fully_committed: 0.
 - uncommit_free_chunks: 1.
 - use_allocation_guard: 0.
 - handle_deallocations: 1.


Internal statistics:

num_allocs_failed_limit: 6.
num_arena_births: 366.
num_arena_deaths: 0.
num_vsnodes_births: 3.
num_vsnodes_deaths: 0.
num_space_committed: 1343.
num_space_uncommitted: 0.
num_chunks_returned_to_freelist: 6.
num_chunks_taken_from_freelist: 3143.
num_chunk_merges: 6.
num_chunk_splits: 2537.
num_chunks_enlarged: 2235.
num_inconsistent_stats: 0.

CodeHeap 'non-profiled nmethods': size=120000Kb used=7802Kb max_used=7802Kb free=112197Kb
 bounds [0x00000149d74f0000, 0x00000149d7c90000, 0x00000149dea20000]
CodeHeap 'profiled nmethods': size=120000Kb used=42678Kb max_used=42678Kb free=77321Kb
 bounds [0x00000149cfa20000, 0x00000149d23d0000, 0x00000149d6f50000]
CodeHeap 'non-nmethods': size=5760Kb used=1404Kb max_used=1448Kb free=4355Kb
 bounds [0x00000149d6f50000, 0x00000149d71c0000, 0x00000149d74f0000]
 total_blobs=14536 nmethods=13800 adapters=644
 compilation: enabled
              stopped_count=0, restarted_count=0
 full_count=0

Compilation events (20 events):
Event: 34.557 Thread 0x00000149800b1150 nmethod 16427 0x00000149d23b8290 code [0x00000149d23b8600, 0x00000149d23b9ce8]
Event: 34.557 Thread 0x00000149800b1150 16428       3       org.jetbrains.kotlin.codegen.optimization.common.OptimizationBasicInterpreter::newOperation (6 bytes)
Event: 34.557 Thread 0x00000149800b1150 nmethod 16428 0x00000149d23ba510 code [0x00000149d23ba6c0, 0x00000149d23ba888]
Event: 34.557 Thread 0x00000149800b1150 16426       3       org.jetbrains.kotlin.codegen.optimization.common.FastMethodAnalyzer::computeExceptionHandlersForEachInsn (157 bytes)
Event: 34.559 Thread 0x00000149800b1150 nmethod 16426 0x00000149d23ba910 code [0x00000149d23bac00, 0x00000149d23bbd08]
Event: 34.561 Thread 0x00000149800b1150 16429       3       org.jetbrains.kotlin.resolve.jvm.diagnostics.JvmDeclarationOrigin::<init> (21 bytes)
Event: 34.562 Thread 0x00000149800b1150 nmethod 16429 0x00000149d23bc490 code [0x00000149d23bc6c0, 0x00000149d23bcf38]
Event: 34.562 Thread 0x00000149800b1150 16430       3       org.jetbrains.kotlin.resolve.jvm.diagnostics.JvmDeclarationOrigin::<init> (32 bytes)
Event: 34.563 Thread 0x00000149800b1150 nmethod 16430 0x00000149d23bd210 code [0x00000149d23bd440, 0x00000149d23bdc18]
Event: 34.563 Thread 0x00000149800b1150 16432       3       org.jetbrains.kotlin.backend.jvm.codegen.ClassCodegen::getParentClassCodegen (15 bytes)
Event: 34.564 Thread 0x00000149800b1150 nmethod 16432 0x00000149d23bde90 code [0x00000149d23be040, 0x00000149d23be308]
Event: 34.564 Thread 0x00000149800b1150 16431       3       org.jetbrains.org.objectweb.asm.AnnotationWriter::create (34 bytes)
Event: 34.564 Thread 0x00000149800b1150 nmethod 16431 0x00000149d23be410 code [0x00000149d23be600, 0x00000149d23beab8]
Event: 34.564 Thread 0x00000149800b1150 16433       3       kotlin.text.CharsKt__CharJVMKt::checkRadix (66 bytes)
Event: 34.566 Thread 0x00000149800b1150 nmethod 16433 0x00000149d23bec90 code [0x00000149d23bef40, 0x00000149d23bfb28]
Event: 34.567 Thread 0x00000149800b1150 16434       3       org.jetbrains.org.objectweb.asm.MethodVisitor::visitInvokeDynamicInsn (39 bytes)
Event: 34.567 Thread 0x00000149800b1150 nmethod 16434 0x00000149d23bff90 code [0x00000149d23c0140, 0x00000149d23c0458]
Event: 34.567 Thread 0x00000149800b1150 16435       3       org.jetbrains.org.objectweb.asm.Frame::setLocal (65 bytes)
Event: 34.568 Thread 0x00000149800b1150 nmethod 16435 0x00000149d23c0590 code [0x00000149d23c0760, 0x00000149d23c0ca8]
Event: 34.570 Thread 0x00000149800b1150 16436       3       kotlin.text.StringsKt__StringNumberConversionsKt::toIntOrNull (222 bytes)

GC Heap History (20 events):
Event: 6.340 GC heap before
{Heap before GC invocations=10 (full 0):
 garbage-first heap   total 122880K, used 100909K [0x0000000705a00000, 0x0000000800000000)
  region size 2048K, 31 young (63488K), 1 survivors (2048K)
 Metaspace       used 39331K, committed 39680K, reserved 1114112K
  class space    used 4749K, committed 4928K, reserved 1048576K
}
Event: 6.384 GC heap after
{Heap after GC invocations=11 (full 0):
 garbage-first heap   total 122880K, used 45613K [0x0000000705a00000, 0x0000000800000000)
  region size 2048K, 4 young (8192K), 4 survivors (8192K)
 Metaspace       used 39331K, committed 39680K, reserved 1114112K
  class space    used 4749K, committed 4928K, reserved 1048576K
}
Event: 6.427 GC heap before
{Heap before GC invocations=11 (full 0):
 garbage-first heap   total 122880K, used 45613K [0x0000000705a00000, 0x0000000800000000)
  region size 2048K, 5 young (10240K), 4 survivors (8192K)
 Metaspace       used 39749K, committed 40064K, reserved 1114112K
  class space    used 4791K, committed 4928K, reserved 1048576K
}
Event: 6.450 GC heap after
{Heap after GC invocations=12 (full 0):
 garbage-first heap   total 122880K, used 47026K [0x0000000705a00000, 0x0000000800000000)
  region size 2048K, 1 young (2048K), 1 survivors (2048K)
 Metaspace       used 39749K, committed 40064K, reserved 1114112K
  class space    used 4791K, committed 4928K, reserved 1048576K
}
Event: 7.873 GC heap before
{Heap before GC invocations=12 (full 0):
 garbage-first heap   total 122880K, used 83890K [0x0000000705a00000, 0x0000000800000000)
  region size 2048K, 19 young (38912K), 1 survivors (2048K)
 Metaspace       used 46757K, committed 47040K, reserved 1114112K
  class space    used 5507K, committed 5632K, reserved 1048576K
}
Event: 7.885 GC heap after
{Heap after GC invocations=13 (full 0):
 garbage-first heap   total 122880K, used 49681K [0x0000000705a00000, 0x0000000800000000)
  region size 2048K, 2 young (4096K), 2 survivors (4096K)
 Metaspace       used 46757K, committed 47040K, reserved 1114112K
  class space    used 5507K, committed 5632K, reserved 1048576K
}
Event: 8.579 GC heap before
{Heap before GC invocations=13 (full 0):
 garbage-first heap   total 122880K, used 86545K [0x0000000705a00000, 0x0000000800000000)
  region size 2048K, 20 young (40960K), 2 survivors (4096K)
 Metaspace       used 48917K, committed 49216K, reserved 1114112K
  class space    used 5744K, committed 5888K, reserved 1048576K
}
Event: 8.599 GC heap after
{Heap after GC invocations=14 (full 0):
 garbage-first heap   total 122880K, used 51998K [0x0000000705a00000, 0x0000000800000000)
  region size 2048K, 2 young (4096K), 2 survivors (4096K)
 Metaspace       used 48917K, committed 49216K, reserved 1114112K
  class space    used 5744K, committed 5888K, reserved 1048576K
}
Event: 9.504 GC heap before
{Heap before GC invocations=14 (full 0):
 garbage-first heap   total 122880K, used 70430K [0x0000000705a00000, 0x0000000800000000)
  region size 2048K, 12 young (24576K), 2 survivors (4096K)
 Metaspace       used 52771K, committed 53056K, reserved 1114112K
  class space    used 6239K, committed 6400K, reserved 1048576K
}
Event: 9.516 GC heap after
{Heap after GC invocations=15 (full 0):
 garbage-first heap   total 122880K, used 53108K [0x0000000705a00000, 0x0000000800000000)
  region size 2048K, 2 young (4096K), 2 survivors (4096K)
 Metaspace       used 52771K, committed 53056K, reserved 1114112K
  class space    used 6239K, committed 6400K, reserved 1048576K
}
Event: 11.751 GC heap before
{Heap before GC invocations=16 (full 0):
 garbage-first heap   total 122880K, used 92020K [0x0000000705a00000, 0x0000000800000000)
  region size 2048K, 21 young (43008K), 2 survivors (4096K)
 Metaspace       used 56622K, committed 56960K, reserved 1114112K
  class space    used 6550K, committed 6720K, reserved 1048576K
}
Event: 11.778 GC heap after
{Heap after GC invocations=17 (full 0):
 garbage-first heap   total 122880K, used 58859K [0x0000000705a00000, 0x0000000800000000)
  region size 2048K, 3 young (6144K), 3 survivors (6144K)
 Metaspace       used 56622K, committed 56960K, reserved 1114112K
  class space    used 6550K, committed 6720K, reserved 1048576K
}
Event: 14.678 GC heap before
{Heap before GC invocations=17 (full 0):
 garbage-first heap   total 122880K, used 93675K [0x0000000705a00000, 0x0000000800000000)
  region size 2048K, 20 young (40960K), 3 survivors (6144K)
 Metaspace       used 59584K, committed 59840K, reserved 1114112K
  class space    used 6837K, committed 6976K, reserved 1048576K
}
Event: 14.714 GC heap after
{Heap after GC invocations=18 (full 0):
 garbage-first heap   total 245760K, used 63058K [0x0000000705a00000, 0x0000000800000000)
  region size 2048K, 2 young (4096K), 2 survivors (4096K)
 Metaspace       used 59584K, committed 59840K, reserved 1114112K
  class space    used 6837K, committed 6976K, reserved 1048576K
}
Event: 22.403 GC heap before
{Heap before GC invocations=18 (full 0):
 garbage-first heap   total 245760K, used 171602K [0x0000000705a00000, 0x0000000800000000)
  region size 2048K, 55 young (112640K), 2 survivors (4096K)
 Metaspace       used 64192K, committed 64576K, reserved 1114112K
  class space    used 7124K, committed 7296K, reserved 1048576K
}
Event: 22.431 GC heap after
{Heap after GC invocations=19 (full 0):
 garbage-first heap   total 245760K, used 73566K [0x0000000705a00000, 0x0000000800000000)
  region size 2048K, 7 young (14336K), 7 survivors (14336K)
 Metaspace       used 64192K, committed 64576K, reserved 1114112K
  class space    used 7124K, committed 7296K, reserved 1048576K
}
Event: 27.495 GC heap before
{Heap before GC invocations=19 (full 0):
 garbage-first heap   total 245760K, used 180062K [0x0000000705a00000, 0x0000000800000000)
  region size 2048K, 58 young (118784K), 7 survivors (14336K)
 Metaspace       used 72429K, committed 72768K, reserved 1114112K
  class space    used 7904K, committed 8064K, reserved 1048576K
}
Event: 27.526 GC heap after
{Heap after GC invocations=20 (full 0):
 garbage-first heap   total 245760K, used 85435K [0x0000000705a00000, 0x0000000800000000)
  region size 2048K, 5 young (10240K), 5 survivors (10240K)
 Metaspace       used 72429K, committed 72768K, reserved 1114112K
  class space    used 7904K, committed 8064K, reserved 1048576K
}
Event: 34.291 GC heap before
{Heap before GC invocations=20 (full 0):
 garbage-first heap   total 245760K, used 185787K [0x0000000705a00000, 0x0000000800000000)
  region size 2048K, 54 young (110592K), 5 survivors (10240K)
 Metaspace       used 85636K, committed 85952K, reserved 1179648K
  class space    used 9046K, committed 9216K, reserved 1048576K
}
Event: 34.314 GC heap after
{Heap after GC invocations=21 (full 0):
 garbage-first heap   total 245760K, used 91717K [0x0000000705a00000, 0x0000000800000000)
  region size 2048K, 4 young (8192K), 4 survivors (8192K)
 Metaspace       used 85636K, committed 85952K, reserved 1179648K
  class space    used 9046K, committed 9216K, reserved 1048576K
}

Dll operation events (7 events):
Event: 0.019 Loaded shared library C:\Program Files\Microsoft\jdk-17.0.15.6-hotspot\bin\java.dll
Event: 0.081 Loaded shared library C:\Program Files\Microsoft\jdk-17.0.15.6-hotspot\bin\jsvml.dll
Event: 0.197 Loaded shared library C:\Program Files\Microsoft\jdk-17.0.15.6-hotspot\bin\net.dll
Event: 0.201 Loaded shared library C:\Program Files\Microsoft\jdk-17.0.15.6-hotspot\bin\nio.dll
Event: 0.260 Loaded shared library C:\Program Files\Microsoft\jdk-17.0.15.6-hotspot\bin\zip.dll
Event: 0.328 Loaded shared library C:\Program Files\Microsoft\jdk-17.0.15.6-hotspot\bin\jimage.dll
Event: 2.003 Loaded shared library C:\Program Files\Microsoft\jdk-17.0.15.6-hotspot\bin\verify.dll

Deoptimization events (20 events):
Event: 33.151 Thread 0x00000149c7edce00 Uncommon trap: trap_request=0xffffff45 fr.pc=0x00000149d79936b8 relative=0x0000000000002eb8
Event: 33.151 Thread 0x00000149c7edce00 Uncommon trap: reason=unstable_if action=reinterpret pc=0x00000149d79936b8 method=org.jetbrains.kotlin.protobuf.SmallSortedMap.entrySet()Ljava/util/Set; @ 4 c2
Event: 33.151 Thread 0x00000149c7edce00 DEOPT PACKING pc=0x00000149d79936b8 sp=0x000000044fbfd910
Event: 33.151 Thread 0x00000149c7edce00 DEOPT UNPACKING pc=0x00000149d6fa69a3 sp=0x000000044fbfd718 mode 2
Event: 33.359 Thread 0x00000149c7edce00 Uncommon trap: trap_request=0xffffff45 fr.pc=0x00000149d7c213d0 relative=0x0000000000000390
Event: 33.359 Thread 0x00000149c7edce00 Uncommon trap: reason=unstable_if action=reinterpret pc=0x00000149d7c213d0 method=org.jetbrains.org.objectweb.asm.ByteVector.putUTF8(Ljava/lang/String;)Lorg/jetbrains/org/objectweb/asm/ByteVector; @ 100 c2
Event: 33.359 Thread 0x00000149c7edce00 DEOPT PACKING pc=0x00000149d7c213d0 sp=0x000000044fbfd7c0
Event: 33.359 Thread 0x00000149c7edce00 DEOPT UNPACKING pc=0x00000149d6fa69a3 sp=0x000000044fbfd740 mode 2
Event: 33.672 Thread 0x00000149c7edce00 Uncommon trap: trap_request=0xffffff45 fr.pc=0x00000149d7c2ed54 relative=0x0000000000005c54
Event: 33.672 Thread 0x00000149c7edce00 Uncommon trap: reason=unstable_if action=reinterpret pc=0x00000149d7c2ed54 method=org.jetbrains.kotlin.builtins.jvm.JavaToKotlinClassMap.isKotlinFunctionWithBigArity(Lorg/jetbrains/kotlin/name/FqNameUnsafe;Ljava/lang/String;)Z @ 49 c2
Event: 33.672 Thread 0x00000149c7edce00 DEOPT PACKING pc=0x00000149d7c2ed54 sp=0x000000044fbfd3f0
Event: 33.672 Thread 0x00000149c7edce00 DEOPT UNPACKING pc=0x00000149d6fa69a3 sp=0x000000044fbfd2b8 mode 2
Event: 33.721 Thread 0x00000149c7edce00 Uncommon trap: trap_request=0xffffffc6 fr.pc=0x00000149d7c1c7f0 relative=0x0000000000000910
Event: 33.721 Thread 0x00000149c7edce00 Uncommon trap: reason=bimorphic_or_optimized_type_check action=maybe_recompile pc=0x00000149d7c1c7f0 method=org.jetbrains.kotlin.codegen.optimization.common.FastMethodAnalyzer.mergeControlFlowEdge(ILorg/jetbrains/org/objectweb/asm/tree/analysis/Frame;Z)V 
Event: 33.722 Thread 0x00000149c7edce00 DEOPT PACKING pc=0x00000149d7c1c7f0 sp=0x000000044fbfd710
Event: 33.722 Thread 0x00000149c7edce00 DEOPT UNPACKING pc=0x00000149d6fa69a3 sp=0x000000044fbfd698 mode 2
Event: 33.732 Thread 0x00000149c7edce00 Uncommon trap: trap_request=0xffffff45 fr.pc=0x00000149d76f41cc relative=0x000000000000004c
Event: 33.732 Thread 0x00000149c7edce00 Uncommon trap: reason=unstable_if action=reinterpret pc=0x00000149d76f41cc method=org.jetbrains.kotlin.protobuf.CodedOutputStream.computeRawVarint32Size(I)I @ 14 c2
Event: 33.732 Thread 0x00000149c7edce00 DEOPT PACKING pc=0x00000149d76f41cc sp=0x000000044fbfd860
Event: 33.732 Thread 0x00000149c7edce00 DEOPT UNPACKING pc=0x00000149d6fa69a3 sp=0x000000044fbfd7f8 mode 2

Classes loaded (20 events):
Event: 8.041 Loading class java/util/AbstractList$ListItr
Event: 8.041 Loading class java/util/AbstractList$ListItr done
Event: 8.044 Loading class java/util/AbstractList$RandomAccessSpliterator
Event: 8.044 Loading class java/util/AbstractList$RandomAccessSpliterator done
Event: 8.243 Loading class java/text/StringCharacterIterator
Event: 8.244 Loading class java/text/CharacterIterator
Event: 8.244 Loading class java/text/CharacterIterator done
Event: 8.244 Loading class java/text/StringCharacterIterator done
Event: 9.224 Loading class java/util/function/ToIntFunction
Event: 9.224 Loading class java/util/function/ToIntFunction done
Event: 10.481 Loading class java/util/RegularEnumSet$EnumSetIterator
Event: 10.481 Loading class java/util/RegularEnumSet$EnumSetIterator done
Event: 15.938 Loading class java/util/Collections$CopiesList
Event: 15.938 Loading class java/util/Collections$CopiesList done
Event: 16.004 Loading class java/util/concurrent/locks/AbstractQueuedSynchronizer$Node
Event: 16.004 Loading class java/util/concurrent/locks/AbstractQueuedSynchronizer$Node done
Event: 32.456 Loading class java/util/Vector$Itr
Event: 32.457 Loading class java/util/Vector$Itr done
Event: 32.952 Loading class java/util/regex/Pattern$Dollar
Event: 32.952 Loading class java/util/regex/Pattern$Dollar done

Classes unloaded (0 events):
No events

Classes redefined (0 events):
No events

Internal exceptions (20 events):
Event: 10.798 Thread 0x00000149c7edce00 Exception <a 'java/lang/NoSuchMethodError'{0x000000070b760a08}: 'java.lang.Object java.lang.invoke.DirectMethodHandle$Holder.newInvokeSpecial(java.lang.Object, int, java.lang.Object)'> (0x000000070b760a08) 
thrown [s\src\hotspot\share\interpreter\linkResolver.cpp, line 759]
Event: 10.801 Thread 0x00000149c7edce00 Exception <a 'java/lang/NoSuchMethodError'{0x000000070b7675a8}: 'int java.lang.invoke.DirectMethodHandle$Holder.invokeInterface(java.lang.Object, java.lang.Object)'> (0x000000070b7675a8) 
thrown [s\src\hotspot\share\interpreter\linkResolver.cpp, line 759]
Event: 10.805 Thread 0x00000149c7edce00 Implicit null exception at 0x00000149d768ebeb to 0x00000149d768edcc
Event: 10.806 Thread 0x00000149c7edce00 Implicit null exception at 0x00000149d753acf4 to 0x00000149d753aee8
Event: 12.315 Thread 0x00000149c7edce00 Exception <a 'java/lang/NoSuchMethodError'{0x000000070c023f40}: 'java.lang.Object java.lang.invoke.DirectMethodHandle$Holder.newInvokeSpecial(java.lang.Object, java.lang.Object, java.lang.Object, java.lang.Object, java.lang.Object, java.lang.Object)'> (0x000000070c023f40) 
thrown [s\src\hotspot\share\interpreter\linkResolver.cpp, line 759]
Event: 12.694 Thread 0x00000149c7edce00 Implicit null exception at 0x00000149d78451ff to 0x00000149d7849d90
Event: 12.763 Thread 0x00000149c7edce00 Implicit null exception at 0x00000149d75f3fb7 to 0x00000149d75f5620
Event: 14.342 Thread 0x00000149c7edce00 Exception <a 'java/lang/NoSuchMethodError'{0x000000070b093ee0}: 'java.lang.Object java.lang.invoke.DirectMethodHandle$Holder.newInvokeSpecial(java.lang.Object, java.lang.Object, java.lang.Object, java.lang.Object, java.lang.Object, java.lang.Object, java.lang.Object)'> (0x000000070b093ee0) 
thrown [s\src\hotspot\share\interpreter\linkResolver.cpp, line 759]
Event: 14.343 Thread 0x00000149c7edce00 Exception <a 'java/lang/NoSuchMethodError'{0x000000070b098a98}: 'java.lang.Object java.lang.invoke.Invokers$Holder.linkToTargetMethod(java.lang.Object, java.lang.Object, java.lang.Object, java.lang.Object, java.lang.Object, java.lang.Object, java.lang.Object)'> (0x000000070b098a98) 
thrown [s\src\hotspot\share\interpreter\linkResolver.cpp, line 759]
Event: 14.853 Thread 0x00000149c7edce00 Implicit null exception at 0x00000149d78cc675 to 0x00000149d78ccd7c
Event: 14.888 Thread 0x00000149c7edce00 Exception <a 'java/lang/NoSuchMethodError'{0x00000007155c61a0}: 'java.lang.Object java.lang.invoke.DirectMethodHandle$Holder.invokeInterface(java.lang.Object, java.lang.Object, java.lang.Object)'> (0x00000007155c61a0) 
thrown [s\src\hotspot\share\interpreter\linkResolver.cpp, line 759]
Event: 14.889 Thread 0x00000149c7edce00 Exception <a 'java/lang/IncompatibleClassChangeError'{0x00000007155c9b10}: Found class java.lang.Object, but interface was expected> (0x00000007155c9b10) 
thrown [s\src\hotspot\share\interpreter\linkResolver.cpp, line 826]
Event: 14.924 Thread 0x00000149c7edce00 Implicit null exception at 0x00000149d78ab972 to 0x00000149d78ac07c
Event: 15.034 Thread 0x00000149c7edce00 Implicit null exception at 0x00000149d7659bb9 to 0x00000149d765b970
Event: 15.868 Thread 0x00000149c7edce00 Implicit null exception at 0x00000149d755fd74 to 0x00000149d755ffc0
Event: 16.136 Thread 0x00000149c7edce00 Exception <a 'java/lang/NoSuchMethodError'{0x00000007136c24c0}: 'int java.lang.invoke.DirectMethodHandle$Holder.invokeStaticInit(java.lang.Object, int)'> (0x00000007136c24c0) 
thrown [s\src\hotspot\share\interpreter\linkResolver.cpp, line 759]
Event: 25.799 Thread 0x00000149c7edce00 Exception <a 'java/lang/NoSuchMethodError'{0x000000071037e238}: 'int java.lang.invoke.DirectMethodHandle$Holder.invokeStaticInit(java.lang.Object, java.lang.Object, java.lang.Object, java.lang.Object)'> (0x000000071037e238) 
thrown [s\src\hotspot\share\interpreter\linkResolver.cpp, line 759]
Event: 26.355 Thread 0x00000149c7edce00 Exception <a 'java/lang/NoSuchMethodError'{0x000000070f645070}: 'java.lang.Object java.lang.invoke.DirectMethodHandle$Holder.newInvokeSpecial(java.lang.Object, java.lang.Object, java.lang.Object, int, int)'> (0x000000070f645070) 
thrown [s\src\hotspot\share\interpreter\linkResolver.cpp, line 759]
Event: 26.356 Thread 0x00000149c7edce00 Exception <a 'java/lang/NoSuchMethodError'{0x000000070f648eb0}: 'java.lang.Object java.lang.invoke.DirectMethodHandle$Holder.invokeSpecial(java.lang.Object, java.lang.Object, java.lang.Object, java.lang.Object, int, int)'> (0x000000070f648eb0) 
thrown [s\src\hotspot\share\interpreter\linkResolver.cpp, line 759]
Event: 27.109 Thread 0x00000149c7edce00 Exception <a 'java/lang/NoSuchMethodError'{0x000000070ed4c9c8}: 'java.lang.Object java.lang.invoke.DirectMethodHandle$Holder.invokeSpecial(java.lang.Object, java.lang.Object, int, int, java.lang.Object, java.lang.Object, java.lang.Object, java.lang.Object, java.lang.Object)'> (0x000000070ed4c9c8) 
thrown [s\src\hotspot\share\interpreter\linkResolver.cpp, line 759]

VM Operations (20 events):
Event: 32.455 Executing VM operation: HandshakeAllThreads
Event: 32.455 Executing VM operation: HandshakeAllThreads done
Event: 32.501 Executing VM operation: HandshakeAllThreads
Event: 32.501 Executing VM operation: HandshakeAllThreads done
Event: 32.594 Executing VM operation: ICBufferFull
Event: 32.594 Executing VM operation: ICBufferFull done
Event: 32.718 Executing VM operation: HandshakeAllThreads
Event: 32.718 Executing VM operation: HandshakeAllThreads done
Event: 32.718 Executing VM operation: HandshakeAllThreads
Event: 32.718 Executing VM operation: HandshakeAllThreads done
Event: 32.806 Executing VM operation: HandshakeAllThreads
Event: 32.806 Executing VM operation: HandshakeAllThreads done
Event: 32.900 Executing VM operation: ICBufferFull
Event: 32.900 Executing VM operation: ICBufferFull done
Event: 33.279 Executing VM operation: ICBufferFull
Event: 33.279 Executing VM operation: ICBufferFull done
Event: 33.856 Executing VM operation: ICBufferFull
Event: 33.856 Executing VM operation: ICBufferFull done
Event: 34.291 Executing VM operation: G1CollectForAllocation
Event: 34.314 Executing VM operation: G1CollectForAllocation done

Memory protections (0 events):
No events

Nmethod flushes (20 events):
Event: 29.957 Thread 0x00000149800b3b60 flushing  nmethod 0x00000149d195fd90
Event: 29.957 Thread 0x00000149800b3b60 flushing  nmethod 0x00000149d1964410
Event: 29.957 Thread 0x00000149800b3b60 flushing  nmethod 0x00000149d1965e10
Event: 29.957 Thread 0x00000149800b3b60 flushing  nmethod 0x00000149d1968390
Event: 29.957 Thread 0x00000149800b3b60 flushing  nmethod 0x00000149d196a010
Event: 29.957 Thread 0x00000149800b3b60 flushing  nmethod 0x00000149d196b990
Event: 29.957 Thread 0x00000149800b3b60 flushing  nmethod 0x00000149d1973710
Event: 29.957 Thread 0x00000149800b3b60 flushing  nmethod 0x00000149d1974990
Event: 29.957 Thread 0x00000149800b3b60 flushing  nmethod 0x00000149d1976190
Event: 29.957 Thread 0x00000149800b3b60 flushing  nmethod 0x00000149d1977790
Event: 29.957 Thread 0x00000149800b3b60 flushing  nmethod 0x00000149d1981b90
Event: 29.957 Thread 0x00000149800b3b60 flushing  nmethod 0x00000149d1984610
Event: 29.957 Thread 0x00000149800b3b60 flushing  nmethod 0x00000149d198c290
Event: 29.957 Thread 0x00000149800b3b60 flushing  nmethod 0x00000149d1992d90
Event: 29.957 Thread 0x00000149800b3b60 flushing  nmethod 0x00000149d19f4090
Event: 29.957 Thread 0x00000149800b3b60 flushing  nmethod 0x00000149d19f6b10
Event: 29.958 Thread 0x00000149800b3b60 flushing  nmethod 0x00000149d1a28890
Event: 32.753 Thread 0x00000149800b3b60 flushing  nmethod 0x00000149d146ad10
Event: 32.758 Thread 0x00000149800b3b60 flushing  nmethod 0x00000149d193c610
Event: 32.758 Thread 0x00000149800b3b60 flushing  nmethod 0x00000149d197ae90

Events (20 events):
Event: 0.232 Thread 0x00000149800afff0 Thread added: 0x00000149802c36f0
Event: 1.509 Thread 0x00000149802c36f0 Thread exited: 0x00000149802c36f0
Event: 1.695 Thread 0x00000149800b1150 Thread added: 0x0000014985163e80
Event: 1.922 Thread 0x0000014985163e80 Thread exited: 0x0000014985163e80
Event: 2.161 Thread 0x00000149800afff0 Thread added: 0x00000149852299f0
Event: 2.785 Thread 0x00000149852299f0 Thread added: 0x0000014985501080
Event: 3.515 Thread 0x0000014985501080 Thread exited: 0x0000014985501080
Event: 3.723 Thread 0x00000149800afff0 Thread added: 0x00000149863e7870
Event: 6.452 Thread 0x00000149863e7870 Thread exited: 0x00000149863e7870
Event: 7.714 Thread 0x00000149800b1150 Thread added: 0x0000014986f889a0
Event: 25.904 Thread 0x0000014986f889a0 Thread exited: 0x0000014986f889a0
Event: 25.905 Thread 0x00000149852299f0 Thread exited: 0x00000149852299f0
Event: 25.991 Thread 0x00000149800afff0 Thread added: 0x00000149901034c0
Event: 26.260 Thread 0x00000149800b1150 Thread added: 0x00000149901024d0
Event: 28.527 Thread 0x00000149901024d0 Thread exited: 0x00000149901024d0
Event: 29.472 Thread 0x00000149800b1150 Thread added: 0x0000014986f87f00
Event: 32.681 Thread 0x0000014986f87f00 Thread exited: 0x0000014986f87f00
Event: 32.791 Thread 0x00000149901034c0 Thread exited: 0x00000149901034c0
Event: 33.049 Thread 0x00000149800b1150 Thread added: 0x000001499061cf00
Event: 33.321 Thread 0x00000149800b1150 Thread added: 0x0000014990620ec0


Dynamic libraries:
0x00007ff6cd7d0000 - 0x00007ff6cd7de000 	C:\Program Files\Microsoft\jdk-17.0.15.6-hotspot\bin\java.exe
0x00007ffd28e90000 - 0x00007ffd290a7000 	C:\Windows\SYSTEM32\ntdll.dll
0x00007ffd27bb0000 - 0x00007ffd27c74000 	C:\Windows\System32\KERNEL32.DLL
0x00007ffd262c0000 - 0x00007ffd26693000 	C:\Windows\System32\KERNELBASE.dll
0x00007ffd25f90000 - 0x00007ffd260a1000 	C:\Windows\System32\ucrtbase.dll
0x00007ffd20f10000 - 0x00007ffd20f27000 	C:\Program Files\Microsoft\jdk-17.0.15.6-hotspot\bin\jli.dll
0x00007ffd20ef0000 - 0x00007ffd20f0d000 	C:\Program Files\Microsoft\jdk-17.0.15.6-hotspot\bin\VCRUNTIME140.dll
0x00007ffd26c60000 - 0x00007ffd26e11000 	C:\Windows\System32\USER32.dll
0x00007ffd06860000 - 0x00007ffd06afb000 	C:\Windows\WinSxS\amd64_microsoft.windows.common-controls_6595b64144ccf1df_6.0.22621.5262_none_2712bde373830908\COMCTL32.dll
0x00007ffd26910000 - 0x00007ffd26936000 	C:\Windows\System32\win32u.dll
0x00007ffd26b30000 - 0x00007ffd26bd7000 	C:\Windows\System32\msvcrt.dll
0x00007ffd27100000 - 0x00007ffd27129000 	C:\Windows\System32\GDI32.dll
0x00007ffd26940000 - 0x00007ffd26a62000 	C:\Windows\System32\gdi32full.dll
0x00007ffd260b0000 - 0x00007ffd2614a000 	C:\Windows\System32\msvcp_win.dll
0x00007ffd271f0000 - 0x00007ffd27221000 	C:\Windows\System32\IMM32.DLL
0x00007ffd21330000 - 0x00007ffd2133c000 	C:\Program Files\Microsoft\jdk-17.0.15.6-hotspot\bin\vcruntime140_1.dll
0x00007ffcf8cd0000 - 0x00007ffcf8d5d000 	C:\Program Files\Microsoft\jdk-17.0.15.6-hotspot\bin\msvcp140.dll
0x00007ffcd4330000 - 0x00007ffcd4fa2000 	C:\Program Files\Microsoft\jdk-17.0.15.6-hotspot\bin\server\jvm.dll
0x00007ffd27130000 - 0x00007ffd271e1000 	C:\Windows\System32\ADVAPI32.dll
0x00007ffd27d40000 - 0x00007ffd27de7000 	C:\Windows\System32\sechost.dll
0x00007ffd268e0000 - 0x00007ffd26908000 	C:\Windows\System32\bcrypt.dll
0x00007ffd27e60000 - 0x00007ffd27f74000 	C:\Windows\System32\RPCRT4.dll
0x00007ffd26be0000 - 0x00007ffd26c51000 	C:\Windows\System32\WS2_32.dll
0x00007ffd22a10000 - 0x00007ffd22a44000 	C:\Windows\SYSTEM32\WINMM.dll
0x00007ffd258c0000 - 0x00007ffd2590d000 	C:\Windows\SYSTEM32\POWRPROF.dll
0x00007ffd1de80000 - 0x00007ffd1de8a000 	C:\Windows\SYSTEM32\VERSION.dll
0x00007ffd258a0000 - 0x00007ffd258b3000 	C:\Windows\SYSTEM32\UMPDC.dll
0x00007ffd24f90000 - 0x00007ffd24fa8000 	C:\Windows\SYSTEM32\kernel.appcore.dll
0x00007ffd20f40000 - 0x00007ffd20f4a000 	C:\Program Files\Microsoft\jdk-17.0.15.6-hotspot\bin\jimage.dll
0x00007ffd23890000 - 0x00007ffd23ac2000 	C:\Windows\SYSTEM32\DBGHELP.DLL
0x00007ffd27f80000 - 0x00007ffd28313000 	C:\Windows\System32\combase.dll
0x00007ffd26e20000 - 0x00007ffd26ef7000 	C:\Windows\System32\OLEAUT32.dll
0x00007ffd11ee0000 - 0x00007ffd11f12000 	C:\Windows\SYSTEM32\dbgcore.DLL
0x00007ffd266a0000 - 0x00007ffd2671b000 	C:\Windows\System32\bcryptPrimitives.dll
0x00007ffd06b40000 - 0x00007ffd06b65000 	C:\Program Files\Microsoft\jdk-17.0.15.6-hotspot\bin\java.dll
0x00007ffcf2090000 - 0x00007ffcf2166000 	C:\Program Files\Microsoft\jdk-17.0.15.6-hotspot\bin\jsvml.dll
0x00007ffd285b0000 - 0x00007ffd28e4d000 	C:\Windows\System32\SHELL32.dll
0x00007ffd267a0000 - 0x00007ffd268df000 	C:\Windows\System32\wintypes.dll
0x00007ffd23e80000 - 0x00007ffd2479d000 	C:\Windows\SYSTEM32\windows.storage.dll
0x00007ffd26f00000 - 0x00007ffd2700b000 	C:\Windows\System32\SHCORE.dll
0x00007ffd27df0000 - 0x00007ffd27e56000 	C:\Windows\System32\shlwapi.dll
0x00007ffd25ec0000 - 0x00007ffd25eeb000 	C:\Windows\SYSTEM32\profapi.dll
0x00007ffd17df0000 - 0x00007ffd17e0a000 	C:\Program Files\Microsoft\jdk-17.0.15.6-hotspot\bin\net.dll
0x00007ffd219e0000 - 0x00007ffd21b0c000 	C:\Windows\SYSTEM32\WINHTTP.dll
0x00007ffd25400000 - 0x00007ffd2546a000 	C:\Windows\system32\mswsock.dll
0x00007ffd07180000 - 0x00007ffd07196000 	C:\Program Files\Microsoft\jdk-17.0.15.6-hotspot\bin\nio.dll
0x00007ffd06180000 - 0x00007ffd06198000 	C:\Program Files\Microsoft\jdk-17.0.15.6-hotspot\bin\zip.dll
0x00007ffd20ee0000 - 0x00007ffd20ef0000 	C:\Program Files\Microsoft\jdk-17.0.15.6-hotspot\bin\verify.dll

dbghelp: loaded successfully - version: 4.0.5 - missing functions: none
symbol engine: initialized successfully - sym options: 0x614 - pdb path: .;C:\Program Files\Microsoft\jdk-17.0.15.6-hotspot\bin;C:\Windows\SYSTEM32;C:\Windows\WinSxS\amd64_microsoft.windows.common-controls_6595b64144ccf1df_6.0.22621.5262_none_2712bde373830908;C:\Program Files\Microsoft\jdk-17.0.15.6-hotspot\bin\server

VM Arguments:
java_command: org.jetbrains.kotlin.cli.jvm.K2JVMCompiler @C:\Users\STUDENT\Desktop\kit-wa\mobile\node_modules\@react-native\gradle-plugin\build\20250602_3770407574902875404.compiler.options
java_class_path (initial): C:\Users\STUDENT\.gradle\caches\modules-2\files-2.1\org.jetbrains.kotlin\kotlin-compiler-embeddable\1.7.22\1a39d9a56c9d1618300cd3444f070a5399663403\kotlin-compiler-embeddable-1.7.22.jar;C:\Users\STUDENT\.gradle\caches\modules-2\files-2.1\org.jetbrains.kotlin\kotlin-reflect\1.7.22\e61a16c5c838d324529a6aa72dfb88ea98958a29\kotlin-reflect-1.7.22.jar;C:\Users\STUDENT\.gradle\caches\modules-2\files-2.1\org.jetbrains.kotlin\kotlin-stdlib\1.7.22\9fb43bccb6cf8cfaaf3776c75f5df4f052f09b72\kotlin-stdlib-1.7.22.jar;C:\Users\STUDENT\.gradle\caches\modules-2\files-2.1\org.jetbrains.kotlin\kotlin-script-runtime\1.7.22\703a4d56168f3517532bc04481e3c8b751f685cb\kotlin-script-runtime-1.7.22.jar;C:\Users\STUDENT\.gradle\caches\modules-2\files-2.1\org.jetbrains.kotlin\kotlin-daemon-embeddable\1.7.22\a4f231458e1bb6fffbb8e1224f97d20a3ecc9c83\kotlin-daemon-embeddable-1.7.22.jar;C:\Users\STUDENT\.gradle\caches\modules-2\files-2.1\org.jetbrains.intellij.deps\trove4j\1.0.20200330\3afb14d5f9ceb459d724e907a21145e8ff394f02\trove4j-1.0.20200330.jar;C:\Users\STUDENT\.gradle\caches\modules-2\files-2.1\net.java.dev.jna\jna\5.6.0\330f2244e9030119ab3030fc3fededc86713d9cc\jna-5.6.0.jar;C:\Users\STUDENT\.gradle\caches\modules-2\files-2.1\org.jetbrains.kotlin\kotlin-stdlib-common\1.7.22\5dd2c9dcf64c94b46cf4bdb6fa4035b9bb726e2e\kotlin-stdlib-common-1.7.22.jar;C:\Users\STUDENT\.gradle\caches\modules-2\files-2.1\org.jetbrains\annotations\13.0\919f0dfe192fb4e063e7dacadee7f8bb9a2672a9\annotations-13.0.jar
Launcher Type: SUN_STANDARD

[Global flags]
     intx CICompilerCount                          = 4                                         {product} {ergonomic}
     uint ConcGCThreads                            = 3                                         {product} {ergonomic}
     uint G1ConcRefinementThreads                  = 10                                        {product} {ergonomic}
   size_t G1HeapRegionSize                         = 2097152                                   {product} {ergonomic}
    uintx GCDrainStackTargetSize                   = 64                                        {product} {ergonomic}
   size_t InitialHeapSize                          = 264241152                                 {product} {ergonomic}
   size_t MarkStackSize                            = 4194304                                   {product} {ergonomic}
   size_t MaxHeapSize                              = 4200595456                                {product} {ergonomic}
   size_t MaxNewSize                               = 2518679552                                {product} {ergonomic}
   size_t MinHeapDeltaBytes                        = 2097152                                   {product} {ergonomic}
   size_t MinHeapSize                              = 8388608                                   {product} {ergonomic}
    uintx NonNMethodCodeHeapSize                   = 5839372                                {pd product} {ergonomic}
    uintx NonProfiledCodeHeapSize                  = 122909434                              {pd product} {ergonomic}
    uintx ProfiledCodeHeapSize                     = 122909434                              {pd product} {ergonomic}
    uintx ReservedCodeCacheSize                    = 251658240                              {pd product} {ergonomic}
     bool SegmentedCodeCache                       = true                                      {product} {ergonomic}
   size_t SoftMaxHeapSize                          = 4200595456                             {manageable} {ergonomic}
     bool UseCompressedClassPointers               = true                           {product lp64_product} {ergonomic}
     bool UseCompressedOops                        = true                           {product lp64_product} {ergonomic}
     bool UseG1GC                                  = true                                      {product} {ergonomic}
     bool UseLargePagesIndividualAllocation        = false                                  {pd product} {ergonomic}

Logging:
Log output configuration:
 #0: stdout all=warning uptime,level,tags
 #1: stderr all=off uptime,level,tags

Environment Variables:
JAVA_HOME=C:\Program Files\Java\jdk-21
PATH=C:\Program Files\Microsoft\jdk-17.0.15.6-hotspot\bin;C:\Program Files\Python312\Scripts\;C:\Program Files\Python312\;c:\Users\STUDENT\AppData\Local\Programs\cursor\resources\app\bin;C:\Program Files\Common Files\Oracle\Java\javapath;C:\Windows\system32;C:\Windows;C:\Windows\System32\Wbem;C:\Windows\System32\WindowsPowerShell\v1.0\;C:\Windows\System32\OpenSSH\;C:\Program Files\Git\cmd;C:\Program Files\Git\bin;C:\Users\STUDENT\AppData\Local\Microsoft\WindowsApps;C:\Program Files\Java\jdk-22;c:\Users\STUDENT\AppData\Local\Programs\cursor\resources\app\bin;c:\Users\STUDENT\AppData\Local\Programs\cursor\resources\app\bin;C:\Users\STUDENT\AppData\Roaming\Python\Python312\Scripts;C:\Program Files\MATLAB\R2024a\bin;C:\Program Files\Docker\Docker\resources\bin;C:\Users\STUDENT\Downloads\apache-maven-3.9.9\bin;C:\Program Files\CMake\bin;C:\Program Files\nodejs\;C:\ProgramData\chocolatey\bin;C:\Users\STUDENT\AppData\Local\Microsoft\WindowsApps;C:\Users\STUDENT\AppData\Local\Programs\Microsoft VS Code\bin;C:\Program Files\Java\jdk-22;C:\Program Files\JetBrains\IntelliJ IDEA Community Edition 2024.2.2\bin;;C:\msys64\ucrt64\bin;C:\Users\STUDENT\AppData\Local\Programs\cursor\resources\app\bin;C:\Users\STUDENT\AppData\Roaming\npm;C:\Users\STUDENT\AppData\Local\Android\Sdk\platform-tools;
USERNAME=MARLYN_MAYIENGA
OS=Windows_NT
PROCESSOR_IDENTIFIER=Intel64 Family 6 Model 186 Stepping 3, GenuineIntel
TMP=C:\Users\STUDENT\AppData\Local\Temp
TEMP=C:\Users\STUDENT\AppData\Local\Temp



Periodic native trim disabled


---------------  S Y S T E M  ---------------

OS:
 Windows 11 , 64 bit Build 22621 (10.0.22621.5262)
OS uptime: 4 days 18:11 hours
Hyper-V role detected

CPU: total 12 (initial active 12) (6 cores per cpu, 2 threads per core) family 6 model 186 stepping 3 microcode 0x4123, cx8, cmov, fxsr, ht, mmx, 3dnowpref, sse, sse2, sse3, ssse3, sse4.1, sse4.2, popcnt, lzcnt, tsc, tscinvbit, avx, avx2, aes, erms, clmul, bmi1, bmi2, adx, sha, fma, vzeroupper, clflush, clflushopt, clwb, hv
Processor Information for processor 0
  Max Mhz: 1700, Current Mhz: 1700, Mhz Limit: 1700
Processor Information for processor 1
  Max Mhz: 1700, Current Mhz: 1700, Mhz Limit: 1700
Processor Information for processor 2
  Max Mhz: 1700, Current Mhz: 1700, Mhz Limit: 1700
Processor Information for processor 3
  Max Mhz: 1700, Current Mhz: 1700, Mhz Limit: 1700
Processor Information for processor 4
  Max Mhz: 1700, Current Mhz: 1558, Mhz Limit: 1700
Processor Information for processor 5
  Max Mhz: 1700, Current Mhz: 1700, Mhz Limit: 1700
Processor Information for processor 6
  Max Mhz: 1700, Current Mhz: 1700, Mhz Limit: 1700
Processor Information for processor 7
  Max Mhz: 1700, Current Mhz: 1700, Mhz Limit: 1700
Processor Information for processor 8
  Max Mhz: 1700, Current Mhz: 1700, Mhz Limit: 1700
Processor Information for processor 9
  Max Mhz: 1700, Current Mhz: 1700, Mhz Limit: 1700
Processor Information for processor 10
  Max Mhz: 1700, Current Mhz: 1700, Mhz Limit: 1700
Processor Information for processor 11
  Max Mhz: 1700, Current Mhz: 1700, Mhz Limit: 1700

Memory: 4k page, system-wide physical 16016M (2041M free)
TotalPageFile size 65168M (AvailPageFile size 19M)
current process WorkingSet (physical memory assigned to process): 483M, peak: 502M
current process commit charge ("private bytes"): 532M, peak: 551M

vm_info: OpenJDK 64-Bit Server VM (17.0.15+6-LTS) for windows-amd64 JRE (17.0.15+6-LTS), built on Apr  9 2025 22:27:25 by "MicrosoftCorporation" with unknown MS VC++:1939

END.
