#
# There is insufficient memory for the Java Runtime Environment to continue.
# Native memory allocation (malloc) failed to allocate 1887536 bytes. Error detail: Chunk::new
# Possible reasons:
#   The system is out of physical RAM or swap space
#   This process is running with CompressedOops enabled, and the Java Heap may be blocking the growth of the native heap
# Possible solutions:
#   Reduce memory load on the system
#   Increase physical memory or swap space
#   Check if swap backing store is full
#   Decrease Java heap size (-Xmx/-Xms)
#   Decrease number of Java threads
#   Decrease Java thread stack sizes (-Xss)
#   Set larger code cache with -XX:ReservedCodeCacheSize=
#   JVM is running with Unscaled Compressed Oops mode in which the Java heap is
#     placed in the first 4GB address space. The Java Heap base address is the
#     maximum limit for the native heap growth. Please use -XX:HeapBaseMinAddress
#     to set the Java Heap base and to place the Java Heap above 4GB virtual address.
# This output file may be truncated or incomplete.
#
#  Out of Memory Error (arena.cpp:191), pid=10780, tid=29764
#
# JRE version: OpenJDK Runtime Environment Microsoft-11369865 (17.0.15+6) (build 17.0.15+6-LTS)
# Java VM: OpenJDK 64-Bit Server VM Microsoft-11369865 (17.0.15+6-LTS, mixed mode, sharing, tiered, compressed oops, compressed class ptrs, g1 gc, windows-amd64)
# No core dump will be written. Minidumps are not enabled by default on client versions of Windows
#

---------------  S U M M A R Y ------------

Command Line: -XX:MaxMetaspaceSize=512m --add-opens=java.base/java.util=ALL-UNNAMED --add-opens=java.base/java.lang=ALL-UNNAMED --add-opens=java.base/java.lang.invoke=ALL-UNNAMED --add-opens=java.prefs/java.util.prefs=ALL-UNNAMED --add-opens=java.base/java.nio.charset=ALL-UNNAMED --add-opens=java.base/java.net=ALL-UNNAMED --add-opens=java.base/java.util.concurrent.atomic=ALL-UNNAMED -Xmx2048m -Dfile.encoding=utf8 -Duser.country=US -Duser.language=en -Duser.variant org.gradle.launcher.daemon.bootstrap.GradleDaemon 8.0.1

Host: 13th Gen Intel(R) Core(TM) i7-1355U, 12 cores, 15G,  Windows 11 , 64 bit Build 22621 (10.0.22621.5262)
Time: Mon Jun  2 17:56:00 2025 South Africa Standard Time elapsed time: 34.082312 seconds (0d 0h 0m 34s)

---------------  T H R E A D  ---------------

Current thread (0x000002ab6cb25af0):  JavaThread "C2 CompilerThread2" daemon [_thread_in_native, id=29764, stack(0x000000ca09100000,0x000000ca09200000)]


Current CompileTask:
C2:  34082 6871       4       java.lang.Class::annotationData (44 bytes)

Stack: [0x000000ca09100000,0x000000ca09200000]
Native frames: (J=compiled Java code, j=interpreted, Vv=VM code, C=native code)
V  [jvm.dll+0x6887a9]
V  [jvm.dll+0x83f5a8]
V  [jvm.dll+0x841053]
V  [jvm.dll+0x8416c3]
V  [jvm.dll+0x2496ef]
V  [jvm.dll+0xad134]
V  [jvm.dll+0xad7cc]
V  [jvm.dll+0x36aedf]
V  [jvm.dll+0x335513]
V  [jvm.dll+0x3349aa]
V  [jvm.dll+0x21a908]
V  [jvm.dll+0x219d3f]
V  [jvm.dll+0x1a55f6]
V  [jvm.dll+0x22a39a]
V  [jvm.dll+0x2284db]
V  [jvm.dll+0x7f4e28]
V  [jvm.dll+0x7ef2dc]
V  [jvm.dll+0x687687]
C  [ucrtbase.dll+0x29333]
C  [KERNEL32.DLL+0x1259d]
C  [ntdll.dll+0x5af58]


---------------  P R O C E S S  ---------------

Threads class SMR info:
_java_thread_list=0x000002ab6c85b780, length=79, elements={
0x000002ab4741b950, 0x000002ab65d3c4d0, 0x000002ab65d3e360, 0x000002ab65d4e940,
0x000002ab6a00a620, 0x000002ab6a00afe0, 0x000002ab6a00b9a0, 0x000002ab6a00c690,
0x000002ab6a00d140, 0x000002ab6a00db40, 0x000002ab6a159990, 0x000002ab6a15a890,
0x000002ab6c377660, 0x000002ab6b0027b0, 0x000002ab6bd98970, 0x000002ab6b6dbb70,
0x000002ab6b478640, 0x000002ab6b507db0, 0x000002ab6b7b8af0, 0x000002ab6b7b9000,
0x000002ab6b7b5850, 0x000002ab6b7b6c90, 0x000002ab6b7b76b0, 0x000002ab6b7b6780,
0x000002ab6b7b71a0, 0x000002ab6b7b6270, 0x000002ab6b7b7bc0, 0x000002ab6b7b80d0,
0x000002ab6b7b85e0, 0x000002ab6cf3d0e0, 0x000002ab6cf3f960, 0x000002ab6cf3bca0,
0x000002ab6cf3a860, 0x000002ab6cf3db00, 0x000002ab6cf3f450, 0x000002ab6cf3cbd0,
0x000002ab6cf3fe70, 0x000002ab6cf3b790, 0x000002ab6cf38f10, 0x000002ab6cf3c6c0,
0x000002ab6cf40380, 0x000002ab6cf40890, 0x000002ab6cf3e010, 0x000002ab6cf3ef40,
0x000002ab6cf3a350, 0x000002ab6cf39420, 0x000002ab6cf39930, 0x000002ab6cf39e40,
0x000002ab6cf3ad70, 0x000002ab6bb0a120, 0x000002ab6bb0b560, 0x000002ab6bb0c9a0,
0x000002ab6bb0ba70, 0x000002ab6bb0c490, 0x000002ab6bb0b050, 0x000002ab6bb091f0,
0x000002ab6bb0bf80, 0x000002ab6bb09700, 0x000002ab6bb0ab40, 0x000002ab6bb09c10,
0x000002ab6bb0a630, 0x000002ab6d340660, 0x000002ab6d33e2f0, 0x000002ab6d33c490,
0x000002ab6d33e800, 0x000002ab6d33bf80, 0x000002ab6d340b70, 0x000002ab6d33c9a0,
0x000002ab6d33f730, 0x000002ab6d33b050, 0x000002ab6d33ceb0, 0x000002ab6d33d8d0,
0x000002ab6d33ed10, 0x000002ab6d33f220, 0x000002ab6d33b560, 0x000002ab6d33fc40,
0x000002ab6c4fa890, 0x000002ab6d33d3c0, 0x000002ab6cb25af0
}

Java Threads: ( => current thread )
  0x000002ab4741b950 JavaThread "main" [_thread_blocked, id=23672, stack(0x000000ca02f00000,0x000000ca03000000)]
  0x000002ab65d3c4d0 JavaThread "Reference Handler" daemon [_thread_blocked, id=10088, stack(0x000000ca03600000,0x000000ca03700000)]
  0x000002ab65d3e360 JavaThread "Finalizer" daemon [_thread_blocked, id=28996, stack(0x000000ca03700000,0x000000ca03800000)]
  0x000002ab65d4e940 JavaThread "Signal Dispatcher" daemon [_thread_blocked, id=5580, stack(0x000000ca03800000,0x000000ca03900000)]
  0x000002ab6a00a620 JavaThread "Attach Listener" daemon [_thread_blocked, id=27200, stack(0x000000ca03900000,0x000000ca03a00000)]
  0x000002ab6a00afe0 JavaThread "Service Thread" daemon [_thread_blocked, id=15436, stack(0x000000ca03a00000,0x000000ca03b00000)]
  0x000002ab6a00b9a0 JavaThread "Monitor Deflation Thread" daemon [_thread_blocked, id=5640, stack(0x000000ca03b00000,0x000000ca03c00000)]
  0x000002ab6a00c690 JavaThread "C2 CompilerThread0" daemon [_thread_in_native, id=7012, stack(0x000000ca03c00000,0x000000ca03d00000)]
  0x000002ab6a00d140 JavaThread "C1 CompilerThread0" daemon [_thread_blocked, id=13536, stack(0x000000ca03d00000,0x000000ca03e00000)]
  0x000002ab6a00db40 JavaThread "Sweeper thread" daemon [_thread_blocked, id=29620, stack(0x000000ca03e00000,0x000000ca03f00000)]
  0x000002ab6a159990 JavaThread "Common-Cleaner" daemon [_thread_blocked, id=27940, stack(0x000000ca03f00000,0x000000ca04000000)]
  0x000002ab6a15a890 JavaThread "Notification Thread" daemon [_thread_blocked, id=2604, stack(0x000000ca04000000,0x000000ca04100000)]
  0x000002ab6c377660 JavaThread "Daemon health stats" [_thread_blocked, id=29192, stack(0x000000ca04900000,0x000000ca04a00000)]
  0x000002ab6b0027b0 JavaThread "Incoming local TCP Connector on port 60327" [_thread_in_native, id=13100, stack(0x000000ca04300000,0x000000ca04400000)]
  0x000002ab6bd98970 JavaThread "Daemon periodic checks" [_thread_blocked, id=30300, stack(0x000000ca04a00000,0x000000ca04b00000)]
  0x000002ab6b6dbb70 JavaThread "Daemon" [_thread_blocked, id=6568, stack(0x000000ca04b00000,0x000000ca04c00000)]
  0x000002ab6b478640 JavaThread "Handler for socket connection from /127.0.0.1:60327 to /127.0.0.1:60328" [_thread_in_native, id=24148, stack(0x000000ca04c00000,0x000000ca04d00000)]
  0x000002ab6b507db0 JavaThread "Cancel handler" [_thread_blocked, id=21820, stack(0x000000ca04d00000,0x000000ca04e00000)]
  0x000002ab6b7b8af0 JavaThread "Daemon worker" [_thread_blocked, id=11356, stack(0x000000ca04e00000,0x000000ca04f00000)]
  0x000002ab6b7b9000 JavaThread "Asynchronous log dispatcher for DefaultDaemonConnection: socket connection from /127.0.0.1:60327 to /127.0.0.1:60328" [_thread_blocked, id=24832, stack(0x000000ca04f00000,0x000000ca05000000)]
  0x000002ab6b7b5850 JavaThread "Stdin handler" [_thread_blocked, id=23068, stack(0x000000ca05000000,0x000000ca05100000)]
  0x000002ab6b7b6c90 JavaThread "Daemon client event forwarder" [_thread_blocked, id=15280, stack(0x000000ca05100000,0x000000ca05200000)]
  0x000002ab6b7b76b0 JavaThread "Cache worker for journal cache (C:\Users\STUDENT\.gradle\caches\journal-1)" [_thread_blocked, id=17012, stack(0x000000ca05200000,0x000000ca05300000)]
  0x000002ab6b7b6780 JavaThread "File lock request listener" [_thread_in_native, id=28296, stack(0x000000ca05300000,0x000000ca05400000)]
  0x000002ab6b7b71a0 JavaThread "Cache worker for file hash cache (C:\Users\STUDENT\.gradle\caches\8.0.1\fileHashes)" [_thread_blocked, id=25832, stack(0x000000ca05400000,0x000000ca05500000)]
  0x000002ab6b7b6270 JavaThread "File watcher server" daemon [_thread_in_native, id=14452, stack(0x000000ca05600000,0x000000ca05700000)]
  0x000002ab6b7b7bc0 JavaThread "File watcher consumer" daemon [_thread_blocked, id=7760, stack(0x000000ca05700000,0x000000ca05800000)]
  0x000002ab6b7b80d0 JavaThread "Cache worker for checksums cache (C:\Users\STUDENT\Desktop\kit-wa\mobile\android\.gradle\8.0.1\checksums)" [_thread_blocked, id=10588, stack(0x000000ca05900000,0x000000ca05a00000)]
  0x000002ab6b7b85e0 JavaThread "Cache worker for cache directory md-rule (C:\Users\STUDENT\.gradle\caches\8.0.1\md-rule)" [_thread_blocked, id=28428, stack(0x000000ca05a00000,0x000000ca05b00000)]
  0x000002ab6cf3d0e0 JavaThread "Cache worker for file content cache (C:\Users\STUDENT\.gradle\caches\8.0.1\fileContent)" [_thread_blocked, id=30092, stack(0x000000ca05b00000,0x000000ca05c00000)]
  0x000002ab6cf3f960 JavaThread "Cache worker for file hash cache (C:\Users\STUDENT\Desktop\kit-wa\mobile\android\.gradle\8.0.1\fileHashes)" [_thread_blocked, id=23660, stack(0x000000ca06200000,0x000000ca06300000)]
  0x000002ab6cf3bca0 JavaThread "Cache worker for cache directory md-supplier (C:\Users\STUDENT\.gradle\caches\8.0.1\md-supplier)" [_thread_blocked, id=27652, stack(0x000000ca06300000,0x000000ca06400000)]
  0x000002ab6cf3a860 JavaThread "Cache worker for execution history cache (C:\Users\STUDENT\.gradle\caches\8.0.1\executionHistory)" [_thread_blocked, id=22296, stack(0x000000ca05500000,0x000000ca05600000)]
  0x000002ab6cf3db00 JavaThread "jar transforms" [_thread_blocked, id=17096, stack(0x000000ca06500000,0x000000ca06600000)]
  0x000002ab6cf3f450 JavaThread "jar transforms Thread 2" [_thread_blocked, id=9372, stack(0x000000ca06600000,0x000000ca06700000)]
  0x000002ab6cf3cbd0 JavaThread "jar transforms Thread 3" [_thread_blocked, id=12884, stack(0x000000ca06700000,0x000000ca06800000)]
  0x000002ab6cf3fe70 JavaThread "jar transforms Thread 4" [_thread_blocked, id=9360, stack(0x000000ca06800000,0x000000ca06900000)]
  0x000002ab6cf3b790 JavaThread "jar transforms Thread 5" [_thread_blocked, id=4880, stack(0x000000ca06400000,0x000000ca06500000)]
  0x000002ab6cf38f10 JavaThread "jar transforms Thread 6" [_thread_blocked, id=30280, stack(0x000000ca06900000,0x000000ca06a00000)]
  0x000002ab6cf3c6c0 JavaThread "jar transforms Thread 7" [_thread_blocked, id=27700, stack(0x000000ca04200000,0x000000ca04300000)]
  0x000002ab6cf40380 JavaThread "jar transforms Thread 8" [_thread_blocked, id=14960, stack(0x000000ca06a00000,0x000000ca06b00000)]
  0x000002ab6cf40890 JavaThread "jar transforms Thread 9" [_thread_blocked, id=21720, stack(0x000000ca06b00000,0x000000ca06c00000)]
  0x000002ab6cf3e010 JavaThread "jar transforms Thread 10" [_thread_blocked, id=26168, stack(0x000000ca06d00000,0x000000ca06e00000)]
  0x000002ab6cf3ef40 JavaThread "File lock release action executor" [_thread_blocked, id=2668, stack(0x000000ca06e00000,0x000000ca06f00000)]
  0x000002ab6cf3a350 JavaThread "Cache worker for kotlin-dsl (C:\Users\STUDENT\.gradle\caches\8.0.1\kotlin-dsl)" [_thread_blocked, id=25748, stack(0x000000ca06f00000,0x000000ca07000000)]
  0x000002ab6cf39420 JavaThread "jar transforms Thread 11" [_thread_blocked, id=22696, stack(0x000000ca06c00000,0x000000ca06d00000)]
  0x000002ab6cf39930 JavaThread "jar transforms Thread 12" [_thread_blocked, id=1420, stack(0x000000ca07100000,0x000000ca07200000)]
  0x000002ab6cf39e40 JavaThread "Cache worker for dependencies-accessors (C:\Users\STUDENT\Desktop\kit-wa\mobile\android\.gradle\8.0.1\dependencies-accessors)" [_thread_blocked, id=12500, stack(0x000000ca07200000,0x000000ca07300000)]
  0x000002ab6cf3ad70 JavaThread "Cache worker for Build Output Cleanup Cache (C:\Users\STUDENT\Desktop\kit-wa\mobile\node_modules\@react-native\gradle-plugin\.gradle\buildOutputCleanup)" [_thread_blocked, id=29856, stack(0x000000ca07300000,0x000000ca07400000)]
  0x000002ab6bb0a120 JavaThread "Unconstrained build operations" [_thread_blocked, id=1572, stack(0x000000ca07500000,0x000000ca07600000)]
  0x000002ab6bb0b560 JavaThread "Unconstrained build operations Thread 2" [_thread_blocked, id=12228, stack(0x000000ca07600000,0x000000ca07700000)]
  0x000002ab6bb0c9a0 JavaThread "Unconstrained build operations Thread 3" [_thread_blocked, id=23252, stack(0x000000ca07700000,0x000000ca07800000)]
  0x000002ab6bb0ba70 JavaThread "Unconstrained build operations Thread 4" [_thread_blocked, id=23608, stack(0x000000ca07800000,0x000000ca07900000)]
  0x000002ab6bb0c490 JavaThread "Unconstrained build operations Thread 5" [_thread_blocked, id=19016, stack(0x000000ca07900000,0x000000ca07a00000)]
  0x000002ab6bb0b050 JavaThread "Unconstrained build operations Thread 6" [_thread_blocked, id=22508, stack(0x000000ca07a00000,0x000000ca07b00000)]
  0x000002ab6bb091f0 JavaThread "Unconstrained build operations Thread 7" [_thread_blocked, id=11080, stack(0x000000ca07b00000,0x000000ca07c00000)]
  0x000002ab6bb0bf80 JavaThread "Unconstrained build operations Thread 8" [_thread_blocked, id=5212, stack(0x000000ca07c00000,0x000000ca07d00000)]
  0x000002ab6bb09700 JavaThread "Unconstrained build operations Thread 9" [_thread_blocked, id=20140, stack(0x000000ca07d00000,0x000000ca07e00000)]
  0x000002ab6bb0ab40 JavaThread "Unconstrained build operations Thread 10" [_thread_blocked, id=24376, stack(0x000000ca07e00000,0x000000ca07f00000)]
  0x000002ab6bb09c10 JavaThread "Unconstrained build operations Thread 11" [_thread_blocked, id=7888, stack(0x000000ca07f00000,0x000000ca08000000)]
  0x000002ab6bb0a630 JavaThread "Unconstrained build operations Thread 12" [_thread_blocked, id=7864, stack(0x000000ca08000000,0x000000ca08100000)]
  0x000002ab6d340660 JavaThread "Unconstrained build operations Thread 13" [_thread_blocked, id=19892, stack(0x000000ca08100000,0x000000ca08200000)]
  0x000002ab6d33e2f0 JavaThread "Unconstrained build operations Thread 14" [_thread_blocked, id=18016, stack(0x000000ca08200000,0x000000ca08300000)]
  0x000002ab6d33c490 JavaThread "Unconstrained build operations Thread 15" [_thread_blocked, id=17448, stack(0x000000ca08300000,0x000000ca08400000)]
  0x000002ab6d33e800 JavaThread "Unconstrained build operations Thread 16" [_thread_blocked, id=152, stack(0x000000ca08400000,0x000000ca08500000)]
  0x000002ab6d33bf80 JavaThread "Unconstrained build operations Thread 17" [_thread_blocked, id=6104, stack(0x000000ca08500000,0x000000ca08600000)]
  0x000002ab6d340b70 JavaThread "Unconstrained build operations Thread 18" [_thread_blocked, id=11632, stack(0x000000ca08600000,0x000000ca08700000)]
  0x000002ab6d33c9a0 JavaThread "Unconstrained build operations Thread 19" [_thread_blocked, id=23848, stack(0x000000ca08700000,0x000000ca08800000)]
  0x000002ab6d33f730 JavaThread "Unconstrained build operations Thread 20" [_thread_blocked, id=21196, stack(0x000000ca08800000,0x000000ca08900000)]
  0x000002ab6d33b050 JavaThread "Unconstrained build operations Thread 21" [_thread_blocked, id=14840, stack(0x000000ca08900000,0x000000ca08a00000)]
  0x000002ab6d33ceb0 JavaThread "Unconstrained build operations Thread 22" [_thread_blocked, id=20336, stack(0x000000ca08a00000,0x000000ca08b00000)]
  0x000002ab6d33d8d0 JavaThread "Unconstrained build operations Thread 23" [_thread_blocked, id=25132, stack(0x000000ca08b00000,0x000000ca08c00000)]
  0x000002ab6d33ed10 JavaThread "Unconstrained build operations Thread 24" [_thread_blocked, id=22516, stack(0x000000ca08c00000,0x000000ca08d00000)]
  0x000002ab6d33f220 JavaThread "Unconstrained build operations Thread 25" [_thread_blocked, id=5488, stack(0x000000ca08d00000,0x000000ca08e00000)]
  0x000002ab6d33b560 JavaThread "Unconstrained build operations Thread 26" [_thread_blocked, id=7224, stack(0x000000ca08e00000,0x000000ca08f00000)]
  0x000002ab6d33fc40 JavaThread "Memory manager" [_thread_blocked, id=7580, stack(0x000000ca07400000,0x000000ca07500000)]
  0x000002ab6c4fa890 JavaThread "C2 CompilerThread1" daemon [_thread_blocked, id=18480, stack(0x000000ca07000000,0x000000ca07100000)]
  0x000002ab6d33d3c0 JavaThread "Cache worker for Build Output Cleanup Cache (C:\Users\STUDENT\Desktop\kit-wa\mobile\android\.gradle\buildOutputCleanup)" [_thread_blocked, id=12572, stack(0x000000ca09000000,0x000000ca09100000)]
=>0x000002ab6cb25af0 JavaThread "C2 CompilerThread2" daemon [_thread_in_native, id=29764, stack(0x000000ca09100000,0x000000ca09200000)]

Other Threads:
  0x000002ab65d37280 VMThread "VM Thread" [stack: 0x000000ca03500000,0x000000ca03600000] [id=14384]
  0x000002ab6a15cd80 WatcherThread [stack: 0x000000ca04100000,0x000000ca04200000] [id=14380]
  0x000002ab47478190 GCTaskThread "GC Thread#0" [stack: 0x000000ca03000000,0x000000ca03100000] [id=10168]
  0x000002ab6aacd070 GCTaskThread "GC Thread#1" [stack: 0x000000ca04400000,0x000000ca04500000] [id=25180]
  0x000002ab6aacd330 GCTaskThread "GC Thread#2" [stack: 0x000000ca04500000,0x000000ca04600000] [id=16556]
  0x000002ab6a4466f0 GCTaskThread "GC Thread#3" [stack: 0x000000ca04600000,0x000000ca04700000] [id=20184]
  0x000002ab6a4469b0 GCTaskThread "GC Thread#4" [stack: 0x000000ca04700000,0x000000ca04800000] [id=24524]
  0x000002ab6a446c70 GCTaskThread "GC Thread#5" [stack: 0x000000ca04800000,0x000000ca04900000] [id=12880]
  0x000002ab6c23b5c0 GCTaskThread "GC Thread#6" [stack: 0x000000ca05c00000,0x000000ca05d00000] [id=11892]
  0x000002ab6c23c380 GCTaskThread "GC Thread#7" [stack: 0x000000ca05d00000,0x000000ca05e00000] [id=17484]
  0x000002ab6c23c900 GCTaskThread "GC Thread#8" [stack: 0x000000ca05e00000,0x000000ca05f00000] [id=27060]
  0x000002ab6c23c0c0 GCTaskThread "GC Thread#9" [stack: 0x000000ca05f00000,0x000000ca06000000] [id=30328]
  0x000002ab474890e0 ConcurrentGCThread "G1 Main Marker" [stack: 0x000000ca03100000,0x000000ca03200000] [id=2572]
  0x000002ab4748b2b0 ConcurrentGCThread "G1 Conc#0" [stack: 0x000000ca03200000,0x000000ca03300000] [id=8580]
  0x000002ab6c23ad80 ConcurrentGCThread "G1 Conc#1" [stack: 0x000000ca06000000,0x000000ca06100000] [id=8608]
  0x000002ab6c23be00 ConcurrentGCThread "G1 Conc#2" [stack: 0x000000ca06100000,0x000000ca06200000] [id=24280]
  0x000002ab65bf2600 ConcurrentGCThread "G1 Refine#0" [stack: 0x000000ca03300000,0x000000ca03400000] [id=14080]
  0x000002ab65bf2f40 ConcurrentGCThread "G1 Service" [stack: 0x000000ca03400000,0x000000ca03500000] [id=16884]

Threads with active compile tasks:
C2 CompilerThread0    34127 7045       4       java.io.WinNTFileSystem::normalize (224 bytes)
C2 CompilerThread2    34127 6871       4       java.lang.Class::annotationData (44 bytes)

VM state: not at safepoint (normal execution)

VM Mutex/Monitor currently owned by a thread: None

Heap address: 0x0000000080000000, size: 2048 MB, Compressed Oops mode: 32-bit

CDS archive(s) mapped at: [0x000002ab00000000-0x000002ab00bb0000-0x000002ab00bb0000), size 12255232, SharedBaseAddress: 0x000002ab00000000, ArchiveRelocationMode: 1.
Compressed class space mapped at: 0x000002ab01000000-0x000002ab1b000000, reserved size: 436207616
Narrow klass base: 0x000002ab00000000, Narrow klass shift: 0, Narrow klass range: 0x100000000

GC Precious Log:
 CPUs: 12 total, 12 available
 Memory: 16016M
 Large Page Support: Disabled
 NUMA Support: Disabled
 Compressed Oops: Enabled (32-bit)
 Heap Region Size: 1M
 Heap Min Capacity: 8M
 Heap Initial Capacity: 252M
 Heap Max Capacity: 2G
 Pre-touch: Disabled
 Parallel Workers: 10
 Concurrent Workers: 3
 Concurrent Refinement Workers: 10
 Periodic GC: Disabled

Heap:
 garbage-first heap   total 98304K, used 61390K [0x0000000080000000, 0x0000000100000000)
  region size 1024K, 11 young (11264K), 4 survivors (4096K)
 Metaspace       used 59184K, committed 59904K, reserved 491520K
  class space    used 8309K, committed 8640K, reserved 425984K

Heap Regions: E=young(eden), S=young(survivor), O=old, HS=humongous(starts), HC=humongous(continues), CS=collection set, F=free, OA=open archive, CA=closed archive, TAMS=top-at-mark-start (previous, next)
|   0|0x0000000080000000, 0x0000000080100000, 0x0000000080100000|100%|HS|  |TAMS 0x0000000080100000, 0x0000000080000000| Complete 
|   1|0x0000000080100000, 0x0000000080200000, 0x0000000080200000|100%|HC|  |TAMS 0x0000000080200000, 0x0000000080100000| Complete 
|   2|0x0000000080200000, 0x0000000080300000, 0x0000000080300000|100%|HC|  |TAMS 0x0000000080300000, 0x0000000080200000| Complete 
|   3|0x0000000080300000, 0x0000000080400000, 0x0000000080400000|100%|HC|  |TAMS 0x0000000080400000, 0x0000000080300000| Complete 
|   4|0x0000000080400000, 0x0000000080500000, 0x0000000080500000|100%| O|  |TAMS 0x0000000080500000, 0x0000000080400000| Untracked 
|   5|0x0000000080500000, 0x0000000080600000, 0x0000000080600000|100%| O|  |TAMS 0x0000000080600000, 0x0000000080500000| Untracked 
|   6|0x0000000080600000, 0x0000000080700000, 0x0000000080700000|100%| O|  |TAMS 0x0000000080700000, 0x0000000080600000| Untracked 
|   7|0x0000000080700000, 0x0000000080800000, 0x0000000080800000|100%| O|  |TAMS 0x0000000080800000, 0x0000000080700000| Untracked 
|   8|0x0000000080800000, 0x0000000080900000, 0x0000000080900000|100%| O|  |TAMS 0x0000000080900000, 0x0000000080800000| Untracked 
|   9|0x0000000080900000, 0x0000000080a00000, 0x0000000080a00000|100%| O|  |TAMS 0x0000000080a00000, 0x0000000080900000| Untracked 
|  10|0x0000000080a00000, 0x0000000080b00000, 0x0000000080b00000|100%| O|  |TAMS 0x0000000080b00000, 0x0000000080a00000| Untracked 
|  11|0x0000000080b00000, 0x0000000080b4d800, 0x0000000080c00000| 30%| O|  |TAMS 0x0000000080b4d800, 0x0000000080b00000| Untracked 
|  12|0x0000000080c00000, 0x0000000080d00000, 0x0000000080d00000|100%| O|  |TAMS 0x0000000080d00000, 0x0000000080c00000| Untracked 
|  13|0x0000000080d00000, 0x0000000080e00000, 0x0000000080e00000|100%| O|  |TAMS 0x0000000080e00000, 0x0000000080d00000| Untracked 
|  14|0x0000000080e00000, 0x0000000080f00000, 0x0000000080f00000|100%| O|  |TAMS 0x0000000080f00000, 0x0000000080e00000| Untracked 
|  15|0x0000000080f00000, 0x0000000081000000, 0x0000000081000000|100%| O|  |TAMS 0x0000000081000000, 0x0000000080f00000| Untracked 
|  16|0x0000000081000000, 0x0000000081100000, 0x0000000081100000|100%| O|  |TAMS 0x0000000081100000, 0x0000000081000000| Untracked 
|  17|0x0000000081100000, 0x0000000081200000, 0x0000000081200000|100%| O|  |TAMS 0x0000000081200000, 0x0000000081100000| Untracked 
|  18|0x0000000081200000, 0x0000000081300000, 0x0000000081300000|100%| O|  |TAMS 0x0000000081300000, 0x0000000081200000| Untracked 
|  19|0x0000000081300000, 0x0000000081400000, 0x0000000081400000|100%| O|  |TAMS 0x0000000081400000, 0x0000000081300000| Untracked 
|  20|0x0000000081400000, 0x0000000081500000, 0x0000000081500000|100%| O|  |TAMS 0x0000000081500000, 0x0000000081400000| Untracked 
|  21|0x0000000081500000, 0x0000000081600000, 0x0000000081600000|100%| O|  |TAMS 0x0000000081600000, 0x0000000081500000| Untracked 
|  22|0x0000000081600000, 0x0000000081700000, 0x0000000081700000|100%| O|  |TAMS 0x0000000081700000, 0x0000000081600000| Untracked 
|  23|0x0000000081700000, 0x0000000081800000, 0x0000000081800000|100%| O|  |TAMS 0x0000000081800000, 0x0000000081700000| Untracked 
|  24|0x0000000081800000, 0x0000000081900000, 0x0000000081900000|100%| O|  |TAMS 0x0000000081900000, 0x0000000081800000| Untracked 
|  25|0x0000000081900000, 0x0000000081a00000, 0x0000000081a00000|100%| O|  |TAMS 0x0000000081a00000, 0x0000000081900000| Untracked 
|  26|0x0000000081a00000, 0x0000000081b00000, 0x0000000081b00000|100%| O|  |TAMS 0x0000000081b00000, 0x0000000081a00000| Untracked 
|  27|0x0000000081b00000, 0x0000000081c00000, 0x0000000081c00000|100%| O|  |TAMS 0x0000000081c00000, 0x0000000081b00000| Untracked 
|  28|0x0000000081c00000, 0x0000000081d00000, 0x0000000081d00000|100%| O|  |TAMS 0x0000000081d00000, 0x0000000081c00000| Untracked 
|  29|0x0000000081d00000, 0x0000000081e00000, 0x0000000081e00000|100%| O|  |TAMS 0x0000000081e00000, 0x0000000081d00000| Untracked 
|  30|0x0000000081e00000, 0x0000000081f00000, 0x0000000081f00000|100%| O|  |TAMS 0x0000000081f00000, 0x0000000081e00000| Untracked 
|  31|0x0000000081f00000, 0x0000000082000000, 0x0000000082000000|100%| O|  |TAMS 0x0000000082000000, 0x0000000081f00000| Untracked 
|  32|0x0000000082000000, 0x0000000082100000, 0x0000000082100000|100%| O|  |TAMS 0x0000000082100000, 0x0000000082000000| Untracked 
|  33|0x0000000082100000, 0x0000000082200000, 0x0000000082200000|100%| O|  |TAMS 0x0000000082200000, 0x0000000082100000| Untracked 
|  34|0x0000000082200000, 0x0000000082300000, 0x0000000082300000|100%| O|  |TAMS 0x0000000082300000, 0x0000000082200000| Untracked 
|  35|0x0000000082300000, 0x0000000082400000, 0x0000000082400000|100%| O|  |TAMS 0x0000000082400000, 0x0000000082300000| Untracked 
|  36|0x0000000082400000, 0x0000000082500000, 0x0000000082500000|100%| O|  |TAMS 0x0000000082500000, 0x0000000082400000| Untracked 
|  37|0x0000000082500000, 0x0000000082600000, 0x0000000082600000|100%|HS|  |TAMS 0x0000000082600000, 0x0000000082500000| Complete 
|  38|0x0000000082600000, 0x0000000082700000, 0x0000000082700000|100%|HC|  |TAMS 0x0000000082700000, 0x0000000082600000| Complete 
|  39|0x0000000082700000, 0x0000000082800000, 0x0000000082800000|100%| O|  |TAMS 0x0000000082800000, 0x0000000082700000| Untracked 
|  40|0x0000000082800000, 0x0000000082900000, 0x0000000082900000|100%|HS|  |TAMS 0x0000000082900000, 0x0000000082800000| Complete 
|  41|0x0000000082900000, 0x0000000082a00000, 0x0000000082a00000|100%|HC|  |TAMS 0x0000000082a00000, 0x0000000082900000| Complete 
|  42|0x0000000082a00000, 0x0000000082b00000, 0x0000000082b00000|100%|HC|  |TAMS 0x0000000082b00000, 0x0000000082a00000| Complete 
|  43|0x0000000082b00000, 0x0000000082c00000, 0x0000000082c00000|100%|HC|  |TAMS 0x0000000082c00000, 0x0000000082b00000| Complete 
|  44|0x0000000082c00000, 0x0000000082d00000, 0x0000000082d00000|100%| O|  |TAMS 0x0000000082d00000, 0x0000000082c00000| Untracked 
|  45|0x0000000082d00000, 0x0000000082e00000, 0x0000000082e00000|100%| O|  |TAMS 0x0000000082e00000, 0x0000000082d00000| Untracked 
|  46|0x0000000082e00000, 0x0000000082f00000, 0x0000000082f00000|100%| O|  |TAMS 0x0000000082f00000, 0x0000000082e00000| Untracked 
|  47|0x0000000082f00000, 0x0000000083000000, 0x0000000083000000|100%| O|  |TAMS 0x0000000083000000, 0x0000000082f00000| Untracked 
|  48|0x0000000083000000, 0x0000000083100000, 0x0000000083100000|100%| O|  |TAMS 0x0000000083100000, 0x0000000083000000| Untracked 
|  49|0x0000000083100000, 0x0000000083200000, 0x0000000083200000|100%| O|  |TAMS 0x0000000083200000, 0x0000000083100000| Untracked 
|  50|0x0000000083200000, 0x0000000083300000, 0x0000000083300000|100%| O|  |TAMS 0x0000000083300000, 0x0000000083200000| Untracked 
|  51|0x0000000083300000, 0x0000000083312400, 0x0000000083400000|  7%| O|  |TAMS 0x0000000083312400, 0x0000000083300000| Untracked 
|  52|0x0000000083400000, 0x0000000083400000, 0x0000000083500000|  0%| F|  |TAMS 0x0000000083400000, 0x0000000083400000| Untracked 
|  53|0x0000000083500000, 0x0000000083500000, 0x0000000083600000|  0%| F|  |TAMS 0x0000000083500000, 0x0000000083500000| Untracked 
|  54|0x0000000083600000, 0x0000000083600000, 0x0000000083700000|  0%| F|  |TAMS 0x0000000083600000, 0x0000000083600000| Untracked 
|  55|0x0000000083700000, 0x0000000083700000, 0x0000000083800000|  0%| F|  |TAMS 0x0000000083700000, 0x0000000083700000| Untracked 
|  56|0x0000000083800000, 0x0000000083800000, 0x0000000083900000|  0%| F|  |TAMS 0x0000000083800000, 0x0000000083800000| Untracked 
|  57|0x0000000083900000, 0x0000000083900000, 0x0000000083a00000|  0%| F|  |TAMS 0x0000000083900000, 0x0000000083900000| Untracked 
|  58|0x0000000083a00000, 0x0000000083a00000, 0x0000000083b00000|  0%| F|  |TAMS 0x0000000083a00000, 0x0000000083a00000| Untracked 
|  59|0x0000000083b00000, 0x0000000083b00000, 0x0000000083c00000|  0%| F|  |TAMS 0x0000000083b00000, 0x0000000083b00000| Untracked 
|  60|0x0000000083c00000, 0x0000000083c00000, 0x0000000083d00000|  0%| F|  |TAMS 0x0000000083c00000, 0x0000000083c00000| Untracked 
|  61|0x0000000083d00000, 0x0000000083d00000, 0x0000000083e00000|  0%| F|  |TAMS 0x0000000083d00000, 0x0000000083d00000| Untracked 
|  62|0x0000000083e00000, 0x0000000083e00000, 0x0000000083f00000|  0%| F|  |TAMS 0x0000000083e00000, 0x0000000083e00000| Untracked 
|  63|0x0000000083f00000, 0x0000000083f00000, 0x0000000084000000|  0%| F|  |TAMS 0x0000000083f00000, 0x0000000083f00000| Untracked 
|  64|0x0000000084000000, 0x0000000084000000, 0x0000000084100000|  0%| F|  |TAMS 0x0000000084000000, 0x0000000084000000| Untracked 
|  65|0x0000000084100000, 0x0000000084193c00, 0x0000000084200000| 57%| S|CS|TAMS 0x0000000084100000, 0x0000000084100000| Complete 
|  66|0x0000000084200000, 0x0000000084300000, 0x0000000084300000|100%| S|CS|TAMS 0x0000000084200000, 0x0000000084200000| Complete 
|  67|0x0000000084300000, 0x0000000084400000, 0x0000000084400000|100%| S|CS|TAMS 0x0000000084300000, 0x0000000084300000| Complete 
|  68|0x0000000084400000, 0x0000000084400000, 0x0000000084500000|  0%| F|  |TAMS 0x0000000084400000, 0x0000000084400000| Untracked 
|  69|0x0000000084500000, 0x0000000084600000, 0x0000000084600000|100%| S|CS|TAMS 0x0000000084500000, 0x0000000084500000| Complete 
|  70|0x0000000084600000, 0x0000000084600000, 0x0000000084700000|  0%| F|  |TAMS 0x0000000084600000, 0x0000000084600000| Untracked 
|  71|0x0000000084700000, 0x0000000084700000, 0x0000000084800000|  0%| F|  |TAMS 0x0000000084700000, 0x0000000084700000| Untracked 
|  72|0x0000000084800000, 0x0000000084800000, 0x0000000084900000|  0%| F|  |TAMS 0x0000000084800000, 0x0000000084800000| Untracked 
|  73|0x0000000084900000, 0x0000000084900000, 0x0000000084a00000|  0%| F|  |TAMS 0x0000000084900000, 0x0000000084900000| Untracked 
|  74|0x0000000084a00000, 0x0000000084a00000, 0x0000000084b00000|  0%| F|  |TAMS 0x0000000084a00000, 0x0000000084a00000| Untracked 
|  75|0x0000000084b00000, 0x0000000084b00000, 0x0000000084c00000|  0%| F|  |TAMS 0x0000000084b00000, 0x0000000084b00000| Untracked 
|  76|0x0000000084c00000, 0x0000000084c00000, 0x0000000084d00000|  0%| F|  |TAMS 0x0000000084c00000, 0x0000000084c00000| Untracked 
|  77|0x0000000084d00000, 0x0000000084d00000, 0x0000000084e00000|  0%| F|  |TAMS 0x0000000084d00000, 0x0000000084d00000| Untracked 
|  78|0x0000000084e00000, 0x0000000084e00000, 0x0000000084f00000|  0%| F|  |TAMS 0x0000000084e00000, 0x0000000084e00000| Untracked 
|  79|0x0000000084f00000, 0x0000000084f00000, 0x0000000085000000|  0%| F|  |TAMS 0x0000000084f00000, 0x0000000084f00000| Untracked 
|  80|0x0000000085000000, 0x0000000085000000, 0x0000000085100000|  0%| F|  |TAMS 0x0000000085000000, 0x0000000085000000| Untracked 
|  81|0x0000000085100000, 0x0000000085100000, 0x0000000085200000|  0%| F|  |TAMS 0x0000000085100000, 0x0000000085100000| Untracked 
|  82|0x0000000085200000, 0x0000000085200000, 0x0000000085300000|  0%| F|  |TAMS 0x0000000085200000, 0x0000000085200000| Untracked 
| 136|0x0000000088800000, 0x0000000088800000, 0x0000000088900000|  0%| F|  |TAMS 0x0000000088800000, 0x0000000088800000| Untracked 
| 137|0x0000000088900000, 0x0000000088900000, 0x0000000088a00000|  0%| F|  |TAMS 0x0000000088900000, 0x0000000088900000| Untracked 
| 138|0x0000000088a00000, 0x0000000088a00000, 0x0000000088b00000|  0%| F|  |TAMS 0x0000000088a00000, 0x0000000088a00000| Untracked 
| 139|0x0000000088b00000, 0x0000000088b00000, 0x0000000088c00000|  0%| F|  |TAMS 0x0000000088b00000, 0x0000000088b00000| Untracked 
| 140|0x0000000088c00000, 0x0000000088c00000, 0x0000000088d00000|  0%| F|  |TAMS 0x0000000088c00000, 0x0000000088c00000| Untracked 
| 141|0x0000000088d00000, 0x0000000088d00000, 0x0000000088e00000|  0%| F|  |TAMS 0x0000000088d00000, 0x0000000088d00000| Untracked 
| 142|0x0000000088e00000, 0x0000000088e70238, 0x0000000088f00000| 43%| E|  |TAMS 0x0000000088e00000, 0x0000000088e00000| Complete 
| 143|0x0000000088f00000, 0x0000000089000000, 0x0000000089000000|100%| E|CS|TAMS 0x0000000088f00000, 0x0000000088f00000| Complete 
| 144|0x0000000089000000, 0x0000000089100000, 0x0000000089100000|100%| E|CS|TAMS 0x0000000089000000, 0x0000000089000000| Complete 
| 145|0x0000000089100000, 0x0000000089200000, 0x0000000089200000|100%| E|CS|TAMS 0x0000000089100000, 0x0000000089100000| Complete 
| 146|0x0000000089200000, 0x0000000089300000, 0x0000000089300000|100%| E|CS|TAMS 0x0000000089200000, 0x0000000089200000| Complete 
| 147|0x0000000089300000, 0x0000000089400000, 0x0000000089400000|100%| E|CS|TAMS 0x0000000089300000, 0x0000000089300000| Complete 
| 251|0x000000008fb00000, 0x000000008fc00000, 0x000000008fc00000|100%| E|CS|TAMS 0x000000008fb00000, 0x000000008fb00000| Complete 

Card table byte_map: [0x000002ab5e8b0000,0x000002ab5ecb0000] _byte_map_base: 0x000002ab5e4b0000

Marking Bits (Prev, Next): (CMBitMap*) 0x000002ab474787f0, (CMBitMap*) 0x000002ab474787b0
 Prev Bits: [0x000002ab610b0000, 0x000002ab630b0000)
 Next Bits: [0x000002ab5f0b0000, 0x000002ab610b0000)

Polling page: 0x000002ab46bd0000

Metaspace:

Usage:
  Non-class:     49.68 MB used.
      Class:      8.12 MB used.
       Both:     57.80 MB used.

Virtual space:
  Non-class space:       64.00 MB reserved,      50.06 MB ( 78%) committed,  1 nodes.
      Class space:      416.00 MB reserved,       8.44 MB (  2%) committed,  1 nodes.
             Both:      480.00 MB reserved,      58.50 MB ( 12%) committed. 

Chunk freelists:
   Non-Class:  13.56 MB
       Class:  7.51 MB
        Both:  21.07 MB

MaxMetaspaceSize: 512.00 MB
CompressedClassSpaceSize: 416.00 MB
Initial GC threshold: 21.00 MB
Current GC threshold: 97.00 MB
CDS: on
MetaspaceReclaimPolicy: balanced
 - commit_granule_bytes: 65536.
 - commit_granule_words: 8192.
 - virtual_space_node_default_size: 8388608.
 - enlarge_chunks_in_place: 1.
 - new_chunks_are_fully_committed: 0.
 - uncommit_free_chunks: 1.
 - use_allocation_guard: 0.
 - handle_deallocations: 1.


Internal statistics:

num_allocs_failed_limit: 6.
num_arena_births: 828.
num_arena_deaths: 0.
num_vsnodes_births: 2.
num_vsnodes_deaths: 0.
num_space_committed: 936.
num_space_uncommitted: 0.
num_chunks_returned_to_freelist: 6.
num_chunks_taken_from_freelist: 3250.
num_chunk_merges: 6.
num_chunk_splits: 2141.
num_chunks_enlarged: 1395.
num_inconsistent_stats: 0.

CodeHeap 'non-profiled nmethods': size=120000Kb used=3518Kb max_used=3518Kb free=116481Kb
 bounds [0x000002ab56a30000, 0x000002ab56da0000, 0x000002ab5df60000]
CodeHeap 'profiled nmethods': size=120000Kb used=12496Kb max_used=12496Kb free=107504Kb
 bounds [0x000002ab4ef60000, 0x000002ab4fba0000, 0x000002ab56490000]
CodeHeap 'non-nmethods': size=5760Kb used=2359Kb max_used=2412Kb free=3400Kb
 bounds [0x000002ab56490000, 0x000002ab56700000, 0x000002ab56a30000]
 total_blobs=7157 nmethods=6275 adapters=794
 compilation: enabled
              stopped_count=0, restarted_count=0
 full_count=0

Compilation events (20 events):
Event: 34.047 Thread 0x000002ab6a00d140 7067       3       org.gradle.api.internal.artifacts.ivyservice.resolveengine.result.IvyArtifactNameSerializer::readNullable (19 bytes)
Event: 34.047 Thread 0x000002ab6a00d140 nmethod 7067 0x000002ab4fb87490 code [0x000002ab4fb87640, 0x000002ab4fb878b8]
Event: 34.048 Thread 0x000002ab6a00d140 7068       3       org.gradle.api.internal.artifacts.DefaultModuleVersionIdentifier::newId (10 bytes)
Event: 34.048 Thread 0x000002ab6a00d140 nmethod 7068 0x000002ab4fb87990 code [0x000002ab4fb87b40, 0x000002ab4fb87cc8]
Event: 34.049 Thread 0x000002ab6a00d140 7069  s!   3       java.io.FileDescriptor::closeAll (163 bytes)
Event: 34.051 Thread 0x000002ab6a00d140 nmethod 7069 0x000002ab4fb87d90 code [0x000002ab4fb88000, 0x000002ab4fb88e68]
Event: 34.051 Thread 0x000002ab6a00d140 7070       3       jdk.internal.ref.PhantomCleanable::clear (12 bytes)
Event: 34.052 Thread 0x000002ab6a00d140 nmethod 7070 0x000002ab4fb89490 code [0x000002ab4fb89640, 0x000002ab4fb89838]
Event: 34.061 Thread 0x000002ab6a00d140 7071       3       org.gradle.api.internal.attributes.DefaultMutableAttributeContainer::doInsertion (39 bytes)
Event: 34.062 Thread 0x000002ab6c4fa890 nmethod 7057 0x000002ab56d9e290 code [0x000002ab56d9e460, 0x000002ab56d9ec30]
Event: 34.062 Thread 0x000002ab6c4fa890 7060       4       org.gradle.internal.serialize.kryo.KryoBackedDecoder::readString (5 bytes)
Event: 34.063 Thread 0x000002ab6a00d140 nmethod 7071 0x000002ab4fb89910 code [0x000002ab4fb89b20, 0x000002ab4fb8a188]
Event: 34.063 Thread 0x000002ab6a00d140 7073       3       org.gradle.api.internal.attributes.DefaultMutableAttributeContainer::removeLazyAttributeIfPresent (25 bytes)
Event: 34.064 Thread 0x000002ab6a00d140 nmethod 7073 0x000002ab4fb8a390 code [0x000002ab4fb8a540, 0x000002ab4fb8a838]
Event: 34.064 Thread 0x000002ab6a00d140 7072       3       org.gradle.api.internal.attributes.DefaultMutableAttributeContainer::assertAttributeTypeIsValid (53 bytes)
Event: 34.066 Thread 0x000002ab6c4fa890 nmethod 7060 0x000002ab56d9f110 code [0x000002ab56d9f2a0, 0x000002ab56d9f398]
Event: 34.066 Thread 0x000002ab6a00d140 nmethod 7072 0x000002ab4fb8a990 code [0x000002ab4fb8ac60, 0x000002ab4fb8bd68]
Event: 34.066 Thread 0x000002ab6a00d140 7074       3       org.gradle.api.internal.attributes.DefaultMutableAttributeContainer::attribute (13 bytes)
Event: 34.067 Thread 0x000002ab6a00d140 nmethod 7074 0x000002ab4fb8c310 code [0x000002ab4fb8c4c0, 0x000002ab4fb8c658]
Event: 34.078 Thread 0x000002ab6a00d140 7075       3       org.gradle.api.internal.artifacts.ivyservice.modulecache.ModuleMetadataSerializer$Reader::readMavenDependency (148 bytes)

GC Heap History (20 events):
Event: 25.611 GC heap before
{Heap before GC invocations=10 (full 0):
 garbage-first heap   total 81920K, used 62701K [0x0000000080000000, 0x0000000100000000)
  region size 1024K, 31 young (31744K), 3 survivors (3072K)
 Metaspace       used 38856K, committed 39424K, reserved 491520K
  class space    used 5404K, committed 5632K, reserved 425984K
}
Event: 25.617 GC heap after
{Heap after GC invocations=11 (full 0):
 garbage-first heap   total 81920K, used 36455K [0x0000000080000000, 0x0000000100000000)
  region size 1024K, 3 young (3072K), 3 survivors (3072K)
 Metaspace       used 38856K, committed 39424K, reserved 491520K
  class space    used 5404K, committed 5632K, reserved 425984K
}
Event: 26.621 GC heap before
{Heap before GC invocations=11 (full 0):
 garbage-first heap   total 81920K, used 63079K [0x0000000080000000, 0x0000000100000000)
  region size 1024K, 30 young (30720K), 3 survivors (3072K)
 Metaspace       used 42326K, committed 42880K, reserved 491520K
  class space    used 5914K, committed 6144K, reserved 425984K
}
Event: 26.629 GC heap after
{Heap after GC invocations=12 (full 0):
 garbage-first heap   total 81920K, used 37827K [0x0000000080000000, 0x0000000100000000)
  region size 1024K, 2 young (2048K), 2 survivors (2048K)
 Metaspace       used 42326K, committed 42880K, reserved 491520K
  class space    used 5914K, committed 6144K, reserved 425984K
}
Event: 27.145 GC heap before
{Heap before GC invocations=12 (full 0):
 garbage-first heap   total 81920K, used 50115K [0x0000000080000000, 0x0000000100000000)
  region size 1024K, 15 young (15360K), 2 survivors (2048K)
 Metaspace       used 43203K, committed 43776K, reserved 491520K
  class space    used 6053K, committed 6336K, reserved 425984K
}
Event: 27.150 GC heap after
{Heap after GC invocations=13 (full 0):
 garbage-first heap   total 81920K, used 38498K [0x0000000080000000, 0x0000000100000000)
  region size 1024K, 3 young (3072K), 3 survivors (3072K)
 Metaspace       used 43203K, committed 43776K, reserved 491520K
  class space    used 6053K, committed 6336K, reserved 425984K
}
Event: 27.275 GC heap before
{Heap before GC invocations=14 (full 0):
 garbage-first heap   total 81920K, used 42594K [0x0000000080000000, 0x0000000100000000)
  region size 1024K, 6 young (6144K), 3 survivors (3072K)
 Metaspace       used 43536K, committed 44096K, reserved 491520K
  class space    used 6093K, committed 6336K, reserved 425984K
}
Event: 27.279 GC heap after
{Heap after GC invocations=15 (full 0):
 garbage-first heap   total 81920K, used 41047K [0x0000000080000000, 0x0000000100000000)
  region size 1024K, 2 young (2048K), 2 survivors (2048K)
 Metaspace       used 43536K, committed 44096K, reserved 491520K
  class space    used 6093K, committed 6336K, reserved 425984K
}
Event: 28.020 GC heap before
{Heap before GC invocations=16 (full 0):
 garbage-first heap   total 81920K, used 67671K [0x0000000080000000, 0x0000000100000000)
  region size 1024K, 24 young (24576K), 2 survivors (2048K)
 Metaspace       used 46891K, committed 47488K, reserved 491520K
  class space    used 6556K, committed 6848K, reserved 425984K
}
Event: 28.025 GC heap after
{Heap after GC invocations=17 (full 0):
 garbage-first heap   total 81920K, used 47275K [0x0000000080000000, 0x0000000100000000)
  region size 1024K, 3 young (3072K), 3 survivors (3072K)
 Metaspace       used 46891K, committed 47488K, reserved 491520K
  class space    used 6556K, committed 6848K, reserved 425984K
}
Event: 28.717 GC heap before
{Heap before GC invocations=17 (full 0):
 garbage-first heap   total 81920K, used 66731K [0x0000000080000000, 0x0000000100000000)
  region size 1024K, 22 young (22528K), 3 survivors (3072K)
 Metaspace       used 48971K, committed 49664K, reserved 491520K
  class space    used 6882K, committed 7232K, reserved 425984K
}
Event: 28.723 GC heap after
{Heap after GC invocations=18 (full 0):
 garbage-first heap   total 98304K, used 48102K [0x0000000080000000, 0x0000000100000000)
  region size 1024K, 1 young (1024K), 1 survivors (1024K)
 Metaspace       used 48971K, committed 49664K, reserved 491520K
  class space    used 6882K, committed 7232K, reserved 425984K
}
Event: 30.097 GC heap before
{Heap before GC invocations=19 (full 0):
 garbage-first heap   total 98304K, used 75750K [0x0000000080000000, 0x0000000100000000)
  region size 1024K, 28 young (28672K), 1 survivors (1024K)
 Metaspace       used 51956K, committed 52608K, reserved 491520K
  class space    used 7310K, committed 7616K, reserved 425984K
}
Event: 30.102 GC heap after
{Heap after GC invocations=20 (full 0):
 garbage-first heap   total 98304K, used 49593K [0x0000000080000000, 0x0000000100000000)
  region size 1024K, 3 young (3072K), 3 survivors (3072K)
 Metaspace       used 51956K, committed 52608K, reserved 491520K
  class space    used 7310K, committed 7616K, reserved 425984K
}
Event: 31.652 GC heap before
{Heap before GC invocations=20 (full 0):
 garbage-first heap   total 98304K, used 76217K [0x0000000080000000, 0x0000000100000000)
  region size 1024K, 29 young (29696K), 3 survivors (3072K)
 Metaspace       used 55154K, committed 55808K, reserved 491520K
  class space    used 7697K, committed 8000K, reserved 425984K
}
Event: 31.661 GC heap after
{Heap after GC invocations=21 (full 0):
 garbage-first heap   total 98304K, used 51858K [0x0000000080000000, 0x0000000100000000)
  region size 1024K, 4 young (4096K), 4 survivors (4096K)
 Metaspace       used 55154K, committed 55808K, reserved 491520K
  class space    used 7697K, committed 8000K, reserved 425984K
}
Event: 32.748 GC heap before
{Heap before GC invocations=22 (full 0):
 garbage-first heap   total 98304K, used 76434K [0x0000000080000000, 0x0000000100000000)
  region size 1024K, 29 young (29696K), 4 survivors (4096K)
 Metaspace       used 57234K, committed 57920K, reserved 491520K
  class space    used 7993K, committed 8320K, reserved 425984K
}
Event: 32.755 GC heap after
{Heap after GC invocations=23 (full 0):
 garbage-first heap   total 98304K, used 53242K [0x0000000080000000, 0x0000000100000000)
  region size 1024K, 2 young (2048K), 2 survivors (2048K)
 Metaspace       used 57234K, committed 57920K, reserved 491520K
  class space    used 7993K, committed 8320K, reserved 425984K
}
Event: 33.607 GC heap before
{Heap before GC invocations=23 (full 0):
 garbage-first heap   total 98304K, used 78842K [0x0000000080000000, 0x0000000100000000)
  region size 1024K, 27 young (27648K), 2 survivors (2048K)
 Metaspace       used 58803K, committed 59520K, reserved 491520K
  class space    used 8258K, committed 8576K, reserved 425984K
}
Event: 33.617 GC heap after
{Heap after GC invocations=24 (full 0):
 garbage-first heap   total 98304K, used 55246K [0x0000000080000000, 0x0000000100000000)
  region size 1024K, 4 young (4096K), 4 survivors (4096K)
 Metaspace       used 58803K, committed 59520K, reserved 491520K
  class space    used 8258K, committed 8576K, reserved 425984K
}

Dll operation events (13 events):
Event: 0.017 Loaded shared library C:\Program Files\Microsoft\jdk-17.0.15.6-hotspot\bin\java.dll
Event: 0.057 Loaded shared library C:\Program Files\Microsoft\jdk-17.0.15.6-hotspot\bin\jsvml.dll
Event: 0.108 Loaded shared library C:\Program Files\Microsoft\jdk-17.0.15.6-hotspot\bin\net.dll
Event: 0.113 Loaded shared library C:\Program Files\Microsoft\jdk-17.0.15.6-hotspot\bin\nio.dll
Event: 0.118 Loaded shared library C:\Program Files\Microsoft\jdk-17.0.15.6-hotspot\bin\zip.dll
Event: 0.366 Loaded shared library C:\Program Files\Microsoft\jdk-17.0.15.6-hotspot\bin\jimage.dll
Event: 0.470 Loaded shared library C:\Program Files\Microsoft\jdk-17.0.15.6-hotspot\bin\verify.dll
Event: 0.778 Loaded shared library C:\Users\STUDENT\.gradle\native\68d5fa5c4cc2d200863cafc0d521ce42e7d3e7ee720ec0a83991735586a16f82\windows-amd64\native-platform.dll
Event: 0.787 Loaded shared library C:\Users\STUDENT\.gradle\native\e376f236ea51e6404a007f0833ffe2c6e607c4080706a723a18a27aeea778392\windows-amd64\native-platform-file-events.dll
Event: 2.172 Loaded shared library C:\Program Files\Microsoft\jdk-17.0.15.6-hotspot\bin\management.dll
Event: 2.179 Loaded shared library C:\Program Files\Microsoft\jdk-17.0.15.6-hotspot\bin\management_ext.dll
Event: 2.603 Loaded shared library C:\Program Files\Microsoft\jdk-17.0.15.6-hotspot\bin\extnet.dll
Event: 3.144 Loaded shared library C:\Program Files\Microsoft\jdk-17.0.15.6-hotspot\bin\sunmscapi.dll

Deoptimization events (20 events):
Event: 33.331 Thread 0x000002ab6b7b8af0 DEOPT PACKING pc=0x000002ab4fa864ef sp=0x000000ca04ef4680
Event: 33.331 Thread 0x000002ab6b7b8af0 DEOPT UNPACKING pc=0x000002ab564e7143 sp=0x000000ca04ef3b08 mode 0
Event: 33.559 Thread 0x000002ab6b7b8af0 Uncommon trap: trap_request=0xffffff45 fr.pc=0x000002ab56b13a84 relative=0x0000000000000404
Event: 33.559 Thread 0x000002ab6b7b8af0 Uncommon trap: reason=unstable_if action=reinterpret pc=0x000002ab56b13a84 method=org.objectweb.asm.Type.getArgumentsAndReturnSizes(Ljava/lang/String;)I @ 117 c2
Event: 33.559 Thread 0x000002ab6b7b8af0 DEOPT PACKING pc=0x000002ab56b13a84 sp=0x000000ca04ef59a0
Event: 33.559 Thread 0x000002ab6b7b8af0 DEOPT UNPACKING pc=0x000002ab564e69a3 sp=0x000000ca04ef5920 mode 2
Event: 33.559 Thread 0x000002ab6b7b8af0 Uncommon trap: trap_request=0xffffff45 fr.pc=0x000002ab56b8e908 relative=0x0000000000001b88
Event: 33.559 Thread 0x000002ab6b7b8af0 Uncommon trap: reason=unstable_if action=reinterpret pc=0x000002ab56b8e908 method=org.objectweb.asm.Type.getArgumentsAndReturnSizes(Ljava/lang/String;)I @ 117 c2
Event: 33.559 Thread 0x000002ab6b7b8af0 DEOPT PACKING pc=0x000002ab56b8e908 sp=0x000000ca04ef5710
Event: 33.559 Thread 0x000002ab6b7b8af0 DEOPT UNPACKING pc=0x000002ab564e69a3 sp=0x000000ca04ef55c8 mode 2
Event: 33.559 Thread 0x000002ab6b7b8af0 Uncommon trap: trap_request=0xffffff45 fr.pc=0x000002ab56ad2200 relative=0x0000000000000700
Event: 33.559 Thread 0x000002ab6b7b8af0 Uncommon trap: reason=unstable_if action=reinterpret pc=0x000002ab56ad2200 method=org.objectweb.asm.Frame.getAbstractTypeFromDescriptor(Lorg/objectweb/asm/SymbolTable;Ljava/lang/String;I)I @ 5 c2
Event: 33.559 Thread 0x000002ab6b7b8af0 DEOPT PACKING pc=0x000002ab56ad2200 sp=0x000000ca04ef5590
Event: 33.559 Thread 0x000002ab6b7b8af0 DEOPT UNPACKING pc=0x000002ab564e69a3 sp=0x000000ca04ef5550 mode 2
Event: 33.768 Thread 0x000002ab6b7b8af0 Uncommon trap: trap_request=0xffffffc6 fr.pc=0x000002ab56cb2394 relative=0x0000000000000794
Event: 33.768 Thread 0x000002ab6b7b8af0 Uncommon trap: reason=bimorphic_or_optimized_type_check action=maybe_recompile pc=0x000002ab56cb2394 method=java.util.regex.Pattern$Start.match(Ljava/util/regex/Matcher;ILjava/lang/CharSequence;)Z @ 44 c2
Event: 33.768 Thread 0x000002ab6b7b8af0 DEOPT PACKING pc=0x000002ab56cb2394 sp=0x000000ca04ef5fa0
Event: 33.768 Thread 0x000002ab6b7b8af0 DEOPT UNPACKING pc=0x000002ab564e69a3 sp=0x000000ca04ef5f20 mode 2
Event: 33.971 Thread 0x000002ab6b7b8af0 DEOPT PACKING pc=0x000002ab4f00961b sp=0x000000ca04ef7750
Event: 33.971 Thread 0x000002ab6b7b8af0 DEOPT UNPACKING pc=0x000002ab564e7143 sp=0x000000ca04ef6c70 mode 0

Classes loaded (20 events):
Event: 32.778 Loading class java/nio/channels/Channels$1
Event: 32.778 Loading class java/nio/channels/Channels$1 done
Event: 32.972 Loading class java/lang/IntegerBeanInfo
Event: 32.972 Loading class java/lang/IntegerBeanInfo done
Event: 32.973 Loading class java/lang/IntegerBeanInfo
Event: 32.973 Loading class java/lang/IntegerBeanInfo done
Event: 32.973 Loading class java/lang/NumberBeanInfo
Event: 32.973 Loading class java/lang/NumberBeanInfo done
Event: 32.973 Loading class java/lang/NumberBeanInfo
Event: 32.973 Loading class java/lang/NumberBeanInfo done
Event: 32.973 Loading class java/lang/NumberCustomizer
Event: 32.973 Loading class java/lang/NumberCustomizer done
Event: 32.974 Loading class java/lang/NumberCustomizer
Event: 32.974 Loading class java/lang/NumberCustomizer done
Event: 32.974 Loading class java/lang/IntegerCustomizer
Event: 32.974 Loading class java/lang/IntegerCustomizer done
Event: 32.974 Loading class java/lang/IntegerCustomizer
Event: 32.974 Loading class java/lang/IntegerCustomizer done
Event: 32.974 Loading class jdk/internal/ValueBased
Event: 32.975 Loading class jdk/internal/ValueBased done

Classes unloaded (0 events):
No events

Classes redefined (0 events):
No events

Internal exceptions (20 events):
Event: 32.974 Thread 0x000002ab6b7b8af0 Exception <a 'java/lang/ClassNotFoundException'{0x000000008902e1f0}: java/lang/NumberCustomizer> (0x000000008902e1f0) 
thrown [s\src\hotspot\share\classfile\systemDictionary.cpp, line 256]
Event: 32.974 Thread 0x000002ab6b7b8af0 Exception <a 'java/lang/ClassNotFoundException'{0x00000000890365e8}: java/lang/IntegerCustomizer> (0x00000000890365e8) 
thrown [s\src\hotspot\share\classfile\systemDictionary.cpp, line 256]
Event: 32.982 Thread 0x000002ab6b7b8af0 Exception <a 'java/lang/reflect/InvocationTargetException'{0x00000000890678c0}> (0x00000000890678c0) 
thrown [s\src\hotspot\share\runtime\reflection.cpp, line 1128]
Event: 32.983 Thread 0x000002ab6b7b8af0 Exception <a 'java/lang/reflect/InvocationTargetException'{0x000000008906bc68}> (0x000000008906bc68) 
thrown [s\src\hotspot\share\runtime\reflection.cpp, line 1128]
Event: 32.983 Thread 0x000002ab6b7b8af0 Exception <a 'java/lang/reflect/InvocationTargetException'{0x000000008906ffd8}> (0x000000008906ffd8) 
thrown [s\src\hotspot\share\runtime\reflection.cpp, line 1128]
Event: 32.984 Thread 0x000002ab6b7b8af0 Exception <a 'java/lang/reflect/InvocationTargetException'{0x0000000089074520}> (0x0000000089074520) 
thrown [s\src\hotspot\share\runtime\reflection.cpp, line 1128]
Event: 33.007 Thread 0x000002ab6b7b8af0 Exception <a 'java/lang/ClassNotFoundException'{0x0000000088c48ed0}: org/gradle/api/internal/artifacts/dsl/DefaultRepositoryHandler_DecoratedBeanInfo> (0x0000000088c48ed0) 
thrown [s\src\hotspot\share\classfile\systemDictionary.cpp, line 256]
Event: 33.009 Thread 0x000002ab6b7b8af0 Exception <a 'java/lang/ClassNotFoundException'{0x0000000088c60858}: org/gradle/api/internal/artifacts/dsl/DefaultRepositoryHandlerBeanInfo> (0x0000000088c60858) 
thrown [s\src\hotspot\share\classfile\systemDictionary.cpp, line 256]
Event: 33.010 Thread 0x000002ab6b7b8af0 Exception <a 'java/lang/ClassNotFoundException'{0x0000000088c79408}: org/gradle/api/internal/artifacts/DefaultArtifactRepositoryContainerBeanInfo> (0x0000000088c79408) 
thrown [s\src\hotspot\share\classfile\systemDictionary.cpp, line 256]
Event: 33.012 Thread 0x000002ab6b7b8af0 Exception <a 'java/lang/ClassNotFoundException'{0x0000000088c8df60}: org/gradle/api/internal/DefaultNamedDomainObjectListBeanInfo> (0x0000000088c8df60) 
thrown [s\src\hotspot\share\classfile\systemDictionary.cpp, line 256]
Event: 33.013 Thread 0x000002ab6b7b8af0 Exception <a 'java/lang/ClassNotFoundException'{0x0000000088ca2f20}: org/gradle/api/internal/DefaultNamedDomainObjectCollectionBeanInfo> (0x0000000088ca2f20) 
thrown [s\src\hotspot\share\classfile\systemDictionary.cpp, line 256]
Event: 33.014 Thread 0x000002ab6b7b8af0 Exception <a 'java/lang/ClassNotFoundException'{0x0000000088cb7ee0}: org/gradle/api/internal/DefaultNamedDomainObjectCollectionCustomizer> (0x0000000088cb7ee0) 
thrown [s\src\hotspot\share\classfile\systemDictionary.cpp, line 256]
Event: 33.020 Thread 0x000002ab6b7b8af0 Exception <a 'java/lang/ClassNotFoundException'{0x0000000088b00050}: org/gradle/api/internal/DefaultNamedDomainObjectListCustomizer> (0x0000000088b00050) 
thrown [s\src\hotspot\share\classfile\systemDictionary.cpp, line 256]
Event: 33.025 Thread 0x000002ab6b7b8af0 Exception <a 'java/lang/ClassNotFoundException'{0x0000000088b43e60}: org/gradle/api/internal/artifacts/DefaultArtifactRepositoryContainerCustomizer> (0x0000000088b43e60) 
thrown [s\src\hotspot\share\classfile\systemDictionary.cpp, line 256]
Event: 33.030 Thread 0x000002ab6b7b8af0 Exception <a 'java/lang/ClassNotFoundException'{0x0000000088b84188}: org/gradle/api/internal/artifacts/dsl/DefaultRepositoryHandlerCustomizer> (0x0000000088b84188) 
thrown [s\src\hotspot\share\classfile\systemDictionary.cpp, line 256]
Event: 33.034 Thread 0x000002ab6b7b8af0 Exception <a 'java/lang/ClassNotFoundException'{0x0000000088bd1fd8}: org/gradle/api/internal/artifacts/dsl/DefaultRepositoryHandler_DecoratedCustomizer> (0x0000000088bd1fd8) 
thrown [s\src\hotspot\share\classfile\systemDictionary.cpp, line 256]
Event: 33.049 Thread 0x000002ab6b7b8af0 Exception <a 'java/lang/ClassNotFoundException'{0x0000000088a64ab0}: org/gradle/api/internal/artifacts/dsl/dependencies/DefaultDependencyHandler_DecoratedBeanInfo> (0x0000000088a64ab0) 
thrown [s\src\hotspot\share\classfile\systemDictionary.cpp, line 256]
Event: 33.051 Thread 0x000002ab6b7b8af0 Exception <a 'java/lang/ClassNotFoundException'{0x0000000088a7cb58}: org/gradle/api/internal/artifacts/dsl/dependencies/DefaultDependencyHandlerBeanInfo> (0x0000000088a7cb58) 
thrown [s\src\hotspot\share\classfile\systemDictionary.cpp, line 256]
Event: 33.055 Thread 0x000002ab6b7b8af0 Exception <a 'java/lang/ClassNotFoundException'{0x0000000088a93ee0}: org/gradle/api/internal/artifacts/dsl/dependencies/DefaultDependencyHandlerCustomizer> (0x0000000088a93ee0) 
thrown [s\src\hotspot\share\classfile\systemDictionary.cpp, line 256]
Event: 33.059 Thread 0x000002ab6b7b8af0 Exception <a 'java/lang/ClassNotFoundException'{0x0000000088addbe8}: org/gradle/api/internal/artifacts/dsl/dependencies/DefaultDependencyHandler_DecoratedCustomizer> (0x0000000088addbe8) 
thrown [s\src\hotspot\share\classfile\systemDictionary.cpp, line 256]

VM Operations (20 events):
Event: 31.700 Executing VM operation: G1PauseRemark
Event: 31.704 Executing VM operation: G1PauseRemark done
Event: 31.726 Executing VM operation: G1PauseCleanup
Event: 31.726 Executing VM operation: G1PauseCleanup done
Event: 32.454 Executing VM operation: HandshakeAllThreads
Event: 32.455 Executing VM operation: HandshakeAllThreads done
Event: 32.548 Executing VM operation: HandshakeAllThreads
Event: 32.548 Executing VM operation: HandshakeAllThreads done
Event: 32.631 Executing VM operation: HandshakeAllThreads
Event: 32.632 Executing VM operation: HandshakeAllThreads done
Event: 32.748 Executing VM operation: G1CollectForAllocation
Event: 32.755 Executing VM operation: G1CollectForAllocation done
Event: 32.899 Executing VM operation: HandshakeAllThreads
Event: 32.899 Executing VM operation: HandshakeAllThreads done
Event: 33.607 Executing VM operation: G1CollectForAllocation
Event: 33.617 Executing VM operation: G1CollectForAllocation done
Event: 33.672 Executing VM operation: G1PauseRemark
Event: 33.679 Executing VM operation: G1PauseRemark done
Event: 33.703 Executing VM operation: G1PauseCleanup
Event: 33.703 Executing VM operation: G1PauseCleanup done

Memory protections (0 events):
No events

Nmethod flushes (20 events):
Event: 27.120 Thread 0x000002ab6a00db40 flushing  nmethod 0x000002ab4f708e90
Event: 27.120 Thread 0x000002ab6a00db40 flushing  nmethod 0x000002ab4f730290
Event: 27.120 Thread 0x000002ab6a00db40 flushing  nmethod 0x000002ab4f75d610
Event: 27.120 Thread 0x000002ab6a00db40 flushing  nmethod 0x000002ab4f75d990
Event: 27.120 Thread 0x000002ab6a00db40 flushing  nmethod 0x000002ab4f767e90
Event: 27.120 Thread 0x000002ab6a00db40 flushing  nmethod 0x000002ab4f779010
Event: 27.121 Thread 0x000002ab6a00db40 flushing  nmethod 0x000002ab4f7b3a10
Event: 27.121 Thread 0x000002ab6a00db40 flushing  nmethod 0x000002ab4f7b8510
Event: 27.121 Thread 0x000002ab6a00db40 flushing  nmethod 0x000002ab4f7e8490
Event: 27.121 Thread 0x000002ab6a00db40 flushing  nmethod 0x000002ab4f818510
Event: 27.121 Thread 0x000002ab6a00db40 flushing  nmethod 0x000002ab4f81bf90
Event: 27.121 Thread 0x000002ab6a00db40 flushing  nmethod 0x000002ab4f82c510
Event: 27.121 Thread 0x000002ab6a00db40 flushing  nmethod 0x000002ab4f836510
Event: 27.121 Thread 0x000002ab6a00db40 flushing  nmethod 0x000002ab4f847b90
Event: 27.122 Thread 0x000002ab6a00db40 flushing  nmethod 0x000002ab4f873e10
Event: 27.122 Thread 0x000002ab6a00db40 flushing  nmethod 0x000002ab4f885c90
Event: 27.122 Thread 0x000002ab6a00db40 flushing  nmethod 0x000002ab4f8a9290
Event: 27.122 Thread 0x000002ab6a00db40 flushing  nmethod 0x000002ab4f8dae90
Event: 27.122 Thread 0x000002ab6a00db40 flushing  nmethod 0x000002ab4f8dd510
Event: 27.123 Thread 0x000002ab6a00db40 flushing  nmethod 0x000002ab4f942890

Events (20 events):
Event: 27.025 Thread 0x000002ab6b7b8af0 Thread added: 0x000002ab6d33c490
Event: 27.025 Thread 0x000002ab6b7b8af0 Thread added: 0x000002ab6d33e800
Event: 27.027 Thread 0x000002ab6b7b8af0 Thread added: 0x000002ab6d33bf80
Event: 27.028 Thread 0x000002ab6b7b8af0 Thread added: 0x000002ab6d340b70
Event: 27.028 Thread 0x000002ab6b7b8af0 Thread added: 0x000002ab6d33c9a0
Event: 27.028 Thread 0x000002ab6b7b8af0 Thread added: 0x000002ab6d33f730
Event: 27.029 Thread 0x000002ab6b7b8af0 Thread added: 0x000002ab6d33b050
Event: 27.030 Thread 0x000002ab6b7b8af0 Thread added: 0x000002ab6d33ceb0
Event: 27.031 Thread 0x000002ab6b7b8af0 Thread added: 0x000002ab6d33d8d0
Event: 27.031 Thread 0x000002ab6b7b8af0 Thread added: 0x000002ab6d33ed10
Event: 27.032 Thread 0x000002ab6b7b8af0 Thread added: 0x000002ab6d33f220
Event: 27.032 Thread 0x000002ab6b7b8af0 Thread added: 0x000002ab6d33b560
Event: 27.263 Thread 0x000002ab6cb25af0 Thread exited: 0x000002ab6cb25af0
Event: 28.160 Thread 0x000002ab6b7b8af0 Thread added: 0x000002ab6d33fc40
Event: 29.018 Thread 0x000002ab6c2c6af0 Thread exited: 0x000002ab6c2c6af0
Event: 29.537 Thread 0x000002ab6a00d140 Thread added: 0x000002ab6c2c6af0
Event: 29.833 Thread 0x000002ab6c2c6af0 Thread exited: 0x000002ab6c2c6af0
Event: 32.410 Thread 0x000002ab6a00d140 Thread added: 0x000002ab6c4fa890
Event: 33.077 Thread 0x000002ab6b7b8af0 Thread added: 0x000002ab6d33d3c0
Event: 33.147 Thread 0x000002ab6a00d140 Thread added: 0x000002ab6cb25af0


Dynamic libraries:
0x00007ff6cd7d0000 - 0x00007ff6cd7de000 	C:\Program Files\Microsoft\jdk-17.0.15.6-hotspot\bin\java.exe
0x00007ffd28e90000 - 0x00007ffd290a7000 	C:\Windows\SYSTEM32\ntdll.dll
0x00007ffd27bb0000 - 0x00007ffd27c74000 	C:\Windows\System32\KERNEL32.DLL
0x00007ffd262c0000 - 0x00007ffd26693000 	C:\Windows\System32\KERNELBASE.dll
0x00007ffd25f90000 - 0x00007ffd260a1000 	C:\Windows\System32\ucrtbase.dll
0x00007ffd20f10000 - 0x00007ffd20f27000 	C:\Program Files\Microsoft\jdk-17.0.15.6-hotspot\bin\jli.dll
0x00007ffd20ef0000 - 0x00007ffd20f0d000 	C:\Program Files\Microsoft\jdk-17.0.15.6-hotspot\bin\VCRUNTIME140.dll
0x00007ffd26c60000 - 0x00007ffd26e11000 	C:\Windows\System32\USER32.dll
0x00007ffd26910000 - 0x00007ffd26936000 	C:\Windows\System32\win32u.dll
0x00007ffd27100000 - 0x00007ffd27129000 	C:\Windows\System32\GDI32.dll
0x00007ffd06860000 - 0x00007ffd06afb000 	C:\Windows\WinSxS\amd64_microsoft.windows.common-controls_6595b64144ccf1df_6.0.22621.5262_none_2712bde373830908\COMCTL32.dll
0x00007ffd26940000 - 0x00007ffd26a62000 	C:\Windows\System32\gdi32full.dll
0x00007ffd26b30000 - 0x00007ffd26bd7000 	C:\Windows\System32\msvcrt.dll
0x00007ffd260b0000 - 0x00007ffd2614a000 	C:\Windows\System32\msvcp_win.dll
0x00007ffd271f0000 - 0x00007ffd27221000 	C:\Windows\System32\IMM32.DLL
0x00007ffd21330000 - 0x00007ffd2133c000 	C:\Program Files\Microsoft\jdk-17.0.15.6-hotspot\bin\vcruntime140_1.dll
0x00007ffcf8cd0000 - 0x00007ffcf8d5d000 	C:\Program Files\Microsoft\jdk-17.0.15.6-hotspot\bin\msvcp140.dll
0x00007ffcd4330000 - 0x00007ffcd4fa2000 	C:\Program Files\Microsoft\jdk-17.0.15.6-hotspot\bin\server\jvm.dll
0x00007ffd27130000 - 0x00007ffd271e1000 	C:\Windows\System32\ADVAPI32.dll
0x00007ffd27d40000 - 0x00007ffd27de7000 	C:\Windows\System32\sechost.dll
0x00007ffd268e0000 - 0x00007ffd26908000 	C:\Windows\System32\bcrypt.dll
0x00007ffd27e60000 - 0x00007ffd27f74000 	C:\Windows\System32\RPCRT4.dll
0x00007ffd26be0000 - 0x00007ffd26c51000 	C:\Windows\System32\WS2_32.dll
0x00007ffd258c0000 - 0x00007ffd2590d000 	C:\Windows\SYSTEM32\POWRPROF.dll
0x00007ffd22a10000 - 0x00007ffd22a44000 	C:\Windows\SYSTEM32\WINMM.dll
0x00007ffd1de80000 - 0x00007ffd1de8a000 	C:\Windows\SYSTEM32\VERSION.dll
0x00007ffd258a0000 - 0x00007ffd258b3000 	C:\Windows\SYSTEM32\UMPDC.dll
0x00007ffd24f90000 - 0x00007ffd24fa8000 	C:\Windows\SYSTEM32\kernel.appcore.dll
0x00007ffd20f40000 - 0x00007ffd20f4a000 	C:\Program Files\Microsoft\jdk-17.0.15.6-hotspot\bin\jimage.dll
0x00007ffd23890000 - 0x00007ffd23ac2000 	C:\Windows\SYSTEM32\DBGHELP.DLL
0x00007ffd27f80000 - 0x00007ffd28313000 	C:\Windows\System32\combase.dll
0x00007ffd26e20000 - 0x00007ffd26ef7000 	C:\Windows\System32\OLEAUT32.dll
0x00007ffd11ee0000 - 0x00007ffd11f12000 	C:\Windows\SYSTEM32\dbgcore.DLL
0x00007ffd266a0000 - 0x00007ffd2671b000 	C:\Windows\System32\bcryptPrimitives.dll
0x00007ffd06b40000 - 0x00007ffd06b65000 	C:\Program Files\Microsoft\jdk-17.0.15.6-hotspot\bin\java.dll
0x00007ffcf2090000 - 0x00007ffcf2166000 	C:\Program Files\Microsoft\jdk-17.0.15.6-hotspot\bin\jsvml.dll
0x00007ffd285b0000 - 0x00007ffd28e4d000 	C:\Windows\System32\SHELL32.dll
0x00007ffd267a0000 - 0x00007ffd268df000 	C:\Windows\System32\wintypes.dll
0x00007ffd23e80000 - 0x00007ffd2479d000 	C:\Windows\SYSTEM32\windows.storage.dll
0x00007ffd26f00000 - 0x00007ffd2700b000 	C:\Windows\System32\SHCORE.dll
0x00007ffd27df0000 - 0x00007ffd27e56000 	C:\Windows\System32\shlwapi.dll
0x00007ffd25ec0000 - 0x00007ffd25eeb000 	C:\Windows\SYSTEM32\profapi.dll
0x00007ffd17df0000 - 0x00007ffd17e0a000 	C:\Program Files\Microsoft\jdk-17.0.15.6-hotspot\bin\net.dll
0x00007ffd219e0000 - 0x00007ffd21b0c000 	C:\Windows\SYSTEM32\WINHTTP.dll
0x00007ffd25400000 - 0x00007ffd2546a000 	C:\Windows\system32\mswsock.dll
0x00007ffd07180000 - 0x00007ffd07196000 	C:\Program Files\Microsoft\jdk-17.0.15.6-hotspot\bin\nio.dll
0x00007ffd06180000 - 0x00007ffd06198000 	C:\Program Files\Microsoft\jdk-17.0.15.6-hotspot\bin\zip.dll
0x00007ffd20ee0000 - 0x00007ffd20ef0000 	C:\Program Files\Microsoft\jdk-17.0.15.6-hotspot\bin\verify.dll
0x00007ffd03160000 - 0x00007ffd03187000 	C:\Users\STUDENT\.gradle\native\68d5fa5c4cc2d200863cafc0d521ce42e7d3e7ee720ec0a83991735586a16f82\windows-amd64\native-platform.dll
0x00007ffcf1f40000 - 0x00007ffcf2084000 	C:\Users\STUDENT\.gradle\native\e376f236ea51e6404a007f0833ffe2c6e607c4080706a723a18a27aeea778392\windows-amd64\native-platform-file-events.dll
0x00007ffd1da90000 - 0x00007ffd1da9a000 	C:\Program Files\Microsoft\jdk-17.0.15.6-hotspot\bin\management.dll
0x00007ffd17db0000 - 0x00007ffd17dbb000 	C:\Program Files\Microsoft\jdk-17.0.15.6-hotspot\bin\management_ext.dll
0x00007ffd27ba0000 - 0x00007ffd27ba8000 	C:\Windows\System32\PSAPI.DLL
0x00007ffd25750000 - 0x00007ffd2576b000 	C:\Windows\SYSTEM32\CRYPTSP.dll
0x00007ffd24ef0000 - 0x00007ffd24f27000 	C:\Windows\system32\rsaenh.dll
0x00007ffd254a0000 - 0x00007ffd254c8000 	C:\Windows\SYSTEM32\USERENV.dll
0x00007ffd25730000 - 0x00007ffd2573c000 	C:\Windows\SYSTEM32\CRYPTBASE.dll
0x00007ffd24a40000 - 0x00007ffd24a6d000 	C:\Windows\SYSTEM32\IPHLPAPI.DLL
0x00007ffd27c90000 - 0x00007ffd27c99000 	C:\Windows\System32\NSI.dll
0x00007ffd1e6a0000 - 0x00007ffd1e6b9000 	C:\Windows\SYSTEM32\dhcpcsvc6.DLL
0x00007ffd1e5d0000 - 0x00007ffd1e5ef000 	C:\Windows\SYSTEM32\dhcpcsvc.DLL
0x00007ffd24a70000 - 0x00007ffd24b68000 	C:\Windows\SYSTEM32\DNSAPI.dll
0x00007ffd11d80000 - 0x00007ffd11d89000 	C:\Program Files\Microsoft\jdk-17.0.15.6-hotspot\bin\extnet.dll
0x00007ffd11cf0000 - 0x00007ffd11cfe000 	C:\Program Files\Microsoft\jdk-17.0.15.6-hotspot\bin\sunmscapi.dll
0x00007ffd26150000 - 0x00007ffd262b7000 	C:\Windows\System32\CRYPT32.dll
0x00007ffd25950000 - 0x00007ffd2597d000 	C:\Windows\SYSTEM32\ncrypt.dll
0x00007ffd25910000 - 0x00007ffd25947000 	C:\Windows\SYSTEM32\NTASN1.dll
0x00007ffcec1a0000 - 0x00007ffcec1a8000 	C:\Windows\system32\wshunix.dll

dbghelp: loaded successfully - version: 4.0.5 - missing functions: none
symbol engine: initialized successfully - sym options: 0x614 - pdb path: .;C:\Program Files\Microsoft\jdk-17.0.15.6-hotspot\bin;C:\Windows\SYSTEM32;C:\Windows\WinSxS\amd64_microsoft.windows.common-controls_6595b64144ccf1df_6.0.22621.5262_none_2712bde373830908;C:\Program Files\Microsoft\jdk-17.0.15.6-hotspot\bin\server;C:\Users\STUDENT\.gradle\native\68d5fa5c4cc2d200863cafc0d521ce42e7d3e7ee720ec0a83991735586a16f82\windows-amd64;C:\Users\STUDENT\.gradle\native\e376f236ea51e6404a007f0833ffe2c6e607c4080706a723a18a27aeea778392\windows-amd64

VM Arguments:
jvm_args: -XX:MaxMetaspaceSize=512m --add-opens=java.base/java.util=ALL-UNNAMED --add-opens=java.base/java.lang=ALL-UNNAMED --add-opens=java.base/java.lang.invoke=ALL-UNNAMED --add-opens=java.prefs/java.util.prefs=ALL-UNNAMED --add-opens=java.base/java.nio.charset=ALL-UNNAMED --add-opens=java.base/java.net=ALL-UNNAMED --add-opens=java.base/java.util.concurrent.atomic=ALL-UNNAMED -Xmx2048m -Dfile.encoding=utf8 -Duser.country=US -Duser.language=en -Duser.variant 
java_command: org.gradle.launcher.daemon.bootstrap.GradleDaemon 8.0.1
java_class_path (initial): C:\Users\STUDENT\.gradle\wrapper\dists\gradle-8.0.1-all\aro4hu1c3oeioove7l0i4i14o\gradle-8.0.1\lib\gradle-launcher-8.0.1.jar
Launcher Type: SUN_STANDARD

[Global flags]
     intx CICompilerCount                          = 4                                         {product} {ergonomic}
   size_t CompressedClassSpaceSize                 = 436207616                                 {product} {ergonomic}
     uint ConcGCThreads                            = 3                                         {product} {ergonomic}
     uint G1ConcRefinementThreads                  = 10                                        {product} {ergonomic}
   size_t G1HeapRegionSize                         = 1048576                                   {product} {ergonomic}
    uintx GCDrainStackTargetSize                   = 64                                        {product} {ergonomic}
   size_t InitialHeapSize                          = 264241152                                 {product} {ergonomic}
   size_t MarkStackSize                            = 4194304                                   {product} {ergonomic}
   size_t MaxHeapSize                              = 2147483648                                {product} {command line}
   size_t MaxMetaspaceSize                         = 536870912                                 {product} {command line}
   size_t MaxNewSize                               = 1287651328                                {product} {ergonomic}
   size_t MinHeapDeltaBytes                        = 1048576                                   {product} {ergonomic}
   size_t MinHeapSize                              = 8388608                                   {product} {ergonomic}
    uintx NonNMethodCodeHeapSize                   = 5839372                                {pd product} {ergonomic}
    uintx NonProfiledCodeHeapSize                  = 122909434                              {pd product} {ergonomic}
    uintx ProfiledCodeHeapSize                     = 122909434                              {pd product} {ergonomic}
    uintx ReservedCodeCacheSize                    = 251658240                              {pd product} {ergonomic}
     bool SegmentedCodeCache                       = true                                      {product} {ergonomic}
   size_t SoftMaxHeapSize                          = 2147483648                             {manageable} {ergonomic}
     bool UseCompressedClassPointers               = true                           {product lp64_product} {ergonomic}
     bool UseCompressedOops                        = true                           {product lp64_product} {ergonomic}
     bool UseG1GC                                  = true                                      {product} {ergonomic}
     bool UseLargePagesIndividualAllocation        = false                                  {pd product} {ergonomic}

Logging:
Log output configuration:
 #0: stdout all=warning uptime,level,tags
 #1: stderr all=off uptime,level,tags

Environment Variables:
JAVA_HOME=C:\Program Files\Java\jdk-21
PATH=C:\Program Files\Microsoft\jdk-17.0.15.6-hotspot\bin;C:\Program Files\Python312\Scripts\;C:\Program Files\Python312\;c:\Users\STUDENT\AppData\Local\Programs\cursor\resources\app\bin;C:\Program Files\Common Files\Oracle\Java\javapath;C:\Windows\system32;C:\Windows;C:\Windows\System32\Wbem;C:\Windows\System32\WindowsPowerShell\v1.0\;C:\Windows\System32\OpenSSH\;C:\Program Files\Git\cmd;C:\Program Files\Git\bin;C:\Users\STUDENT\AppData\Local\Microsoft\WindowsApps;C:\Program Files\Java\jdk-22;c:\Users\STUDENT\AppData\Local\Programs\cursor\resources\app\bin;c:\Users\STUDENT\AppData\Local\Programs\cursor\resources\app\bin;C:\Users\STUDENT\AppData\Roaming\Python\Python312\Scripts;C:\Program Files\MATLAB\R2024a\bin;C:\Program Files\Docker\Docker\resources\bin;C:\Users\STUDENT\Downloads\apache-maven-3.9.9\bin;C:\Program Files\CMake\bin;C:\Program Files\nodejs\;C:\ProgramData\chocolatey\bin;C:\Users\STUDENT\AppData\Local\Microsoft\WindowsApps;C:\Users\STUDENT\AppData\Local\Programs\Microsoft VS Code\bin;C:\Program Files\Java\jdk-22;C:\Program Files\JetBrains\IntelliJ IDEA Community Edition 2024.2.2\bin;;C:\msys64\ucrt64\bin;C:\Users\STUDENT\AppData\Local\Programs\cursor\resources\app\bin;C:\Users\STUDENT\AppData\Roaming\npm;C:\Users\STUDENT\AppData\Local\Android\Sdk\platform-tools;
USERNAME=MARLYN_MAYIENGA
OS=Windows_NT
PROCESSOR_IDENTIFIER=Intel64 Family 6 Model 186 Stepping 3, GenuineIntel
TMP=C:\Users\STUDENT\AppData\Local\Temp
TEMP=C:\Users\STUDENT\AppData\Local\Temp



Periodic native trim disabled


---------------  S Y S T E M  ---------------

OS:
 Windows 11 , 64 bit Build 22621 (10.0.22621.5262)
OS uptime: 4 days 18:11 hours
Hyper-V role detected

CPU: total 12 (initial active 12) (6 cores per cpu, 2 threads per core) family 6 model 186 stepping 3 microcode 0x4123, cx8, cmov, fxsr, ht, mmx, 3dnowpref, sse, sse2, sse3, ssse3, sse4.1, sse4.2, popcnt, lzcnt, tsc, tscinvbit, avx, avx2, aes, erms, clmul, bmi1, bmi2, adx, sha, fma, vzeroupper, clflush, clflushopt, clwb, hv
Processor Information for processor 0
  Max Mhz: 1700, Current Mhz: 1700, Mhz Limit: 1700
Processor Information for processor 1
  Max Mhz: 1700, Current Mhz: 1700, Mhz Limit: 1700
Processor Information for processor 2
  Max Mhz: 1700, Current Mhz: 1700, Mhz Limit: 1700
Processor Information for processor 3
  Max Mhz: 1700, Current Mhz: 1700, Mhz Limit: 1700
Processor Information for processor 4
  Max Mhz: 1700, Current Mhz: 1700, Mhz Limit: 1700
Processor Information for processor 5
  Max Mhz: 1700, Current Mhz: 1700, Mhz Limit: 1700
Processor Information for processor 6
  Max Mhz: 1700, Current Mhz: 1700, Mhz Limit: 1700
Processor Information for processor 7
  Max Mhz: 1700, Current Mhz: 1700, Mhz Limit: 1700
Processor Information for processor 8
  Max Mhz: 1700, Current Mhz: 1700, Mhz Limit: 1700
Processor Information for processor 9
  Max Mhz: 1700, Current Mhz: 1700, Mhz Limit: 1700
Processor Information for processor 10
  Max Mhz: 1700, Current Mhz: 1558, Mhz Limit: 1700
Processor Information for processor 11
  Max Mhz: 1700, Current Mhz: 1700, Mhz Limit: 1700

Memory: 4k page, system-wide physical 16016M (2041M free)
TotalPageFile size 65168M (AvailPageFile size 17M)
current process WorkingSet (physical memory assigned to process): 305M, peak: 315M
current process commit charge ("private bytes"): 352M, peak: 454M

vm_info: OpenJDK 64-Bit Server VM (17.0.15+6-LTS) for windows-amd64 JRE (17.0.15+6-LTS), built on Apr  9 2025 22:27:25 by "MicrosoftCorporation" with unknown MS VC++:1939

END.
