#
# There is insufficient memory for the Java Runtime Environment to continue.
# Native memory allocation (mmap) failed to map 264241152 bytes for G1 virtual space
# Possible reasons:
#   The system is out of physical RAM or swap space
#   The process is running with CompressedOops enabled, and the Java Heap may be blocking the growth of the native heap
# Possible solutions:
#   Reduce memory load on the system
#   Increase physical memory or swap space
#   Check if swap backing store is full
#   Decrease Java heap size (-Xmx/-Xms)
#   Decrease number of Java threads
#   Decrease Java thread stack sizes (-Xss)
#   Set larger code cache with -XX:ReservedCodeCacheSize=
#   JVM is running with Zero Based Compressed Oops mode in which the Java heap is
#     placed in the first 32GB address space. The Java Heap base address is the
#     maximum limit for the native heap growth. Please use -XX:HeapBaseMinAddress
#     to set the Java Heap base and to place the Java Heap above 32GB virtual address.
# This output file may be truncated or incomplete.
#
#  Out of Memory Error (os_windows.cpp:3600), pid=22212, tid=22136
#
# JRE version:  (21.0.4+8) (build )
# Java VM: Java HotSpot(TM) 64-Bit Server VM (21.0.4+8-LTS-274, mixed mode, sharing, tiered, compressed oops, compressed class ptrs, g1 gc, windows-amd64)
# No core dump will be written. Minidumps are not enabled by default on client versions of Windows
#

---------------  S U M M A R Y ------------

Command Line: org.jetbrains.kotlin.cli.jvm.K2JVMCompiler @C:\Users\STUDENT\Desktop\kit-wa\mobile\node_modules\@react-native\gradle-plugin\build\20250602_8782084778331087341.compiler.options

Host: 13th Gen Intel(R) Core(TM) i7-1355U, 12 cores, 15G,  Windows 11 , 64 bit Build 22621 (10.0.22621.5262)
Time: Mon Jun  2 17:54:05 2025 South Africa Standard Time elapsed time: 0.040358 seconds (0d 0h 0m 0s)

---------------  T H R E A D  ---------------

Current thread (0x000001e4c785fb80):  JavaThread "Unknown thread" [_thread_in_vm, id=22136, stack(0x0000003c3a200000,0x0000003c3a300000) (1024K)]

Stack: [0x0000003c3a200000,0x0000003c3a300000]
Native frames: (J=compiled Java code, j=interpreted, Vv=VM code, C=native code)
V  [jvm.dll+0x6c8e59]
V  [jvm.dll+0x853181]
V  [jvm.dll+0x8556ae]
V  [jvm.dll+0x855d83]
V  [jvm.dll+0x27d526]
V  [jvm.dll+0x6c55f5]
V  [jvm.dll+0x6ba17a]
V  [jvm.dll+0x352a8a]
V  [jvm.dll+0x35a6e6]
V  [jvm.dll+0x3acdae]
V  [jvm.dll+0x3ad058]
V  [jvm.dll+0x326dec]
V  [jvm.dll+0x32794b]
V  [jvm.dll+0x81c569]
V  [jvm.dll+0x3b9a11]
V  [jvm.dll+0x805948]
V  [jvm.dll+0x44ec5e]
V  [jvm.dll+0x450851]
C  [jli.dll+0x52a3]
C  [ucrtbase.dll+0x29333]
C  [KERNEL32.DLL+0x1259d]
C  [ntdll.dll+0x5af58]


---------------  P R O C E S S  ---------------

Threads class SMR info:
_java_thread_list=0x00007ffc9b076c08, length=0, elements={
}

Java Threads: ( => current thread )
Total: 0

Other Threads:
  0x000001e4c9ad0c20 WorkerThread "GC Thread#0"                     [id=25056, stack(0x0000003c3a300000,0x0000003c3a400000) (1024K)]
  0x000001e4c9ae2660 ConcurrentGCThread "G1 Main Marker"            [id=20924, stack(0x0000003c3a400000,0x0000003c3a500000) (1024K)]
  0x000001e4c9ae3160 WorkerThread "G1 Conc#0"                       [id=24404, stack(0x0000003c3a500000,0x0000003c3a600000) (1024K)]

[error occurred during error reporting (printing all threads), id 0xc0000005, EXCEPTION_ACCESS_VIOLATION (0xc0000005) at pc=0x00007ffc9a7e9577]
VM state: not at safepoint (not fully initialized)

VM Mutex/Monitor currently owned by a thread:  ([mutex/lock_event])
[0x00007ffc9b0e7f98] Heap_lock - owner thread: 0x000001e4c785fb80

Heap address: 0x0000000705a00000, size: 4006 MB, Compressed Oops mode: Zero based, Oop shift amount: 3

CDS archive(s) mapped at: [0x0000000000000000-0x0000000000000000-0x0000000000000000), size 0, SharedBaseAddress: 0x0000000800000000, ArchiveRelocationMode: 1.
Narrow klass base: 0x0000000000000000, Narrow klass shift: 0, Narrow klass range: 0x0

GC Precious Log:
 CardTable entry size: 512
 Card Set container configuration: InlinePtr #cards 4 size 8 Array Of Cards #cards 16 size 48 Howl #buckets 8 coarsen threshold 3686 Howl Bitmap #cards 512 size 80 coarsen threshold 460 Card regions per heap region 1 cards per card region 4096

Heap:
 garbage-first heap   total 0K, used 0K [0x0000000705a00000, 0x0000000800000000)
  region size 2048K, 0 young (0K), 0 survivors (0K)

[error occurred during error reporting (printing heap information), id 0xc0000005, EXCEPTION_ACCESS_VIOLATION (0xc0000005) at pc=0x00007ffc9abd1df9]
GC Heap History (0 events):
No events

Dll operation events (1 events):
Event: 0.023 Loaded shared library C:\Program Files\Java\jdk-21\bin\java.dll

Deoptimization events (0 events):
No events

Classes loaded (0 events):
No events

Classes unloaded (0 events):
No events

Classes redefined (0 events):
No events

Internal exceptions (0 events):
No events

ZGC Phase Switch (0 events):
No events

VM Operations (0 events):
No events

Events (0 events):
No events


Dynamic libraries:
0x00007ff7cef60000 - 0x00007ff7cef70000 	C:\Program Files\Java\jdk-21\bin\java.exe
0x00007ffd28e90000 - 0x00007ffd290a7000 	C:\Windows\SYSTEM32\ntdll.dll
0x00007ffd27bb0000 - 0x00007ffd27c74000 	C:\Windows\System32\KERNEL32.DLL
0x00007ffd262c0000 - 0x00007ffd26693000 	C:\Windows\System32\KERNELBASE.dll
0x00007ffd25f90000 - 0x00007ffd260a1000 	C:\Windows\System32\ucrtbase.dll
0x00007ffd1d520000 - 0x00007ffd1d53b000 	C:\Program Files\Java\jdk-21\bin\VCRUNTIME140.dll
0x00007ffcff630000 - 0x00007ffcff649000 	C:\Program Files\Java\jdk-21\bin\jli.dll
0x00007ffd27130000 - 0x00007ffd271e1000 	C:\Windows\System32\ADVAPI32.dll
0x00007ffd26b30000 - 0x00007ffd26bd7000 	C:\Windows\System32\msvcrt.dll
0x00007ffd27d40000 - 0x00007ffd27de7000 	C:\Windows\System32\sechost.dll
0x00007ffd268e0000 - 0x00007ffd26908000 	C:\Windows\System32\bcrypt.dll
0x00007ffd27e60000 - 0x00007ffd27f74000 	C:\Windows\System32\RPCRT4.dll
0x00007ffd26c60000 - 0x00007ffd26e11000 	C:\Windows\System32\USER32.dll
0x00007ffd26910000 - 0x00007ffd26936000 	C:\Windows\System32\win32u.dll
0x00007ffd27100000 - 0x00007ffd27129000 	C:\Windows\System32\GDI32.dll
0x00007ffd26940000 - 0x00007ffd26a62000 	C:\Windows\System32\gdi32full.dll
0x00007ffd260b0000 - 0x00007ffd2614a000 	C:\Windows\System32\msvcp_win.dll
0x00007ffd06860000 - 0x00007ffd06afb000 	C:\Windows\WinSxS\amd64_microsoft.windows.common-controls_6595b64144ccf1df_6.0.22621.5262_none_2712bde373830908\COMCTL32.dll
0x00007ffd1de80000 - 0x00007ffd1de8a000 	C:\Windows\SYSTEM32\VERSION.dll
0x00007ffd271f0000 - 0x00007ffd27221000 	C:\Windows\System32\IMM32.DLL
0x00007ffd1da80000 - 0x00007ffd1da8c000 	C:\Program Files\Java\jdk-21\bin\vcruntime140_1.dll
0x00007ffcf6450000 - 0x00007ffcf64de000 	C:\Program Files\Java\jdk-21\bin\msvcp140.dll
0x00007ffc9a4b0000 - 0x00007ffc9b1c3000 	C:\Program Files\Java\jdk-21\bin\server\jvm.dll
0x00007ffd26be0000 - 0x00007ffd26c51000 	C:\Windows\System32\WS2_32.dll
0x00007ffd258c0000 - 0x00007ffd2590d000 	C:\Windows\SYSTEM32\POWRPROF.dll
0x00007ffd22a10000 - 0x00007ffd22a44000 	C:\Windows\SYSTEM32\WINMM.dll
0x00007ffd258a0000 - 0x00007ffd258b3000 	C:\Windows\SYSTEM32\UMPDC.dll
0x00007ffd24f90000 - 0x00007ffd24fa8000 	C:\Windows\SYSTEM32\kernel.appcore.dll
0x00007ffd1ad90000 - 0x00007ffd1ad9a000 	C:\Program Files\Java\jdk-21\bin\jimage.dll
0x00007ffd23890000 - 0x00007ffd23ac2000 	C:\Windows\SYSTEM32\DBGHELP.DLL
0x00007ffd27f80000 - 0x00007ffd28313000 	C:\Windows\System32\combase.dll
0x00007ffd26e20000 - 0x00007ffd26ef7000 	C:\Windows\System32\OLEAUT32.dll
0x00007ffd11ee0000 - 0x00007ffd11f12000 	C:\Windows\SYSTEM32\dbgcore.DLL
0x00007ffd266a0000 - 0x00007ffd2671b000 	C:\Windows\System32\bcryptPrimitives.dll
0x00007ffd1d500000 - 0x00007ffd1d51f000 	C:\Program Files\Java\jdk-21\bin\java.dll

dbghelp: loaded successfully - version: 4.0.5 - missing functions: none
symbol engine: initialized successfully - sym options: 0x614 - pdb path: .;C:\Program Files\Java\jdk-21\bin;C:\Windows\SYSTEM32;C:\Windows\WinSxS\amd64_microsoft.windows.common-controls_6595b64144ccf1df_6.0.22621.5262_none_2712bde373830908;C:\Program Files\Java\jdk-21\bin\server

VM Arguments:
java_command: org.jetbrains.kotlin.cli.jvm.K2JVMCompiler @C:\Users\STUDENT\Desktop\kit-wa\mobile\node_modules\@react-native\gradle-plugin\build\20250602_8782084778331087341.compiler.options
java_class_path (initial): C:\Users\STUDENT\.gradle\caches\modules-2\files-2.1\org.jetbrains.kotlin\kotlin-compiler-embeddable\1.7.22\1a39d9a56c9d1618300cd3444f070a5399663403\kotlin-compiler-embeddable-1.7.22.jar;C:\Users\STUDENT\.gradle\caches\modules-2\files-2.1\org.jetbrains.kotlin\kotlin-reflect\1.7.22\e61a16c5c838d324529a6aa72dfb88ea98958a29\kotlin-reflect-1.7.22.jar;C:\Users\STUDENT\.gradle\caches\modules-2\files-2.1\org.jetbrains.kotlin\kotlin-stdlib\1.7.22\9fb43bccb6cf8cfaaf3776c75f5df4f052f09b72\kotlin-stdlib-1.7.22.jar;C:\Users\STUDENT\.gradle\caches\modules-2\files-2.1\org.jetbrains.kotlin\kotlin-script-runtime\1.7.22\703a4d56168f3517532bc04481e3c8b751f685cb\kotlin-script-runtime-1.7.22.jar;C:\Users\STUDENT\.gradle\caches\modules-2\files-2.1\org.jetbrains.kotlin\kotlin-daemon-embeddable\1.7.22\a4f231458e1bb6fffbb8e1224f97d20a3ecc9c83\kotlin-daemon-embeddable-1.7.22.jar;C:\Users\STUDENT\.gradle\caches\modules-2\files-2.1\org.jetbrains.intellij.deps\trove4j\1.0.20200330\3afb14d5f9ceb459d724e907a21145e8ff394f02\trove4j-1.0.20200330.jar;C:\Users\STUDENT\.gradle\caches\modules-2\files-2.1\net.java.dev.jna\jna\5.6.0\330f2244e9030119ab3030fc3fededc86713d9cc\jna-5.6.0.jar;C:\Users\STUDENT\.gradle\caches\modules-2\files-2.1\org.jetbrains.kotlin\kotlin-stdlib-common\1.7.22\5dd2c9dcf64c94b46cf4bdb6fa4035b9bb726e2e\kotlin-stdlib-common-1.7.22.jar;C:\Users\STUDENT\.gradle\caches\modules-2\files-2.1\org.jetbrains\annotations\13.0\919f0dfe192fb4e063e7dacadee7f8bb9a2672a9\annotations-13.0.jar
Launcher Type: SUN_STANDARD

[Global flags]
     intx CICompilerCount                          = 4                                         {product} {ergonomic}
     uint ConcGCThreads                            = 3                                         {product} {ergonomic}
     uint G1ConcRefinementThreads                  = 10                                        {product} {ergonomic}
   size_t G1HeapRegionSize                         = 2097152                                   {product} {ergonomic}
    uintx GCDrainStackTargetSize                   = 64                                        {product} {ergonomic}
   size_t InitialHeapSize                          = 264241152                                 {product} {ergonomic}
   size_t MarkStackSize                            = 4194304                                   {product} {ergonomic}
   size_t MaxHeapSize                              = 4200595456                                {product} {ergonomic}
   size_t MinHeapDeltaBytes                        = 2097152                                   {product} {ergonomic}
   size_t MinHeapSize                              = 8388608                                   {product} {ergonomic}
    uintx NonNMethodCodeHeapSize                   = 5839372                                {pd product} {ergonomic}
    uintx NonProfiledCodeHeapSize                  = 122909434                              {pd product} {ergonomic}
    uintx ProfiledCodeHeapSize                     = 122909434                              {pd product} {ergonomic}
    uintx ReservedCodeCacheSize                    = 251658240                              {pd product} {ergonomic}
     bool SegmentedCodeCache                       = true                                      {product} {ergonomic}
   size_t SoftMaxHeapSize                          = 4200595456                             {manageable} {ergonomic}
     bool UseCompressedOops                        = true                           {product lp64_product} {ergonomic}
     bool UseG1GC                                  = true                                      {product} {ergonomic}
     bool UseLargePagesIndividualAllocation        = false                                  {pd product} {ergonomic}

Logging:
Log output configuration:
 #0: stdout all=warning uptime,level,tags foldmultilines=false
 #1: stderr all=off uptime,level,tags foldmultilines=false

Environment Variables:
JAVA_HOME=C:\Program Files\Java\jdk-21
PATH=C:\Program Files\Microsoft\jdk-17.0.15.6-hotspot\bin;C:\Program Files\Python312\Scripts\;C:\Program Files\Python312\;c:\Users\STUDENT\AppData\Local\Programs\cursor\resources\app\bin;C:\Program Files\Common Files\Oracle\Java\javapath;C:\Windows\system32;C:\Windows;C:\Windows\System32\Wbem;C:\Windows\System32\WindowsPowerShell\v1.0\;C:\Windows\System32\OpenSSH\;C:\Program Files\Git\cmd;C:\Program Files\Git\bin;C:\Users\STUDENT\AppData\Local\Microsoft\WindowsApps;C:\Program Files\Java\jdk-22;c:\Users\STUDENT\AppData\Local\Programs\cursor\resources\app\bin;c:\Users\STUDENT\AppData\Local\Programs\cursor\resources\app\bin;C:\Users\STUDENT\AppData\Roaming\Python\Python312\Scripts;C:\Program Files\MATLAB\R2024a\bin;C:\Program Files\Docker\Docker\resources\bin;C:\Users\STUDENT\Downloads\apache-maven-3.9.9\bin;C:\Program Files\CMake\bin;C:\Program Files\nodejs\;C:\ProgramData\chocolatey\bin;C:\Users\STUDENT\AppData\Local\Microsoft\WindowsApps;C:\Users\STUDENT\AppData\Local\Programs\Microsoft VS Code\bin;C:\Program Files\Java\jdk-22;C:\Program Files\JetBrains\IntelliJ IDEA Community Edition 2024.2.2\bin;;C:\msys64\ucrt64\bin;C:\Users\STUDENT\AppData\Local\Programs\cursor\resources\app\bin;C:\Users\STUDENT\AppData\Roaming\npm;C:\Users\STUDENT\AppData\Local\Android\Sdk\platform-tools;
USERNAME=MARLYN_MAYIENGA
OS=Windows_NT
PROCESSOR_IDENTIFIER=Intel64 Family 6 Model 186 Stepping 3, GenuineIntel
TMP=C:\Users\STUDENT\AppData\Local\Temp
TEMP=C:\Users\STUDENT\AppData\Local\Temp




Periodic native trim disabled

---------------  S Y S T E M  ---------------

OS:
 Windows 11 , 64 bit Build 22621 (10.0.22621.5262)
OS uptime: 4 days 18:09 hours
Hyper-V role detected

CPU: total 12 (initial active 12) (6 cores per cpu, 2 threads per core) family 6 model 186 stepping 3 microcode 0x4123, cx8, cmov, fxsr, ht, mmx, 3dnowpref, sse, sse2, sse3, ssse3, sse4.1, sse4.2, popcnt, lzcnt, tsc, tscinvbit, avx, avx2, aes, erms, clmul, bmi1, bmi2, adx, sha, fma, vzeroupper, clflush, clflushopt, clwb, hv, serialize, rdtscp, rdpid, fsrm, f16c, cet_ibt, cet_ss
Processor Information for processor 0
  Max Mhz: 1700, Current Mhz: 1700, Mhz Limit: 1700
Processor Information for processor 1
  Max Mhz: 1700, Current Mhz: 1700, Mhz Limit: 1700
Processor Information for processor 2
  Max Mhz: 1700, Current Mhz: 1700, Mhz Limit: 1700
Processor Information for processor 3
  Max Mhz: 1700, Current Mhz: 1700, Mhz Limit: 1700
Processor Information for processor 4
  Max Mhz: 1700, Current Mhz: 1700, Mhz Limit: 1700
Processor Information for processor 5
  Max Mhz: 1700, Current Mhz: 1700, Mhz Limit: 1700
Processor Information for processor 6
  Max Mhz: 1700, Current Mhz: 1558, Mhz Limit: 1700
Processor Information for processor 7
  Max Mhz: 1700, Current Mhz: 1700, Mhz Limit: 1700
Processor Information for processor 8
  Max Mhz: 1700, Current Mhz: 1700, Mhz Limit: 1700
Processor Information for processor 9
  Max Mhz: 1700, Current Mhz: 1700, Mhz Limit: 1700
Processor Information for processor 10
  Max Mhz: 1700, Current Mhz: 1700, Mhz Limit: 1700
Processor Information for processor 11
  Max Mhz: 1700, Current Mhz: 1558, Mhz Limit: 1700

Memory: 4k page, system-wide physical 16016M (434M free)
TotalPageFile size 65168M (AvailPageFile size 200M)
current process WorkingSet (physical memory assigned to process): 11M, peak: 11M
current process commit charge ("private bytes"): 64M, peak: 316M

vm_info: Java HotSpot(TM) 64-Bit Server VM (21.0.4+8-LTS-274) for windows-amd64 JRE (21.0.4+8-LTS-274), built on 2024-06-05T05:23:33Z by "mach5one" with MS VC++ 17.6 (VS2022)

END.
